[2024-05-08T18:25:54.580+0000] {processor.py:161} INFO - Started process (PID=52) to work on /opt/airflow/dags/exchange_rate_pipeline.py
[2024-05-08T18:25:54.582+0000] {processor.py:830} INFO - Processing file /opt/airflow/dags/exchange_rate_pipeline.py for tasks to queue
[2024-05-08T18:25:54.586+0000] {logging_mixin.py:188} INFO - [2024-05-08T18:25:54.586+0000] {dagbag.py:545} INFO - Filling up the DagBag from /opt/airflow/dags/exchange_rate_pipeline.py
[2024-05-08T18:25:54.676+0000] {logging_mixin.py:188} INFO - [2024-05-08T18:25:54.666+0000] {dagbag.py:355} ERROR - Failed to import: /opt/airflow/dags/exchange_rate_pipeline.py
Traceback (most recent call last):
  File "/home/airflow/.local/lib/python3.12/site-packages/airflow/models/dagbag.py", line 351, in parse
    loader.exec_module(new_module)
  File "<frozen importlib._bootstrap_external>", line 995, in exec_module
  File "<frozen importlib._bootstrap>", line 488, in _call_with_frames_removed
  File "/opt/airflow/dags/exchange_rate_pipeline.py", line 7, in <module>
    from clean_data import clean_data
ModuleNotFoundError: No module named 'clean_data'
[2024-05-08T18:25:54.678+0000] {processor.py:842} WARNING - No viable dags retrieved from /opt/airflow/dags/exchange_rate_pipeline.py
[2024-05-08T18:25:55.141+0000] {processor.py:183} INFO - Processing /opt/airflow/dags/exchange_rate_pipeline.py took 0.576 seconds
[2024-05-08T18:26:25.966+0000] {processor.py:161} INFO - Started process (PID=69) to work on /opt/airflow/dags/exchange_rate_pipeline.py
[2024-05-08T18:26:25.968+0000] {processor.py:830} INFO - Processing file /opt/airflow/dags/exchange_rate_pipeline.py for tasks to queue
[2024-05-08T18:26:25.969+0000] {logging_mixin.py:188} INFO - [2024-05-08T18:26:25.969+0000] {dagbag.py:545} INFO - Filling up the DagBag from /opt/airflow/dags/exchange_rate_pipeline.py
[2024-05-08T18:26:26.004+0000] {logging_mixin.py:188} INFO - [2024-05-08T18:26:25.999+0000] {dagbag.py:355} ERROR - Failed to import: /opt/airflow/dags/exchange_rate_pipeline.py
Traceback (most recent call last):
  File "/home/airflow/.local/lib/python3.12/site-packages/airflow/models/dagbag.py", line 351, in parse
    loader.exec_module(new_module)
  File "<frozen importlib._bootstrap_external>", line 995, in exec_module
  File "<frozen importlib._bootstrap>", line 488, in _call_with_frames_removed
  File "/opt/airflow/dags/exchange_rate_pipeline.py", line 7, in <module>
    from clean_data import clean_data
ModuleNotFoundError: No module named 'clean_data'
[2024-05-08T18:26:26.007+0000] {processor.py:842} WARNING - No viable dags retrieved from /opt/airflow/dags/exchange_rate_pipeline.py
[2024-05-08T18:26:26.534+0000] {processor.py:183} INFO - Processing /opt/airflow/dags/exchange_rate_pipeline.py took 0.573 seconds
[2024-05-08T18:26:57.494+0000] {processor.py:161} INFO - Started process (PID=78) to work on /opt/airflow/dags/exchange_rate_pipeline.py
[2024-05-08T18:26:57.495+0000] {processor.py:830} INFO - Processing file /opt/airflow/dags/exchange_rate_pipeline.py for tasks to queue
[2024-05-08T18:26:57.497+0000] {logging_mixin.py:188} INFO - [2024-05-08T18:26:57.497+0000] {dagbag.py:545} INFO - Filling up the DagBag from /opt/airflow/dags/exchange_rate_pipeline.py
[2024-05-08T18:26:57.539+0000] {logging_mixin.py:188} INFO - [2024-05-08T18:26:57.531+0000] {dagbag.py:355} ERROR - Failed to import: /opt/airflow/dags/exchange_rate_pipeline.py
Traceback (most recent call last):
  File "/home/airflow/.local/lib/python3.12/site-packages/airflow/models/dagbag.py", line 351, in parse
    loader.exec_module(new_module)
  File "<frozen importlib._bootstrap_external>", line 995, in exec_module
  File "<frozen importlib._bootstrap>", line 488, in _call_with_frames_removed
  File "/opt/airflow/dags/exchange_rate_pipeline.py", line 7, in <module>
    from clean_data import clean_data
ModuleNotFoundError: No module named 'clean_data'
[2024-05-08T18:26:57.542+0000] {processor.py:842} WARNING - No viable dags retrieved from /opt/airflow/dags/exchange_rate_pipeline.py
[2024-05-08T18:26:57.583+0000] {processor.py:183} INFO - Processing /opt/airflow/dags/exchange_rate_pipeline.py took 0.097 seconds
[2024-05-08T18:27:28.396+0000] {processor.py:161} INFO - Started process (PID=87) to work on /opt/airflow/dags/exchange_rate_pipeline.py
[2024-05-08T18:27:28.397+0000] {processor.py:830} INFO - Processing file /opt/airflow/dags/exchange_rate_pipeline.py for tasks to queue
[2024-05-08T18:27:28.400+0000] {logging_mixin.py:188} INFO - [2024-05-08T18:27:28.400+0000] {dagbag.py:545} INFO - Filling up the DagBag from /opt/airflow/dags/exchange_rate_pipeline.py
[2024-05-08T18:27:28.445+0000] {logging_mixin.py:188} INFO - [2024-05-08T18:27:28.436+0000] {dagbag.py:355} ERROR - Failed to import: /opt/airflow/dags/exchange_rate_pipeline.py
Traceback (most recent call last):
  File "/home/airflow/.local/lib/python3.12/site-packages/airflow/models/dagbag.py", line 351, in parse
    loader.exec_module(new_module)
  File "<frozen importlib._bootstrap_external>", line 995, in exec_module
  File "<frozen importlib._bootstrap>", line 488, in _call_with_frames_removed
  File "/opt/airflow/dags/exchange_rate_pipeline.py", line 7, in <module>
    from clean_data import clean_data
ModuleNotFoundError: No module named 'clean_data'
[2024-05-08T18:27:28.447+0000] {processor.py:842} WARNING - No viable dags retrieved from /opt/airflow/dags/exchange_rate_pipeline.py
[2024-05-08T18:27:28.501+0000] {processor.py:183} INFO - Processing /opt/airflow/dags/exchange_rate_pipeline.py took 0.116 seconds
[2024-05-08T18:27:58.672+0000] {processor.py:161} INFO - Started process (PID=96) to work on /opt/airflow/dags/exchange_rate_pipeline.py
[2024-05-08T18:27:58.673+0000] {processor.py:830} INFO - Processing file /opt/airflow/dags/exchange_rate_pipeline.py for tasks to queue
[2024-05-08T18:27:58.675+0000] {logging_mixin.py:188} INFO - [2024-05-08T18:27:58.675+0000] {dagbag.py:545} INFO - Filling up the DagBag from /opt/airflow/dags/exchange_rate_pipeline.py
[2024-05-08T18:27:58.712+0000] {logging_mixin.py:188} INFO - [2024-05-08T18:27:58.706+0000] {dagbag.py:355} ERROR - Failed to import: /opt/airflow/dags/exchange_rate_pipeline.py
Traceback (most recent call last):
  File "/home/airflow/.local/lib/python3.12/site-packages/airflow/models/dagbag.py", line 351, in parse
    loader.exec_module(new_module)
  File "<frozen importlib._bootstrap_external>", line 995, in exec_module
  File "<frozen importlib._bootstrap>", line 488, in _call_with_frames_removed
  File "/opt/airflow/dags/exchange_rate_pipeline.py", line 7, in <module>
    from clean_data import clean_data
ModuleNotFoundError: No module named 'clean_data'
[2024-05-08T18:27:58.714+0000] {processor.py:842} WARNING - No viable dags retrieved from /opt/airflow/dags/exchange_rate_pipeline.py
[2024-05-08T18:27:58.767+0000] {processor.py:183} INFO - Processing /opt/airflow/dags/exchange_rate_pipeline.py took 0.101 seconds
[2024-05-08T18:28:29.420+0000] {processor.py:161} INFO - Started process (PID=105) to work on /opt/airflow/dags/exchange_rate_pipeline.py
[2024-05-08T18:28:29.421+0000] {processor.py:830} INFO - Processing file /opt/airflow/dags/exchange_rate_pipeline.py for tasks to queue
[2024-05-08T18:28:29.425+0000] {logging_mixin.py:188} INFO - [2024-05-08T18:28:29.424+0000] {dagbag.py:545} INFO - Filling up the DagBag from /opt/airflow/dags/exchange_rate_pipeline.py
[2024-05-08T18:28:29.477+0000] {logging_mixin.py:188} INFO - [2024-05-08T18:28:29.467+0000] {dagbag.py:355} ERROR - Failed to import: /opt/airflow/dags/exchange_rate_pipeline.py
Traceback (most recent call last):
  File "/home/airflow/.local/lib/python3.12/site-packages/airflow/models/dagbag.py", line 351, in parse
    loader.exec_module(new_module)
  File "<frozen importlib._bootstrap_external>", line 995, in exec_module
  File "<frozen importlib._bootstrap>", line 488, in _call_with_frames_removed
  File "/opt/airflow/dags/exchange_rate_pipeline.py", line 7, in <module>
    from clean_data import clean_data
ModuleNotFoundError: No module named 'clean_data'
[2024-05-08T18:28:29.480+0000] {processor.py:842} WARNING - No viable dags retrieved from /opt/airflow/dags/exchange_rate_pipeline.py
[2024-05-08T18:28:29.537+0000] {processor.py:183} INFO - Processing /opt/airflow/dags/exchange_rate_pipeline.py took 0.122 seconds
[2024-05-08T18:29:00.289+0000] {processor.py:161} INFO - Started process (PID=114) to work on /opt/airflow/dags/exchange_rate_pipeline.py
[2024-05-08T18:29:00.290+0000] {processor.py:830} INFO - Processing file /opt/airflow/dags/exchange_rate_pipeline.py for tasks to queue
[2024-05-08T18:29:00.293+0000] {logging_mixin.py:188} INFO - [2024-05-08T18:29:00.292+0000] {dagbag.py:545} INFO - Filling up the DagBag from /opt/airflow/dags/exchange_rate_pipeline.py
[2024-05-08T18:29:00.367+0000] {logging_mixin.py:188} INFO - [2024-05-08T18:29:00.359+0000] {dagbag.py:355} ERROR - Failed to import: /opt/airflow/dags/exchange_rate_pipeline.py
Traceback (most recent call last):
  File "/home/airflow/.local/lib/python3.12/site-packages/airflow/models/dagbag.py", line 351, in parse
    loader.exec_module(new_module)
  File "<frozen importlib._bootstrap_external>", line 995, in exec_module
  File "<frozen importlib._bootstrap>", line 488, in _call_with_frames_removed
  File "/opt/airflow/dags/exchange_rate_pipeline.py", line 7, in <module>
    from clean_data import clean_data
ModuleNotFoundError: No module named 'clean_data'
[2024-05-08T18:29:00.373+0000] {processor.py:842} WARNING - No viable dags retrieved from /opt/airflow/dags/exchange_rate_pipeline.py
[2024-05-08T18:29:00.424+0000] {processor.py:183} INFO - Processing /opt/airflow/dags/exchange_rate_pipeline.py took 0.144 seconds
[2024-05-08T18:29:30.611+0000] {processor.py:161} INFO - Started process (PID=123) to work on /opt/airflow/dags/exchange_rate_pipeline.py
[2024-05-08T18:29:30.612+0000] {processor.py:830} INFO - Processing file /opt/airflow/dags/exchange_rate_pipeline.py for tasks to queue
[2024-05-08T18:29:30.616+0000] {logging_mixin.py:188} INFO - [2024-05-08T18:29:30.615+0000] {dagbag.py:545} INFO - Filling up the DagBag from /opt/airflow/dags/exchange_rate_pipeline.py
[2024-05-08T18:29:30.667+0000] {logging_mixin.py:188} INFO - [2024-05-08T18:29:30.658+0000] {dagbag.py:355} ERROR - Failed to import: /opt/airflow/dags/exchange_rate_pipeline.py
Traceback (most recent call last):
  File "/home/airflow/.local/lib/python3.12/site-packages/airflow/models/dagbag.py", line 351, in parse
    loader.exec_module(new_module)
  File "<frozen importlib._bootstrap_external>", line 995, in exec_module
  File "<frozen importlib._bootstrap>", line 488, in _call_with_frames_removed
  File "/opt/airflow/dags/exchange_rate_pipeline.py", line 7, in <module>
    from clean_data import clean_data
ModuleNotFoundError: No module named 'clean_data'
[2024-05-08T18:29:30.672+0000] {processor.py:842} WARNING - No viable dags retrieved from /opt/airflow/dags/exchange_rate_pipeline.py
[2024-05-08T18:29:30.736+0000] {processor.py:183} INFO - Processing /opt/airflow/dags/exchange_rate_pipeline.py took 0.134 seconds
[2024-05-08T18:30:01.542+0000] {processor.py:161} INFO - Started process (PID=132) to work on /opt/airflow/dags/exchange_rate_pipeline.py
[2024-05-08T18:30:01.544+0000] {processor.py:830} INFO - Processing file /opt/airflow/dags/exchange_rate_pipeline.py for tasks to queue
[2024-05-08T18:30:01.546+0000] {logging_mixin.py:188} INFO - [2024-05-08T18:30:01.545+0000] {dagbag.py:545} INFO - Filling up the DagBag from /opt/airflow/dags/exchange_rate_pipeline.py
[2024-05-08T18:30:01.579+0000] {logging_mixin.py:188} INFO - [2024-05-08T18:30:01.573+0000] {dagbag.py:355} ERROR - Failed to import: /opt/airflow/dags/exchange_rate_pipeline.py
Traceback (most recent call last):
  File "/home/airflow/.local/lib/python3.12/site-packages/airflow/models/dagbag.py", line 351, in parse
    loader.exec_module(new_module)
  File "<frozen importlib._bootstrap_external>", line 995, in exec_module
  File "<frozen importlib._bootstrap>", line 488, in _call_with_frames_removed
  File "/opt/airflow/dags/exchange_rate_pipeline.py", line 7, in <module>
    from clean_data import clean_data
ModuleNotFoundError: No module named 'clean_data'
[2024-05-08T18:30:01.585+0000] {processor.py:842} WARNING - No viable dags retrieved from /opt/airflow/dags/exchange_rate_pipeline.py
[2024-05-08T18:30:01.642+0000] {processor.py:183} INFO - Processing /opt/airflow/dags/exchange_rate_pipeline.py took 0.109 seconds
[2024-05-08T18:30:31.898+0000] {processor.py:161} INFO - Started process (PID=141) to work on /opt/airflow/dags/exchange_rate_pipeline.py
[2024-05-08T18:30:31.899+0000] {processor.py:830} INFO - Processing file /opt/airflow/dags/exchange_rate_pipeline.py for tasks to queue
[2024-05-08T18:30:31.903+0000] {logging_mixin.py:188} INFO - [2024-05-08T18:30:31.902+0000] {dagbag.py:545} INFO - Filling up the DagBag from /opt/airflow/dags/exchange_rate_pipeline.py
[2024-05-08T18:30:31.942+0000] {logging_mixin.py:188} INFO - [2024-05-08T18:30:31.929+0000] {dagbag.py:355} ERROR - Failed to import: /opt/airflow/dags/exchange_rate_pipeline.py
Traceback (most recent call last):
  File "/home/airflow/.local/lib/python3.12/site-packages/airflow/models/dagbag.py", line 351, in parse
    loader.exec_module(new_module)
  File "<frozen importlib._bootstrap_external>", line 995, in exec_module
  File "<frozen importlib._bootstrap>", line 488, in _call_with_frames_removed
  File "/opt/airflow/dags/exchange_rate_pipeline.py", line 7, in <module>
    from clean_data import clean_data
ModuleNotFoundError: No module named 'clean_data'
[2024-05-08T18:30:31.948+0000] {processor.py:842} WARNING - No viable dags retrieved from /opt/airflow/dags/exchange_rate_pipeline.py
[2024-05-08T18:30:31.998+0000] {processor.py:183} INFO - Processing /opt/airflow/dags/exchange_rate_pipeline.py took 0.110 seconds
[2024-05-08T18:31:02.933+0000] {processor.py:161} INFO - Started process (PID=150) to work on /opt/airflow/dags/exchange_rate_pipeline.py
[2024-05-08T18:31:02.934+0000] {processor.py:830} INFO - Processing file /opt/airflow/dags/exchange_rate_pipeline.py for tasks to queue
[2024-05-08T18:31:02.938+0000] {logging_mixin.py:188} INFO - [2024-05-08T18:31:02.937+0000] {dagbag.py:545} INFO - Filling up the DagBag from /opt/airflow/dags/exchange_rate_pipeline.py
[2024-05-08T18:31:02.974+0000] {logging_mixin.py:188} INFO - [2024-05-08T18:31:02.967+0000] {dagbag.py:355} ERROR - Failed to import: /opt/airflow/dags/exchange_rate_pipeline.py
Traceback (most recent call last):
  File "/home/airflow/.local/lib/python3.12/site-packages/airflow/models/dagbag.py", line 351, in parse
    loader.exec_module(new_module)
  File "<frozen importlib._bootstrap_external>", line 995, in exec_module
  File "<frozen importlib._bootstrap>", line 488, in _call_with_frames_removed
  File "/opt/airflow/dags/exchange_rate_pipeline.py", line 7, in <module>
    from clean_data import clean_data
ModuleNotFoundError: No module named 'clean_data'
[2024-05-08T18:31:02.977+0000] {processor.py:842} WARNING - No viable dags retrieved from /opt/airflow/dags/exchange_rate_pipeline.py
[2024-05-08T18:31:03.028+0000] {processor.py:183} INFO - Processing /opt/airflow/dags/exchange_rate_pipeline.py took 0.101 seconds
[2024-05-08T18:31:33.748+0000] {processor.py:161} INFO - Started process (PID=159) to work on /opt/airflow/dags/exchange_rate_pipeline.py
[2024-05-08T18:31:33.749+0000] {processor.py:830} INFO - Processing file /opt/airflow/dags/exchange_rate_pipeline.py for tasks to queue
[2024-05-08T18:31:33.751+0000] {logging_mixin.py:188} INFO - [2024-05-08T18:31:33.751+0000] {dagbag.py:545} INFO - Filling up the DagBag from /opt/airflow/dags/exchange_rate_pipeline.py
[2024-05-08T18:31:33.784+0000] {logging_mixin.py:188} INFO - [2024-05-08T18:31:33.776+0000] {dagbag.py:355} ERROR - Failed to import: /opt/airflow/dags/exchange_rate_pipeline.py
Traceback (most recent call last):
  File "/home/airflow/.local/lib/python3.12/site-packages/airflow/models/dagbag.py", line 351, in parse
    loader.exec_module(new_module)
  File "<frozen importlib._bootstrap_external>", line 995, in exec_module
  File "<frozen importlib._bootstrap>", line 488, in _call_with_frames_removed
  File "/opt/airflow/dags/exchange_rate_pipeline.py", line 7, in <module>
    from clean_data import clean_data
ModuleNotFoundError: No module named 'clean_data'
[2024-05-08T18:31:33.787+0000] {processor.py:842} WARNING - No viable dags retrieved from /opt/airflow/dags/exchange_rate_pipeline.py
[2024-05-08T18:31:33.835+0000] {processor.py:183} INFO - Processing /opt/airflow/dags/exchange_rate_pipeline.py took 0.093 seconds
[2024-05-08T18:32:04.191+0000] {processor.py:161} INFO - Started process (PID=168) to work on /opt/airflow/dags/exchange_rate_pipeline.py
[2024-05-08T18:32:04.192+0000] {processor.py:830} INFO - Processing file /opt/airflow/dags/exchange_rate_pipeline.py for tasks to queue
[2024-05-08T18:32:04.194+0000] {logging_mixin.py:188} INFO - [2024-05-08T18:32:04.194+0000] {dagbag.py:545} INFO - Filling up the DagBag from /opt/airflow/dags/exchange_rate_pipeline.py
[2024-05-08T18:32:04.233+0000] {logging_mixin.py:188} INFO - [2024-05-08T18:32:04.226+0000] {dagbag.py:355} ERROR - Failed to import: /opt/airflow/dags/exchange_rate_pipeline.py
Traceback (most recent call last):
  File "/home/airflow/.local/lib/python3.12/site-packages/airflow/models/dagbag.py", line 351, in parse
    loader.exec_module(new_module)
  File "<frozen importlib._bootstrap_external>", line 995, in exec_module
  File "<frozen importlib._bootstrap>", line 488, in _call_with_frames_removed
  File "/opt/airflow/dags/exchange_rate_pipeline.py", line 7, in <module>
    from clean_data import clean_data
ModuleNotFoundError: No module named 'clean_data'
[2024-05-08T18:32:04.236+0000] {processor.py:842} WARNING - No viable dags retrieved from /opt/airflow/dags/exchange_rate_pipeline.py
[2024-05-08T18:32:04.300+0000] {processor.py:183} INFO - Processing /opt/airflow/dags/exchange_rate_pipeline.py took 0.116 seconds
[2024-05-08T18:32:34.903+0000] {processor.py:161} INFO - Started process (PID=177) to work on /opt/airflow/dags/exchange_rate_pipeline.py
[2024-05-08T18:32:34.905+0000] {processor.py:830} INFO - Processing file /opt/airflow/dags/exchange_rate_pipeline.py for tasks to queue
[2024-05-08T18:32:34.911+0000] {logging_mixin.py:188} INFO - [2024-05-08T18:32:34.910+0000] {dagbag.py:545} INFO - Filling up the DagBag from /opt/airflow/dags/exchange_rate_pipeline.py
[2024-05-08T18:32:34.949+0000] {logging_mixin.py:188} INFO - [2024-05-08T18:32:34.941+0000] {dagbag.py:355} ERROR - Failed to import: /opt/airflow/dags/exchange_rate_pipeline.py
Traceback (most recent call last):
  File "/home/airflow/.local/lib/python3.12/site-packages/airflow/models/dagbag.py", line 351, in parse
    loader.exec_module(new_module)
  File "<frozen importlib._bootstrap_external>", line 995, in exec_module
  File "<frozen importlib._bootstrap>", line 488, in _call_with_frames_removed
  File "/opt/airflow/dags/exchange_rate_pipeline.py", line 7, in <module>
    from clean_data import clean_data
ModuleNotFoundError: No module named 'clean_data'
[2024-05-08T18:32:34.951+0000] {processor.py:842} WARNING - No viable dags retrieved from /opt/airflow/dags/exchange_rate_pipeline.py
[2024-05-08T18:32:34.995+0000] {processor.py:183} INFO - Processing /opt/airflow/dags/exchange_rate_pipeline.py took 0.098 seconds
[2024-05-08T18:33:05.631+0000] {processor.py:161} INFO - Started process (PID=186) to work on /opt/airflow/dags/exchange_rate_pipeline.py
[2024-05-08T18:33:05.632+0000] {processor.py:830} INFO - Processing file /opt/airflow/dags/exchange_rate_pipeline.py for tasks to queue
[2024-05-08T18:33:05.635+0000] {logging_mixin.py:188} INFO - [2024-05-08T18:33:05.634+0000] {dagbag.py:545} INFO - Filling up the DagBag from /opt/airflow/dags/exchange_rate_pipeline.py
[2024-05-08T18:33:05.676+0000] {logging_mixin.py:188} INFO - [2024-05-08T18:33:05.668+0000] {dagbag.py:355} ERROR - Failed to import: /opt/airflow/dags/exchange_rate_pipeline.py
Traceback (most recent call last):
  File "/home/airflow/.local/lib/python3.12/site-packages/airflow/models/dagbag.py", line 351, in parse
    loader.exec_module(new_module)
  File "<frozen importlib._bootstrap_external>", line 995, in exec_module
  File "<frozen importlib._bootstrap>", line 488, in _call_with_frames_removed
  File "/opt/airflow/dags/exchange_rate_pipeline.py", line 7, in <module>
    from clean_data import clean_data
ModuleNotFoundError: No module named 'clean_data'
[2024-05-08T18:33:05.680+0000] {processor.py:842} WARNING - No viable dags retrieved from /opt/airflow/dags/exchange_rate_pipeline.py
[2024-05-08T18:33:05.731+0000] {processor.py:183} INFO - Processing /opt/airflow/dags/exchange_rate_pipeline.py took 0.113 seconds
[2024-05-08T18:33:36.323+0000] {processor.py:161} INFO - Started process (PID=195) to work on /opt/airflow/dags/exchange_rate_pipeline.py
[2024-05-08T18:33:36.324+0000] {processor.py:830} INFO - Processing file /opt/airflow/dags/exchange_rate_pipeline.py for tasks to queue
[2024-05-08T18:33:36.326+0000] {logging_mixin.py:188} INFO - [2024-05-08T18:33:36.325+0000] {dagbag.py:545} INFO - Filling up the DagBag from /opt/airflow/dags/exchange_rate_pipeline.py
[2024-05-08T18:33:36.368+0000] {logging_mixin.py:188} INFO - [2024-05-08T18:33:36.361+0000] {dagbag.py:355} ERROR - Failed to import: /opt/airflow/dags/exchange_rate_pipeline.py
Traceback (most recent call last):
  File "/home/airflow/.local/lib/python3.12/site-packages/airflow/models/dagbag.py", line 351, in parse
    loader.exec_module(new_module)
  File "<frozen importlib._bootstrap_external>", line 995, in exec_module
  File "<frozen importlib._bootstrap>", line 488, in _call_with_frames_removed
  File "/opt/airflow/dags/exchange_rate_pipeline.py", line 7, in <module>
    from clean_data import clean_data
ModuleNotFoundError: No module named 'clean_data'
[2024-05-08T18:33:36.373+0000] {processor.py:842} WARNING - No viable dags retrieved from /opt/airflow/dags/exchange_rate_pipeline.py
[2024-05-08T18:33:36.424+0000] {processor.py:183} INFO - Processing /opt/airflow/dags/exchange_rate_pipeline.py took 0.108 seconds
[2024-05-08T18:34:08.101+0000] {processor.py:161} INFO - Started process (PID=204) to work on /opt/airflow/dags/exchange_rate_pipeline.py
[2024-05-08T18:34:08.103+0000] {processor.py:830} INFO - Processing file /opt/airflow/dags/exchange_rate_pipeline.py for tasks to queue
[2024-05-08T18:34:08.107+0000] {logging_mixin.py:188} INFO - [2024-05-08T18:34:08.106+0000] {dagbag.py:545} INFO - Filling up the DagBag from /opt/airflow/dags/exchange_rate_pipeline.py
[2024-05-08T18:34:08.145+0000] {logging_mixin.py:188} INFO - [2024-05-08T18:34:08.139+0000] {dagbag.py:355} ERROR - Failed to import: /opt/airflow/dags/exchange_rate_pipeline.py
Traceback (most recent call last):
  File "/home/airflow/.local/lib/python3.12/site-packages/airflow/models/dagbag.py", line 351, in parse
    loader.exec_module(new_module)
  File "<frozen importlib._bootstrap_external>", line 995, in exec_module
  File "<frozen importlib._bootstrap>", line 488, in _call_with_frames_removed
  File "/opt/airflow/dags/exchange_rate_pipeline.py", line 7, in <module>
    from clean_data import clean_data
ModuleNotFoundError: No module named 'clean_data'
[2024-05-08T18:34:08.147+0000] {processor.py:842} WARNING - No viable dags retrieved from /opt/airflow/dags/exchange_rate_pipeline.py
[2024-05-08T18:34:08.201+0000] {processor.py:183} INFO - Processing /opt/airflow/dags/exchange_rate_pipeline.py took 0.107 seconds
[2024-05-08T18:34:38.969+0000] {processor.py:161} INFO - Started process (PID=213) to work on /opt/airflow/dags/exchange_rate_pipeline.py
[2024-05-08T18:34:38.970+0000] {processor.py:830} INFO - Processing file /opt/airflow/dags/exchange_rate_pipeline.py for tasks to queue
[2024-05-08T18:34:38.973+0000] {logging_mixin.py:188} INFO - [2024-05-08T18:34:38.972+0000] {dagbag.py:545} INFO - Filling up the DagBag from /opt/airflow/dags/exchange_rate_pipeline.py
[2024-05-08T18:34:39.014+0000] {logging_mixin.py:188} INFO - [2024-05-08T18:34:39.006+0000] {dagbag.py:355} ERROR - Failed to import: /opt/airflow/dags/exchange_rate_pipeline.py
Traceback (most recent call last):
  File "/home/airflow/.local/lib/python3.12/site-packages/airflow/models/dagbag.py", line 351, in parse
    loader.exec_module(new_module)
  File "<frozen importlib._bootstrap_external>", line 995, in exec_module
  File "<frozen importlib._bootstrap>", line 488, in _call_with_frames_removed
  File "/opt/airflow/dags/exchange_rate_pipeline.py", line 7, in <module>
    from clean_data import clean_data
ModuleNotFoundError: No module named 'clean_data'
[2024-05-08T18:34:39.019+0000] {processor.py:842} WARNING - No viable dags retrieved from /opt/airflow/dags/exchange_rate_pipeline.py
[2024-05-08T18:34:39.068+0000] {processor.py:183} INFO - Processing /opt/airflow/dags/exchange_rate_pipeline.py took 0.106 seconds
[2024-05-08T18:35:09.543+0000] {processor.py:161} INFO - Started process (PID=222) to work on /opt/airflow/dags/exchange_rate_pipeline.py
[2024-05-08T18:35:09.544+0000] {processor.py:830} INFO - Processing file /opt/airflow/dags/exchange_rate_pipeline.py for tasks to queue
[2024-05-08T18:35:09.548+0000] {logging_mixin.py:188} INFO - [2024-05-08T18:35:09.546+0000] {dagbag.py:545} INFO - Filling up the DagBag from /opt/airflow/dags/exchange_rate_pipeline.py
[2024-05-08T18:35:09.593+0000] {logging_mixin.py:188} INFO - [2024-05-08T18:35:09.588+0000] {dagbag.py:355} ERROR - Failed to import: /opt/airflow/dags/exchange_rate_pipeline.py
Traceback (most recent call last):
  File "/home/airflow/.local/lib/python3.12/site-packages/airflow/models/dagbag.py", line 351, in parse
    loader.exec_module(new_module)
  File "<frozen importlib._bootstrap_external>", line 995, in exec_module
  File "<frozen importlib._bootstrap>", line 488, in _call_with_frames_removed
  File "/opt/airflow/dags/exchange_rate_pipeline.py", line 7, in <module>
    from clean_data import clean_data
ModuleNotFoundError: No module named 'clean_data'
[2024-05-08T18:35:09.595+0000] {processor.py:842} WARNING - No viable dags retrieved from /opt/airflow/dags/exchange_rate_pipeline.py
[2024-05-08T18:35:09.648+0000] {processor.py:183} INFO - Processing /opt/airflow/dags/exchange_rate_pipeline.py took 0.113 seconds
[2024-05-08T18:35:45.700+0000] {processor.py:161} INFO - Started process (PID=52) to work on /opt/airflow/dags/exchange_rate_pipeline.py
[2024-05-08T18:35:45.701+0000] {processor.py:830} INFO - Processing file /opt/airflow/dags/exchange_rate_pipeline.py for tasks to queue
[2024-05-08T18:35:45.703+0000] {logging_mixin.py:188} INFO - [2024-05-08T18:35:45.703+0000] {dagbag.py:545} INFO - Filling up the DagBag from /opt/airflow/dags/exchange_rate_pipeline.py
[2024-05-08T18:35:45.736+0000] {logging_mixin.py:188} INFO - [2024-05-08T18:35:45.729+0000] {dagbag.py:355} ERROR - Failed to import: /opt/airflow/dags/exchange_rate_pipeline.py
Traceback (most recent call last):
  File "/home/airflow/.local/lib/python3.12/site-packages/airflow/models/dagbag.py", line 351, in parse
    loader.exec_module(new_module)
  File "<frozen importlib._bootstrap_external>", line 995, in exec_module
  File "<frozen importlib._bootstrap>", line 488, in _call_with_frames_removed
  File "/opt/airflow/dags/exchange_rate_pipeline.py", line 7, in <module>
    from clean_data import clean_data
ModuleNotFoundError: No module named 'clean_data'
[2024-05-08T18:35:45.738+0000] {processor.py:842} WARNING - No viable dags retrieved from /opt/airflow/dags/exchange_rate_pipeline.py
[2024-05-08T18:35:45.778+0000] {processor.py:183} INFO - Processing /opt/airflow/dags/exchange_rate_pipeline.py took 0.085 seconds
[2024-05-08T18:36:16.649+0000] {processor.py:161} INFO - Started process (PID=80) to work on /opt/airflow/dags/exchange_rate_pipeline.py
[2024-05-08T18:36:16.650+0000] {processor.py:830} INFO - Processing file /opt/airflow/dags/exchange_rate_pipeline.py for tasks to queue
[2024-05-08T18:36:16.652+0000] {logging_mixin.py:188} INFO - [2024-05-08T18:36:16.652+0000] {dagbag.py:545} INFO - Filling up the DagBag from /opt/airflow/dags/exchange_rate_pipeline.py
[2024-05-08T18:36:16.691+0000] {logging_mixin.py:188} INFO - [2024-05-08T18:36:16.685+0000] {dagbag.py:355} ERROR - Failed to import: /opt/airflow/dags/exchange_rate_pipeline.py
Traceback (most recent call last):
  File "/home/airflow/.local/lib/python3.12/site-packages/airflow/models/dagbag.py", line 351, in parse
    loader.exec_module(new_module)
  File "<frozen importlib._bootstrap_external>", line 995, in exec_module
  File "<frozen importlib._bootstrap>", line 488, in _call_with_frames_removed
  File "/opt/airflow/dags/exchange_rate_pipeline.py", line 7, in <module>
    from clean_data import clean_data
ModuleNotFoundError: No module named 'clean_data'
[2024-05-08T18:36:16.694+0000] {processor.py:842} WARNING - No viable dags retrieved from /opt/airflow/dags/exchange_rate_pipeline.py
[2024-05-08T18:36:16.749+0000] {processor.py:183} INFO - Processing /opt/airflow/dags/exchange_rate_pipeline.py took 0.105 seconds
[2024-05-08T18:36:47.229+0000] {processor.py:161} INFO - Started process (PID=89) to work on /opt/airflow/dags/exchange_rate_pipeline.py
[2024-05-08T18:36:47.231+0000] {processor.py:830} INFO - Processing file /opt/airflow/dags/exchange_rate_pipeline.py for tasks to queue
[2024-05-08T18:36:47.232+0000] {logging_mixin.py:188} INFO - [2024-05-08T18:36:47.232+0000] {dagbag.py:545} INFO - Filling up the DagBag from /opt/airflow/dags/exchange_rate_pipeline.py
[2024-05-08T18:36:47.268+0000] {logging_mixin.py:188} INFO - [2024-05-08T18:36:47.262+0000] {dagbag.py:355} ERROR - Failed to import: /opt/airflow/dags/exchange_rate_pipeline.py
Traceback (most recent call last):
  File "/home/airflow/.local/lib/python3.12/site-packages/airflow/models/dagbag.py", line 351, in parse
    loader.exec_module(new_module)
  File "<frozen importlib._bootstrap_external>", line 995, in exec_module
  File "<frozen importlib._bootstrap>", line 488, in _call_with_frames_removed
  File "/opt/airflow/dags/exchange_rate_pipeline.py", line 7, in <module>
    from clean_data import clean_data
ModuleNotFoundError: No module named 'clean_data'
[2024-05-08T18:36:47.271+0000] {processor.py:842} WARNING - No viable dags retrieved from /opt/airflow/dags/exchange_rate_pipeline.py
[2024-05-08T18:36:47.725+0000] {processor.py:183} INFO - Processing /opt/airflow/dags/exchange_rate_pipeline.py took 0.505 seconds
[2024-05-08T18:37:19.422+0000] {processor.py:161} INFO - Started process (PID=98) to work on /opt/airflow/dags/exchange_rate_pipeline.py
[2024-05-08T18:37:19.424+0000] {processor.py:830} INFO - Processing file /opt/airflow/dags/exchange_rate_pipeline.py for tasks to queue
[2024-05-08T18:37:19.429+0000] {logging_mixin.py:188} INFO - [2024-05-08T18:37:19.427+0000] {dagbag.py:545} INFO - Filling up the DagBag from /opt/airflow/dags/exchange_rate_pipeline.py
[2024-05-08T18:37:19.990+0000] {processor.py:840} INFO - DAG(s) 'exchange_rate_etl' retrieved from /opt/airflow/dags/exchange_rate_pipeline.py
[2024-05-08T18:37:20.824+0000] {logging_mixin.py:188} INFO - [2024-05-08T18:37:20.823+0000] {override.py:1829} INFO - Created Permission View: can read on DAG:exchange_rate_etl
[2024-05-08T18:37:21.197+0000] {logging_mixin.py:188} INFO - [2024-05-08T18:37:21.196+0000] {override.py:1829} INFO - Created Permission View: can delete on DAG:exchange_rate_etl
[2024-05-08T18:37:21.516+0000] {logging_mixin.py:188} INFO - [2024-05-08T18:37:21.516+0000] {override.py:1829} INFO - Created Permission View: can edit on DAG:exchange_rate_etl
[2024-05-08T18:37:21.518+0000] {logging_mixin.py:188} INFO - [2024-05-08T18:37:21.517+0000] {dag.py:3096} INFO - Sync 1 DAGs
[2024-05-08T18:37:22.416+0000] {logging_mixin.py:188} INFO - [2024-05-08T18:37:22.416+0000] {dag.py:3118} INFO - Creating ORM DAG for exchange_rate_etl
[2024-05-08T18:37:23.898+0000] {logging_mixin.py:188} INFO - [2024-05-08T18:37:23.897+0000] {dag.py:3954} INFO - Setting next_dagrun for exchange_rate_etl to None, run_after=None
[2024-05-08T18:37:24.954+0000] {processor.py:183} INFO - Processing /opt/airflow/dags/exchange_rate_pipeline.py took 5.541 seconds
[2024-05-08T18:37:56.486+0000] {processor.py:161} INFO - Started process (PID=108) to work on /opt/airflow/dags/exchange_rate_pipeline.py
[2024-05-08T18:37:56.491+0000] {processor.py:830} INFO - Processing file /opt/airflow/dags/exchange_rate_pipeline.py for tasks to queue
[2024-05-08T18:37:56.496+0000] {logging_mixin.py:188} INFO - [2024-05-08T18:37:56.495+0000] {dagbag.py:545} INFO - Filling up the DagBag from /opt/airflow/dags/exchange_rate_pipeline.py
[2024-05-08T18:37:57.357+0000] {processor.py:840} INFO - DAG(s) 'exchange_rate_etl' retrieved from /opt/airflow/dags/exchange_rate_pipeline.py
[2024-05-08T18:37:58.731+0000] {logging_mixin.py:188} INFO - [2024-05-08T18:37:58.730+0000] {dag.py:3096} INFO - Sync 1 DAGs
[2024-05-08T18:37:59.707+0000] {logging_mixin.py:188} INFO - [2024-05-08T18:37:59.705+0000] {dag.py:3954} INFO - Setting next_dagrun for exchange_rate_etl to None, run_after=None
[2024-05-08T18:38:02.683+0000] {processor.py:183} INFO - Processing /opt/airflow/dags/exchange_rate_pipeline.py took 6.219 seconds
[2024-05-08T18:38:32.851+0000] {processor.py:161} INFO - Started process (PID=118) to work on /opt/airflow/dags/exchange_rate_pipeline.py
[2024-05-08T18:38:32.853+0000] {processor.py:830} INFO - Processing file /opt/airflow/dags/exchange_rate_pipeline.py for tasks to queue
[2024-05-08T18:38:32.861+0000] {logging_mixin.py:188} INFO - [2024-05-08T18:38:32.860+0000] {dagbag.py:545} INFO - Filling up the DagBag from /opt/airflow/dags/exchange_rate_pipeline.py
[2024-05-08T18:38:33.581+0000] {processor.py:840} INFO - DAG(s) 'exchange_rate_etl' retrieved from /opt/airflow/dags/exchange_rate_pipeline.py
[2024-05-08T18:38:33.663+0000] {logging_mixin.py:188} INFO - [2024-05-08T18:38:33.663+0000] {dag.py:3096} INFO - Sync 1 DAGs
[2024-05-08T18:38:34.400+0000] {logging_mixin.py:188} INFO - [2024-05-08T18:38:34.399+0000] {dag.py:3954} INFO - Setting next_dagrun for exchange_rate_etl to None, run_after=None
[2024-05-08T18:38:35.576+0000] {processor.py:183} INFO - Processing /opt/airflow/dags/exchange_rate_pipeline.py took 2.734 seconds
[2024-05-08T18:39:06.577+0000] {processor.py:161} INFO - Started process (PID=128) to work on /opt/airflow/dags/exchange_rate_pipeline.py
[2024-05-08T18:39:06.578+0000] {processor.py:830} INFO - Processing file /opt/airflow/dags/exchange_rate_pipeline.py for tasks to queue
[2024-05-08T18:39:06.581+0000] {logging_mixin.py:188} INFO - [2024-05-08T18:39:06.580+0000] {dagbag.py:545} INFO - Filling up the DagBag from /opt/airflow/dags/exchange_rate_pipeline.py
[2024-05-08T18:39:07.018+0000] {processor.py:840} INFO - DAG(s) 'exchange_rate_etl' retrieved from /opt/airflow/dags/exchange_rate_pipeline.py
[2024-05-08T18:39:07.057+0000] {logging_mixin.py:188} INFO - [2024-05-08T18:39:07.057+0000] {dag.py:3096} INFO - Sync 1 DAGs
[2024-05-08T18:39:07.096+0000] {logging_mixin.py:188} INFO - [2024-05-08T18:39:07.096+0000] {dag.py:3954} INFO - Setting next_dagrun for exchange_rate_etl to None, run_after=None
[2024-05-08T18:39:07.382+0000] {processor.py:183} INFO - Processing /opt/airflow/dags/exchange_rate_pipeline.py took 0.818 seconds
[2024-05-08T18:39:37.695+0000] {processor.py:161} INFO - Started process (PID=138) to work on /opt/airflow/dags/exchange_rate_pipeline.py
[2024-05-08T18:39:37.696+0000] {processor.py:830} INFO - Processing file /opt/airflow/dags/exchange_rate_pipeline.py for tasks to queue
[2024-05-08T18:39:37.698+0000] {logging_mixin.py:188} INFO - [2024-05-08T18:39:37.698+0000] {dagbag.py:545} INFO - Filling up the DagBag from /opt/airflow/dags/exchange_rate_pipeline.py
[2024-05-08T18:39:38.186+0000] {processor.py:840} INFO - DAG(s) 'exchange_rate_etl' retrieved from /opt/airflow/dags/exchange_rate_pipeline.py
[2024-05-08T18:39:38.219+0000] {logging_mixin.py:188} INFO - [2024-05-08T18:39:38.218+0000] {dag.py:3096} INFO - Sync 1 DAGs
[2024-05-08T18:39:38.263+0000] {logging_mixin.py:188} INFO - [2024-05-08T18:39:38.263+0000] {dag.py:3954} INFO - Setting next_dagrun for exchange_rate_etl to None, run_after=None
[2024-05-08T18:39:38.353+0000] {processor.py:183} INFO - Processing /opt/airflow/dags/exchange_rate_pipeline.py took 0.664 seconds
[2024-05-08T18:40:08.882+0000] {processor.py:161} INFO - Started process (PID=148) to work on /opt/airflow/dags/exchange_rate_pipeline.py
[2024-05-08T18:40:08.883+0000] {processor.py:830} INFO - Processing file /opt/airflow/dags/exchange_rate_pipeline.py for tasks to queue
[2024-05-08T18:40:08.886+0000] {logging_mixin.py:188} INFO - [2024-05-08T18:40:08.885+0000] {dagbag.py:545} INFO - Filling up the DagBag from /opt/airflow/dags/exchange_rate_pipeline.py
[2024-05-08T18:40:09.319+0000] {processor.py:840} INFO - DAG(s) 'exchange_rate_etl' retrieved from /opt/airflow/dags/exchange_rate_pipeline.py
[2024-05-08T18:40:09.359+0000] {logging_mixin.py:188} INFO - [2024-05-08T18:40:09.358+0000] {dag.py:3096} INFO - Sync 1 DAGs
[2024-05-08T18:40:09.392+0000] {logging_mixin.py:188} INFO - [2024-05-08T18:40:09.392+0000] {dag.py:3954} INFO - Setting next_dagrun for exchange_rate_etl to None, run_after=None
[2024-05-08T18:40:09.480+0000] {processor.py:183} INFO - Processing /opt/airflow/dags/exchange_rate_pipeline.py took 0.604 seconds
[2024-05-08T18:40:40.558+0000] {processor.py:161} INFO - Started process (PID=158) to work on /opt/airflow/dags/exchange_rate_pipeline.py
[2024-05-08T18:40:40.560+0000] {processor.py:830} INFO - Processing file /opt/airflow/dags/exchange_rate_pipeline.py for tasks to queue
[2024-05-08T18:40:40.561+0000] {logging_mixin.py:188} INFO - [2024-05-08T18:40:40.561+0000] {dagbag.py:545} INFO - Filling up the DagBag from /opt/airflow/dags/exchange_rate_pipeline.py
[2024-05-08T18:40:41.171+0000] {processor.py:840} INFO - DAG(s) 'exchange_rate_etl' retrieved from /opt/airflow/dags/exchange_rate_pipeline.py
[2024-05-08T18:40:41.204+0000] {logging_mixin.py:188} INFO - [2024-05-08T18:40:41.204+0000] {dag.py:3096} INFO - Sync 1 DAGs
[2024-05-08T18:40:41.238+0000] {logging_mixin.py:188} INFO - [2024-05-08T18:40:41.238+0000] {dag.py:3954} INFO - Setting next_dagrun for exchange_rate_etl to None, run_after=None
[2024-05-08T18:40:41.328+0000] {processor.py:183} INFO - Processing /opt/airflow/dags/exchange_rate_pipeline.py took 0.776 seconds
[2024-05-08T18:41:12.162+0000] {processor.py:161} INFO - Started process (PID=168) to work on /opt/airflow/dags/exchange_rate_pipeline.py
[2024-05-08T18:41:12.163+0000] {processor.py:830} INFO - Processing file /opt/airflow/dags/exchange_rate_pipeline.py for tasks to queue
[2024-05-08T18:41:12.165+0000] {logging_mixin.py:188} INFO - [2024-05-08T18:41:12.165+0000] {dagbag.py:545} INFO - Filling up the DagBag from /opt/airflow/dags/exchange_rate_pipeline.py
[2024-05-08T18:41:12.544+0000] {processor.py:840} INFO - DAG(s) 'exchange_rate_etl' retrieved from /opt/airflow/dags/exchange_rate_pipeline.py
[2024-05-08T18:41:12.577+0000] {logging_mixin.py:188} INFO - [2024-05-08T18:41:12.577+0000] {dag.py:3096} INFO - Sync 1 DAGs
[2024-05-08T18:41:12.609+0000] {logging_mixin.py:188} INFO - [2024-05-08T18:41:12.608+0000] {dag.py:3954} INFO - Setting next_dagrun for exchange_rate_etl to None, run_after=None
[2024-05-08T18:41:12.683+0000] {processor.py:183} INFO - Processing /opt/airflow/dags/exchange_rate_pipeline.py took 0.527 seconds
[2024-05-08T18:41:43.103+0000] {processor.py:161} INFO - Started process (PID=178) to work on /opt/airflow/dags/exchange_rate_pipeline.py
[2024-05-08T18:41:43.105+0000] {processor.py:830} INFO - Processing file /opt/airflow/dags/exchange_rate_pipeline.py for tasks to queue
[2024-05-08T18:41:43.108+0000] {logging_mixin.py:188} INFO - [2024-05-08T18:41:43.108+0000] {dagbag.py:545} INFO - Filling up the DagBag from /opt/airflow/dags/exchange_rate_pipeline.py
[2024-05-08T18:41:43.775+0000] {processor.py:840} INFO - DAG(s) 'exchange_rate_etl' retrieved from /opt/airflow/dags/exchange_rate_pipeline.py
[2024-05-08T18:41:43.827+0000] {logging_mixin.py:188} INFO - [2024-05-08T18:41:43.826+0000] {dag.py:3096} INFO - Sync 1 DAGs
[2024-05-08T18:41:43.878+0000] {logging_mixin.py:188} INFO - [2024-05-08T18:41:43.878+0000] {dag.py:3954} INFO - Setting next_dagrun for exchange_rate_etl to None, run_after=None
[2024-05-08T18:41:44.228+0000] {processor.py:183} INFO - Processing /opt/airflow/dags/exchange_rate_pipeline.py took 1.137 seconds
[2024-05-08T18:42:14.413+0000] {processor.py:161} INFO - Started process (PID=188) to work on /opt/airflow/dags/exchange_rate_pipeline.py
[2024-05-08T18:42:14.415+0000] {processor.py:830} INFO - Processing file /opt/airflow/dags/exchange_rate_pipeline.py for tasks to queue
[2024-05-08T18:42:14.418+0000] {logging_mixin.py:188} INFO - [2024-05-08T18:42:14.417+0000] {dagbag.py:545} INFO - Filling up the DagBag from /opt/airflow/dags/exchange_rate_pipeline.py
[2024-05-08T18:42:14.854+0000] {processor.py:840} INFO - DAG(s) 'exchange_rate_etl' retrieved from /opt/airflow/dags/exchange_rate_pipeline.py
[2024-05-08T18:42:14.895+0000] {logging_mixin.py:188} INFO - [2024-05-08T18:42:14.895+0000] {dag.py:3096} INFO - Sync 1 DAGs
[2024-05-08T18:42:14.931+0000] {logging_mixin.py:188} INFO - [2024-05-08T18:42:14.931+0000] {dag.py:3954} INFO - Setting next_dagrun for exchange_rate_etl to None, run_after=None
[2024-05-08T18:42:15.024+0000] {processor.py:183} INFO - Processing /opt/airflow/dags/exchange_rate_pipeline.py took 0.617 seconds
[2024-05-08T18:42:45.471+0000] {processor.py:161} INFO - Started process (PID=198) to work on /opt/airflow/dags/exchange_rate_pipeline.py
[2024-05-08T18:42:45.472+0000] {processor.py:830} INFO - Processing file /opt/airflow/dags/exchange_rate_pipeline.py for tasks to queue
[2024-05-08T18:42:45.475+0000] {logging_mixin.py:188} INFO - [2024-05-08T18:42:45.474+0000] {dagbag.py:545} INFO - Filling up the DagBag from /opt/airflow/dags/exchange_rate_pipeline.py
[2024-05-08T18:42:46.240+0000] {processor.py:840} INFO - DAG(s) 'exchange_rate_etl' retrieved from /opt/airflow/dags/exchange_rate_pipeline.py
[2024-05-08T18:42:46.304+0000] {logging_mixin.py:188} INFO - [2024-05-08T18:42:46.303+0000] {dag.py:3096} INFO - Sync 1 DAGs
[2024-05-08T18:42:46.367+0000] {logging_mixin.py:188} INFO - [2024-05-08T18:42:46.367+0000] {dag.py:3954} INFO - Setting next_dagrun for exchange_rate_etl to None, run_after=None
[2024-05-08T18:42:46.501+0000] {processor.py:183} INFO - Processing /opt/airflow/dags/exchange_rate_pipeline.py took 1.038 seconds
[2024-05-08T18:43:17.126+0000] {processor.py:161} INFO - Started process (PID=208) to work on /opt/airflow/dags/exchange_rate_pipeline.py
[2024-05-08T18:43:17.128+0000] {processor.py:830} INFO - Processing file /opt/airflow/dags/exchange_rate_pipeline.py for tasks to queue
[2024-05-08T18:43:17.133+0000] {logging_mixin.py:188} INFO - [2024-05-08T18:43:17.132+0000] {dagbag.py:545} INFO - Filling up the DagBag from /opt/airflow/dags/exchange_rate_pipeline.py
[2024-05-08T18:43:17.928+0000] {processor.py:840} INFO - DAG(s) 'exchange_rate_etl' retrieved from /opt/airflow/dags/exchange_rate_pipeline.py
[2024-05-08T18:43:17.990+0000] {logging_mixin.py:188} INFO - [2024-05-08T18:43:17.989+0000] {dag.py:3096} INFO - Sync 1 DAGs
[2024-05-08T18:43:18.054+0000] {logging_mixin.py:188} INFO - [2024-05-08T18:43:18.054+0000] {dag.py:3954} INFO - Setting next_dagrun for exchange_rate_etl to None, run_after=None
[2024-05-08T18:43:18.172+0000] {processor.py:183} INFO - Processing /opt/airflow/dags/exchange_rate_pipeline.py took 1.058 seconds
[2024-05-08T18:43:48.305+0000] {processor.py:161} INFO - Started process (PID=218) to work on /opt/airflow/dags/exchange_rate_pipeline.py
[2024-05-08T18:43:48.307+0000] {processor.py:830} INFO - Processing file /opt/airflow/dags/exchange_rate_pipeline.py for tasks to queue
[2024-05-08T18:43:48.312+0000] {logging_mixin.py:188} INFO - [2024-05-08T18:43:48.311+0000] {dagbag.py:545} INFO - Filling up the DagBag from /opt/airflow/dags/exchange_rate_pipeline.py
[2024-05-08T18:43:49.020+0000] {processor.py:840} INFO - DAG(s) 'exchange_rate_etl' retrieved from /opt/airflow/dags/exchange_rate_pipeline.py
[2024-05-08T18:43:49.071+0000] {logging_mixin.py:188} INFO - [2024-05-08T18:43:49.070+0000] {dag.py:3096} INFO - Sync 1 DAGs
[2024-05-08T18:43:49.119+0000] {logging_mixin.py:188} INFO - [2024-05-08T18:43:49.119+0000] {dag.py:3954} INFO - Setting next_dagrun for exchange_rate_etl to None, run_after=None
[2024-05-08T18:43:49.233+0000] {processor.py:183} INFO - Processing /opt/airflow/dags/exchange_rate_pipeline.py took 0.937 seconds
[2024-05-08T18:44:19.949+0000] {processor.py:161} INFO - Started process (PID=228) to work on /opt/airflow/dags/exchange_rate_pipeline.py
[2024-05-08T18:44:19.951+0000] {processor.py:830} INFO - Processing file /opt/airflow/dags/exchange_rate_pipeline.py for tasks to queue
[2024-05-08T18:44:19.955+0000] {logging_mixin.py:188} INFO - [2024-05-08T18:44:19.953+0000] {dagbag.py:545} INFO - Filling up the DagBag from /opt/airflow/dags/exchange_rate_pipeline.py
[2024-05-08T18:44:20.729+0000] {processor.py:840} INFO - DAG(s) 'exchange_rate_etl' retrieved from /opt/airflow/dags/exchange_rate_pipeline.py
[2024-05-08T18:44:20.780+0000] {logging_mixin.py:188} INFO - [2024-05-08T18:44:20.780+0000] {dag.py:3096} INFO - Sync 1 DAGs
[2024-05-08T18:44:20.832+0000] {logging_mixin.py:188} INFO - [2024-05-08T18:44:20.832+0000] {dag.py:3954} INFO - Setting next_dagrun for exchange_rate_etl to None, run_after=None
[2024-05-08T18:44:20.968+0000] {processor.py:183} INFO - Processing /opt/airflow/dags/exchange_rate_pipeline.py took 1.034 seconds
[2024-05-08T18:46:32.128+0000] {processor.py:161} INFO - Started process (PID=54) to work on /opt/airflow/dags/exchange_rate_pipeline.py
[2024-05-08T18:46:32.274+0000] {processor.py:830} INFO - Processing file /opt/airflow/dags/exchange_rate_pipeline.py for tasks to queue
[2024-05-08T18:46:32.276+0000] {logging_mixin.py:188} INFO - [2024-05-08T18:46:32.276+0000] {dagbag.py:545} INFO - Filling up the DagBag from /opt/airflow/dags/exchange_rate_pipeline.py
[2024-05-08T18:46:32.729+0000] {processor.py:840} INFO - DAG(s) 'exchange_rate_etl' retrieved from /opt/airflow/dags/exchange_rate_pipeline.py
[2024-05-08T18:46:32.979+0000] {logging_mixin.py:188} INFO - [2024-05-08T18:46:32.979+0000] {dag.py:3096} INFO - Sync 1 DAGs
[2024-05-08T18:46:33.011+0000] {logging_mixin.py:188} INFO - [2024-05-08T18:46:33.011+0000] {dag.py:3954} INFO - Setting next_dagrun for exchange_rate_etl to None, run_after=None
[2024-05-08T18:46:34.666+0000] {processor.py:183} INFO - Processing /opt/airflow/dags/exchange_rate_pipeline.py took 2.545 seconds
[2024-05-08T18:47:05.357+0000] {processor.py:161} INFO - Started process (PID=71) to work on /opt/airflow/dags/exchange_rate_pipeline.py
[2024-05-08T18:47:05.358+0000] {processor.py:830} INFO - Processing file /opt/airflow/dags/exchange_rate_pipeline.py for tasks to queue
[2024-05-08T18:47:05.361+0000] {logging_mixin.py:188} INFO - [2024-05-08T18:47:05.361+0000] {dagbag.py:545} INFO - Filling up the DagBag from /opt/airflow/dags/exchange_rate_pipeline.py
[2024-05-08T18:47:05.999+0000] {processor.py:840} INFO - DAG(s) 'exchange_rate_etl' retrieved from /opt/airflow/dags/exchange_rate_pipeline.py
[2024-05-08T18:47:10.857+0000] {logging_mixin.py:188} INFO - [2024-05-08T18:47:10.857+0000] {dag.py:3096} INFO - Sync 1 DAGs
[2024-05-08T18:47:10.903+0000] {logging_mixin.py:188} INFO - [2024-05-08T18:47:10.903+0000] {dag.py:3954} INFO - Setting next_dagrun for exchange_rate_etl to None, run_after=None
[2024-05-08T18:47:11.485+0000] {processor.py:183} INFO - Processing /opt/airflow/dags/exchange_rate_pipeline.py took 6.140 seconds
[2024-05-08T18:48:11.349+0000] {processor.py:161} INFO - Started process (PID=82) to work on /opt/airflow/dags/exchange_rate_pipeline.py
[2024-05-08T18:48:11.353+0000] {processor.py:830} INFO - Processing file /opt/airflow/dags/exchange_rate_pipeline.py for tasks to queue
[2024-05-08T18:48:11.378+0000] {logging_mixin.py:188} INFO - [2024-05-08T18:48:11.371+0000] {dagbag.py:545} INFO - Filling up the DagBag from /opt/airflow/dags/exchange_rate_pipeline.py
[2024-05-08T18:48:13.463+0000] {processor.py:840} INFO - DAG(s) 'exchange_rate_etl' retrieved from /opt/airflow/dags/exchange_rate_pipeline.py
[2024-05-08T18:48:13.541+0000] {logging_mixin.py:188} INFO - [2024-05-08T18:48:13.540+0000] {dag.py:3096} INFO - Sync 1 DAGs
[2024-05-08T18:48:13.657+0000] {logging_mixin.py:188} INFO - [2024-05-08T18:48:13.657+0000] {dag.py:3954} INFO - Setting next_dagrun for exchange_rate_etl to None, run_after=None
[2024-05-08T18:48:16.015+0000] {processor.py:183} INFO - Processing /opt/airflow/dags/exchange_rate_pipeline.py took 4.689 seconds
[2024-05-08T18:48:47.118+0000] {processor.py:161} INFO - Started process (PID=92) to work on /opt/airflow/dags/exchange_rate_pipeline.py
[2024-05-08T18:48:47.119+0000] {processor.py:830} INFO - Processing file /opt/airflow/dags/exchange_rate_pipeline.py for tasks to queue
[2024-05-08T18:48:47.121+0000] {logging_mixin.py:188} INFO - [2024-05-08T18:48:47.121+0000] {dagbag.py:545} INFO - Filling up the DagBag from /opt/airflow/dags/exchange_rate_pipeline.py
[2024-05-08T18:48:47.619+0000] {processor.py:840} INFO - DAG(s) 'exchange_rate_etl' retrieved from /opt/airflow/dags/exchange_rate_pipeline.py
[2024-05-08T18:48:47.650+0000] {logging_mixin.py:188} INFO - [2024-05-08T18:48:47.650+0000] {dag.py:3096} INFO - Sync 1 DAGs
[2024-05-08T18:48:47.677+0000] {logging_mixin.py:188} INFO - [2024-05-08T18:48:47.677+0000] {dag.py:3954} INFO - Setting next_dagrun for exchange_rate_etl to None, run_after=None
[2024-05-08T18:48:48.209+0000] {processor.py:183} INFO - Processing /opt/airflow/dags/exchange_rate_pipeline.py took 1.097 seconds
[2024-05-08T18:49:18.923+0000] {processor.py:161} INFO - Started process (PID=102) to work on /opt/airflow/dags/exchange_rate_pipeline.py
[2024-05-08T18:49:18.924+0000] {processor.py:830} INFO - Processing file /opt/airflow/dags/exchange_rate_pipeline.py for tasks to queue
[2024-05-08T18:49:18.926+0000] {logging_mixin.py:188} INFO - [2024-05-08T18:49:18.926+0000] {dagbag.py:545} INFO - Filling up the DagBag from /opt/airflow/dags/exchange_rate_pipeline.py
[2024-05-08T18:49:19.382+0000] {processor.py:840} INFO - DAG(s) 'exchange_rate_etl' retrieved from /opt/airflow/dags/exchange_rate_pipeline.py
[2024-05-08T18:49:19.412+0000] {logging_mixin.py:188} INFO - [2024-05-08T18:49:19.411+0000] {dag.py:3096} INFO - Sync 1 DAGs
[2024-05-08T18:49:19.438+0000] {logging_mixin.py:188} INFO - [2024-05-08T18:49:19.438+0000] {dag.py:3954} INFO - Setting next_dagrun for exchange_rate_etl to None, run_after=None
[2024-05-08T18:49:19.686+0000] {processor.py:183} INFO - Processing /opt/airflow/dags/exchange_rate_pipeline.py took 0.768 seconds
[2024-05-08T18:49:49.785+0000] {processor.py:161} INFO - Started process (PID=112) to work on /opt/airflow/dags/exchange_rate_pipeline.py
[2024-05-08T18:49:49.786+0000] {processor.py:830} INFO - Processing file /opt/airflow/dags/exchange_rate_pipeline.py for tasks to queue
[2024-05-08T18:49:49.790+0000] {logging_mixin.py:188} INFO - [2024-05-08T18:49:49.790+0000] {dagbag.py:545} INFO - Filling up the DagBag from /opt/airflow/dags/exchange_rate_pipeline.py
[2024-05-08T18:49:50.243+0000] {processor.py:840} INFO - DAG(s) 'exchange_rate_etl' retrieved from /opt/airflow/dags/exchange_rate_pipeline.py
[2024-05-08T18:49:50.271+0000] {logging_mixin.py:188} INFO - [2024-05-08T18:49:50.270+0000] {dag.py:3096} INFO - Sync 1 DAGs
[2024-05-08T18:49:50.296+0000] {logging_mixin.py:188} INFO - [2024-05-08T18:49:50.296+0000] {dag.py:3954} INFO - Setting next_dagrun for exchange_rate_etl to None, run_after=None
[2024-05-08T18:49:50.500+0000] {processor.py:183} INFO - Processing /opt/airflow/dags/exchange_rate_pipeline.py took 0.720 seconds
[2024-05-08T18:50:21.068+0000] {processor.py:161} INFO - Started process (PID=122) to work on /opt/airflow/dags/exchange_rate_pipeline.py
[2024-05-08T18:50:21.070+0000] {processor.py:830} INFO - Processing file /opt/airflow/dags/exchange_rate_pipeline.py for tasks to queue
[2024-05-08T18:50:21.072+0000] {logging_mixin.py:188} INFO - [2024-05-08T18:50:21.072+0000] {dagbag.py:545} INFO - Filling up the DagBag from /opt/airflow/dags/exchange_rate_pipeline.py
[2024-05-08T18:50:21.510+0000] {processor.py:840} INFO - DAG(s) 'exchange_rate_etl' retrieved from /opt/airflow/dags/exchange_rate_pipeline.py
[2024-05-08T18:50:21.539+0000] {logging_mixin.py:188} INFO - [2024-05-08T18:50:21.539+0000] {dag.py:3096} INFO - Sync 1 DAGs
[2024-05-08T18:50:21.566+0000] {logging_mixin.py:188} INFO - [2024-05-08T18:50:21.565+0000] {dag.py:3954} INFO - Setting next_dagrun for exchange_rate_etl to None, run_after=None
[2024-05-08T18:50:21.641+0000] {processor.py:183} INFO - Processing /opt/airflow/dags/exchange_rate_pipeline.py took 0.577 seconds
[2024-05-08T18:50:51.939+0000] {processor.py:161} INFO - Started process (PID=132) to work on /opt/airflow/dags/exchange_rate_pipeline.py
[2024-05-08T18:50:51.940+0000] {processor.py:830} INFO - Processing file /opt/airflow/dags/exchange_rate_pipeline.py for tasks to queue
[2024-05-08T18:50:51.942+0000] {logging_mixin.py:188} INFO - [2024-05-08T18:50:51.942+0000] {dagbag.py:545} INFO - Filling up the DagBag from /opt/airflow/dags/exchange_rate_pipeline.py
[2024-05-08T18:50:52.380+0000] {processor.py:840} INFO - DAG(s) 'exchange_rate_etl' retrieved from /opt/airflow/dags/exchange_rate_pipeline.py
[2024-05-08T18:50:52.417+0000] {logging_mixin.py:188} INFO - [2024-05-08T18:50:52.417+0000] {dag.py:3096} INFO - Sync 1 DAGs
[2024-05-08T18:50:52.444+0000] {logging_mixin.py:188} INFO - [2024-05-08T18:50:52.444+0000] {dag.py:3954} INFO - Setting next_dagrun for exchange_rate_etl to None, run_after=None
[2024-05-08T18:50:52.519+0000] {processor.py:183} INFO - Processing /opt/airflow/dags/exchange_rate_pipeline.py took 0.586 seconds
[2024-05-08T18:51:23.042+0000] {processor.py:161} INFO - Started process (PID=142) to work on /opt/airflow/dags/exchange_rate_pipeline.py
[2024-05-08T18:51:23.043+0000] {processor.py:830} INFO - Processing file /opt/airflow/dags/exchange_rate_pipeline.py for tasks to queue
[2024-05-08T18:51:23.045+0000] {logging_mixin.py:188} INFO - [2024-05-08T18:51:23.045+0000] {dagbag.py:545} INFO - Filling up the DagBag from /opt/airflow/dags/exchange_rate_pipeline.py
[2024-05-08T18:51:23.485+0000] {processor.py:840} INFO - DAG(s) 'exchange_rate_etl' retrieved from /opt/airflow/dags/exchange_rate_pipeline.py
[2024-05-08T18:51:23.512+0000] {logging_mixin.py:188} INFO - [2024-05-08T18:51:23.512+0000] {dag.py:3096} INFO - Sync 1 DAGs
[2024-05-08T18:51:23.538+0000] {logging_mixin.py:188} INFO - [2024-05-08T18:51:23.538+0000] {dag.py:3954} INFO - Setting next_dagrun for exchange_rate_etl to None, run_after=None
[2024-05-08T18:51:23.603+0000] {processor.py:183} INFO - Processing /opt/airflow/dags/exchange_rate_pipeline.py took 0.566 seconds
[2024-05-08T18:51:53.837+0000] {processor.py:161} INFO - Started process (PID=152) to work on /opt/airflow/dags/exchange_rate_pipeline.py
[2024-05-08T18:51:53.838+0000] {processor.py:830} INFO - Processing file /opt/airflow/dags/exchange_rate_pipeline.py for tasks to queue
[2024-05-08T18:51:53.841+0000] {logging_mixin.py:188} INFO - [2024-05-08T18:51:53.840+0000] {dagbag.py:545} INFO - Filling up the DagBag from /opt/airflow/dags/exchange_rate_pipeline.py
[2024-05-08T18:51:54.299+0000] {processor.py:840} INFO - DAG(s) 'exchange_rate_etl' retrieved from /opt/airflow/dags/exchange_rate_pipeline.py
[2024-05-08T18:51:54.328+0000] {logging_mixin.py:188} INFO - [2024-05-08T18:51:54.328+0000] {dag.py:3096} INFO - Sync 1 DAGs
[2024-05-08T18:51:54.359+0000] {logging_mixin.py:188} INFO - [2024-05-08T18:51:54.358+0000] {dag.py:3954} INFO - Setting next_dagrun for exchange_rate_etl to None, run_after=None
[2024-05-08T18:51:54.441+0000] {processor.py:183} INFO - Processing /opt/airflow/dags/exchange_rate_pipeline.py took 0.609 seconds
[2024-05-08T18:52:24.854+0000] {processor.py:161} INFO - Started process (PID=162) to work on /opt/airflow/dags/exchange_rate_pipeline.py
[2024-05-08T18:52:24.855+0000] {processor.py:830} INFO - Processing file /opt/airflow/dags/exchange_rate_pipeline.py for tasks to queue
[2024-05-08T18:52:24.857+0000] {logging_mixin.py:188} INFO - [2024-05-08T18:52:24.857+0000] {dagbag.py:545} INFO - Filling up the DagBag from /opt/airflow/dags/exchange_rate_pipeline.py
[2024-05-08T18:52:25.407+0000] {processor.py:840} INFO - DAG(s) 'exchange_rate_etl' retrieved from /opt/airflow/dags/exchange_rate_pipeline.py
[2024-05-08T18:52:25.439+0000] {logging_mixin.py:188} INFO - [2024-05-08T18:52:25.439+0000] {dag.py:3096} INFO - Sync 1 DAGs
[2024-05-08T18:52:25.469+0000] {logging_mixin.py:188} INFO - [2024-05-08T18:52:25.469+0000] {dag.py:3954} INFO - Setting next_dagrun for exchange_rate_etl to None, run_after=None
[2024-05-08T18:52:25.548+0000] {processor.py:183} INFO - Processing /opt/airflow/dags/exchange_rate_pipeline.py took 0.699 seconds
[2024-05-08T18:52:56.115+0000] {processor.py:161} INFO - Started process (PID=172) to work on /opt/airflow/dags/exchange_rate_pipeline.py
[2024-05-08T18:52:56.116+0000] {processor.py:830} INFO - Processing file /opt/airflow/dags/exchange_rate_pipeline.py for tasks to queue
[2024-05-08T18:52:56.119+0000] {logging_mixin.py:188} INFO - [2024-05-08T18:52:56.119+0000] {dagbag.py:545} INFO - Filling up the DagBag from /opt/airflow/dags/exchange_rate_pipeline.py
[2024-05-08T18:52:56.616+0000] {processor.py:840} INFO - DAG(s) 'exchange_rate_etl' retrieved from /opt/airflow/dags/exchange_rate_pipeline.py
[2024-05-08T18:52:56.877+0000] {logging_mixin.py:188} INFO - [2024-05-08T18:52:56.876+0000] {dag.py:3096} INFO - Sync 1 DAGs
[2024-05-08T18:52:56.920+0000] {logging_mixin.py:188} INFO - [2024-05-08T18:52:56.920+0000] {dag.py:3954} INFO - Setting next_dagrun for exchange_rate_etl to None, run_after=None
[2024-05-08T18:52:57.026+0000] {processor.py:183} INFO - Processing /opt/airflow/dags/exchange_rate_pipeline.py took 0.918 seconds
[2024-05-08T18:53:38.608+0000] {processor.py:161} INFO - Started process (PID=53) to work on /opt/airflow/dags/exchange_rate_pipeline.py
[2024-05-08T18:53:38.609+0000] {processor.py:830} INFO - Processing file /opt/airflow/dags/exchange_rate_pipeline.py for tasks to queue
[2024-05-08T18:53:38.612+0000] {logging_mixin.py:188} INFO - [2024-05-08T18:53:38.611+0000] {dagbag.py:545} INFO - Filling up the DagBag from /opt/airflow/dags/exchange_rate_pipeline.py
[2024-05-08T18:53:39.243+0000] {processor.py:840} INFO - DAG(s) 'exchange_rate_etl' retrieved from /opt/airflow/dags/exchange_rate_pipeline.py
[2024-05-08T18:53:39.467+0000] {logging_mixin.py:188} INFO - [2024-05-08T18:53:39.466+0000] {dag.py:3096} INFO - Sync 1 DAGs
[2024-05-08T18:53:39.502+0000] {logging_mixin.py:188} INFO - [2024-05-08T18:53:39.502+0000] {dag.py:3954} INFO - Setting next_dagrun for exchange_rate_etl to None, run_after=None
[2024-05-08T18:53:39.592+0000] {processor.py:183} INFO - Processing /opt/airflow/dags/exchange_rate_pipeline.py took 0.994 seconds
[2024-05-08T18:54:10.604+0000] {processor.py:161} INFO - Started process (PID=71) to work on /opt/airflow/dags/exchange_rate_pipeline.py
[2024-05-08T18:54:10.606+0000] {processor.py:830} INFO - Processing file /opt/airflow/dags/exchange_rate_pipeline.py for tasks to queue
[2024-05-08T18:54:10.610+0000] {logging_mixin.py:188} INFO - [2024-05-08T18:54:10.610+0000] {dagbag.py:545} INFO - Filling up the DagBag from /opt/airflow/dags/exchange_rate_pipeline.py
[2024-05-08T18:54:11.425+0000] {processor.py:840} INFO - DAG(s) 'exchange_rate_etl' retrieved from /opt/airflow/dags/exchange_rate_pipeline.py
[2024-05-08T18:54:11.633+0000] {logging_mixin.py:188} INFO - [2024-05-08T18:54:11.633+0000] {dag.py:3096} INFO - Sync 1 DAGs
[2024-05-08T18:54:11.674+0000] {logging_mixin.py:188} INFO - [2024-05-08T18:54:11.674+0000] {dag.py:3954} INFO - Setting next_dagrun for exchange_rate_etl to None, run_after=None
[2024-05-08T18:54:11.760+0000] {processor.py:183} INFO - Processing /opt/airflow/dags/exchange_rate_pipeline.py took 1.168 seconds
[2024-05-08T18:54:55.146+0000] {processor.py:161} INFO - Started process (PID=53) to work on /opt/airflow/dags/exchange_rate_pipeline.py
[2024-05-08T18:54:55.147+0000] {processor.py:830} INFO - Processing file /opt/airflow/dags/exchange_rate_pipeline.py for tasks to queue
[2024-05-08T18:54:55.150+0000] {logging_mixin.py:188} INFO - [2024-05-08T18:54:55.149+0000] {dagbag.py:545} INFO - Filling up the DagBag from /opt/airflow/dags/exchange_rate_pipeline.py
[2024-05-08T18:54:55.653+0000] {processor.py:840} INFO - DAG(s) 'exchange_rate_etl' retrieved from /opt/airflow/dags/exchange_rate_pipeline.py
[2024-05-08T18:54:55.676+0000] {logging_mixin.py:188} INFO - [2024-05-08T18:54:55.675+0000] {dag.py:3096} INFO - Sync 1 DAGs
[2024-05-08T18:54:55.737+0000] {logging_mixin.py:188} INFO - [2024-05-08T18:54:55.736+0000] {dag.py:3954} INFO - Setting next_dagrun for exchange_rate_etl to None, run_after=None
[2024-05-08T18:54:55.827+0000] {processor.py:183} INFO - Processing /opt/airflow/dags/exchange_rate_pipeline.py took 0.691 seconds
[2024-05-08T18:55:26.798+0000] {processor.py:161} INFO - Started process (PID=71) to work on /opt/airflow/dags/exchange_rate_pipeline.py
[2024-05-08T18:55:26.801+0000] {processor.py:830} INFO - Processing file /opt/airflow/dags/exchange_rate_pipeline.py for tasks to queue
[2024-05-08T18:55:26.804+0000] {logging_mixin.py:188} INFO - [2024-05-08T18:55:26.803+0000] {dagbag.py:545} INFO - Filling up the DagBag from /opt/airflow/dags/exchange_rate_pipeline.py
[2024-05-08T18:55:27.379+0000] {processor.py:840} INFO - DAG(s) 'exchange_rate_etl' retrieved from /opt/airflow/dags/exchange_rate_pipeline.py
[2024-05-08T18:55:27.551+0000] {logging_mixin.py:188} INFO - [2024-05-08T18:55:27.551+0000] {dag.py:3096} INFO - Sync 1 DAGs
[2024-05-08T18:55:27.736+0000] {logging_mixin.py:188} INFO - [2024-05-08T18:55:27.736+0000] {dag.py:3954} INFO - Setting next_dagrun for exchange_rate_etl to None, run_after=None
[2024-05-08T18:55:27.835+0000] {processor.py:183} INFO - Processing /opt/airflow/dags/exchange_rate_pipeline.py took 1.051 seconds
[2024-05-08T18:55:58.609+0000] {processor.py:161} INFO - Started process (PID=81) to work on /opt/airflow/dags/exchange_rate_pipeline.py
[2024-05-08T18:55:58.611+0000] {processor.py:830} INFO - Processing file /opt/airflow/dags/exchange_rate_pipeline.py for tasks to queue
[2024-05-08T18:55:58.613+0000] {logging_mixin.py:188} INFO - [2024-05-08T18:55:58.613+0000] {dagbag.py:545} INFO - Filling up the DagBag from /opt/airflow/dags/exchange_rate_pipeline.py
[2024-05-08T18:55:59.154+0000] {processor.py:840} INFO - DAG(s) 'exchange_rate_etl' retrieved from /opt/airflow/dags/exchange_rate_pipeline.py
[2024-05-08T18:55:59.194+0000] {logging_mixin.py:188} INFO - [2024-05-08T18:55:59.194+0000] {dag.py:3096} INFO - Sync 1 DAGs
[2024-05-08T18:55:59.235+0000] {logging_mixin.py:188} INFO - [2024-05-08T18:55:59.234+0000] {dag.py:3954} INFO - Setting next_dagrun for exchange_rate_etl to None, run_after=None
[2024-05-08T18:55:59.343+0000] {processor.py:183} INFO - Processing /opt/airflow/dags/exchange_rate_pipeline.py took 0.745 seconds
[2024-05-08T18:56:29.995+0000] {processor.py:161} INFO - Started process (PID=91) to work on /opt/airflow/dags/exchange_rate_pipeline.py
[2024-05-08T18:56:30.000+0000] {processor.py:830} INFO - Processing file /opt/airflow/dags/exchange_rate_pipeline.py for tasks to queue
[2024-05-08T18:56:30.006+0000] {logging_mixin.py:188} INFO - [2024-05-08T18:56:30.004+0000] {dagbag.py:545} INFO - Filling up the DagBag from /opt/airflow/dags/exchange_rate_pipeline.py
[2024-05-08T18:56:31.534+0000] {processor.py:840} INFO - DAG(s) 'exchange_rate_etl' retrieved from /opt/airflow/dags/exchange_rate_pipeline.py
[2024-05-08T18:56:31.719+0000] {logging_mixin.py:188} INFO - [2024-05-08T18:56:31.718+0000] {dag.py:3096} INFO - Sync 1 DAGs
[2024-05-08T18:56:31.878+0000] {logging_mixin.py:188} INFO - [2024-05-08T18:56:31.877+0000] {dag.py:3954} INFO - Setting next_dagrun for exchange_rate_etl to None, run_after=None
[2024-05-08T18:56:32.152+0000] {processor.py:183} INFO - Processing /opt/airflow/dags/exchange_rate_pipeline.py took 2.191 seconds
[2024-05-08T18:57:02.454+0000] {processor.py:161} INFO - Started process (PID=101) to work on /opt/airflow/dags/exchange_rate_pipeline.py
[2024-05-08T18:57:02.458+0000] {processor.py:830} INFO - Processing file /opt/airflow/dags/exchange_rate_pipeline.py for tasks to queue
[2024-05-08T18:57:02.463+0000] {logging_mixin.py:188} INFO - [2024-05-08T18:57:02.461+0000] {dagbag.py:545} INFO - Filling up the DagBag from /opt/airflow/dags/exchange_rate_pipeline.py
[2024-05-08T18:57:02.954+0000] {processor.py:840} INFO - DAG(s) 'exchange_rate_etl' retrieved from /opt/airflow/dags/exchange_rate_pipeline.py
[2024-05-08T18:57:02.997+0000] {logging_mixin.py:188} INFO - [2024-05-08T18:57:02.996+0000] {dag.py:3096} INFO - Sync 1 DAGs
[2024-05-08T18:57:03.033+0000] {logging_mixin.py:188} INFO - [2024-05-08T18:57:03.033+0000] {dag.py:3954} INFO - Setting next_dagrun for exchange_rate_etl to None, run_after=None
[2024-05-08T18:57:03.118+0000] {processor.py:183} INFO - Processing /opt/airflow/dags/exchange_rate_pipeline.py took 0.689 seconds
[2024-05-08T18:57:33.842+0000] {processor.py:161} INFO - Started process (PID=111) to work on /opt/airflow/dags/exchange_rate_pipeline.py
[2024-05-08T18:57:33.844+0000] {processor.py:830} INFO - Processing file /opt/airflow/dags/exchange_rate_pipeline.py for tasks to queue
[2024-05-08T18:57:33.845+0000] {logging_mixin.py:188} INFO - [2024-05-08T18:57:33.844+0000] {dagbag.py:545} INFO - Filling up the DagBag from /opt/airflow/dags/exchange_rate_pipeline.py
[2024-05-08T18:57:34.359+0000] {processor.py:840} INFO - DAG(s) 'exchange_rate_etl' retrieved from /opt/airflow/dags/exchange_rate_pipeline.py
[2024-05-08T18:57:34.392+0000] {logging_mixin.py:188} INFO - [2024-05-08T18:57:34.392+0000] {dag.py:3096} INFO - Sync 1 DAGs
[2024-05-08T18:57:34.437+0000] {logging_mixin.py:188} INFO - [2024-05-08T18:57:34.436+0000] {dag.py:3954} INFO - Setting next_dagrun for exchange_rate_etl to None, run_after=None
[2024-05-08T18:57:34.627+0000] {processor.py:183} INFO - Processing /opt/airflow/dags/exchange_rate_pipeline.py took 0.797 seconds
[2024-05-08T18:58:05.247+0000] {processor.py:161} INFO - Started process (PID=121) to work on /opt/airflow/dags/exchange_rate_pipeline.py
[2024-05-08T18:58:05.248+0000] {processor.py:830} INFO - Processing file /opt/airflow/dags/exchange_rate_pipeline.py for tasks to queue
[2024-05-08T18:58:05.249+0000] {logging_mixin.py:188} INFO - [2024-05-08T18:58:05.249+0000] {dagbag.py:545} INFO - Filling up the DagBag from /opt/airflow/dags/exchange_rate_pipeline.py
[2024-05-08T18:58:05.650+0000] {processor.py:840} INFO - DAG(s) 'exchange_rate_etl' retrieved from /opt/airflow/dags/exchange_rate_pipeline.py
[2024-05-08T18:58:05.686+0000] {logging_mixin.py:188} INFO - [2024-05-08T18:58:05.686+0000] {dag.py:3096} INFO - Sync 1 DAGs
[2024-05-08T18:58:05.726+0000] {logging_mixin.py:188} INFO - [2024-05-08T18:58:05.726+0000] {dag.py:3954} INFO - Setting next_dagrun for exchange_rate_etl to None, run_after=None
[2024-05-08T18:58:05.827+0000] {processor.py:183} INFO - Processing /opt/airflow/dags/exchange_rate_pipeline.py took 0.586 seconds
[2024-05-08T18:58:36.339+0000] {processor.py:161} INFO - Started process (PID=131) to work on /opt/airflow/dags/exchange_rate_pipeline.py
[2024-05-08T18:58:36.341+0000] {processor.py:830} INFO - Processing file /opt/airflow/dags/exchange_rate_pipeline.py for tasks to queue
[2024-05-08T18:58:36.342+0000] {logging_mixin.py:188} INFO - [2024-05-08T18:58:36.341+0000] {dagbag.py:545} INFO - Filling up the DagBag from /opt/airflow/dags/exchange_rate_pipeline.py
[2024-05-08T18:58:36.766+0000] {processor.py:840} INFO - DAG(s) 'exchange_rate_etl' retrieved from /opt/airflow/dags/exchange_rate_pipeline.py
[2024-05-08T18:58:36.805+0000] {logging_mixin.py:188} INFO - [2024-05-08T18:58:36.804+0000] {dag.py:3096} INFO - Sync 1 DAGs
[2024-05-08T18:58:36.845+0000] {logging_mixin.py:188} INFO - [2024-05-08T18:58:36.845+0000] {dag.py:3954} INFO - Setting next_dagrun for exchange_rate_etl to None, run_after=None
[2024-05-08T18:58:36.927+0000] {processor.py:183} INFO - Processing /opt/airflow/dags/exchange_rate_pipeline.py took 0.595 seconds
[2024-05-08T18:59:14.768+0000] {processor.py:161} INFO - Started process (PID=53) to work on /opt/airflow/dags/exchange_rate_pipeline.py
[2024-05-08T18:59:14.769+0000] {processor.py:830} INFO - Processing file /opt/airflow/dags/exchange_rate_pipeline.py for tasks to queue
[2024-05-08T18:59:14.772+0000] {logging_mixin.py:188} INFO - [2024-05-08T18:59:14.772+0000] {dagbag.py:545} INFO - Filling up the DagBag from /opt/airflow/dags/exchange_rate_pipeline.py
[2024-05-08T18:59:15.242+0000] {processor.py:840} INFO - DAG(s) 'exchange_rate_etl' retrieved from /opt/airflow/dags/exchange_rate_pipeline.py
[2024-05-08T18:59:15.262+0000] {logging_mixin.py:188} INFO - [2024-05-08T18:59:15.262+0000] {dag.py:3096} INFO - Sync 1 DAGs
[2024-05-08T18:59:15.299+0000] {logging_mixin.py:188} INFO - [2024-05-08T18:59:15.299+0000] {dag.py:3954} INFO - Setting next_dagrun for exchange_rate_etl to None, run_after=None
[2024-05-08T18:59:15.381+0000] {processor.py:183} INFO - Processing /opt/airflow/dags/exchange_rate_pipeline.py took 0.620 seconds
[2024-05-08T18:59:46.319+0000] {processor.py:161} INFO - Started process (PID=71) to work on /opt/airflow/dags/exchange_rate_pipeline.py
[2024-05-08T18:59:46.320+0000] {processor.py:830} INFO - Processing file /opt/airflow/dags/exchange_rate_pipeline.py for tasks to queue
[2024-05-08T18:59:46.322+0000] {logging_mixin.py:188} INFO - [2024-05-08T18:59:46.322+0000] {dagbag.py:545} INFO - Filling up the DagBag from /opt/airflow/dags/exchange_rate_pipeline.py
[2024-05-08T18:59:46.715+0000] {processor.py:840} INFO - DAG(s) 'exchange_rate_etl' retrieved from /opt/airflow/dags/exchange_rate_pipeline.py
[2024-05-08T18:59:46.867+0000] {logging_mixin.py:188} INFO - [2024-05-08T18:59:46.867+0000] {dag.py:3096} INFO - Sync 1 DAGs
[2024-05-08T18:59:47.026+0000] {logging_mixin.py:188} INFO - [2024-05-08T18:59:47.026+0000] {dag.py:3954} INFO - Setting next_dagrun for exchange_rate_etl to None, run_after=None
[2024-05-08T18:59:47.093+0000] {processor.py:183} INFO - Processing /opt/airflow/dags/exchange_rate_pipeline.py took 0.782 seconds
[2024-05-08T19:00:18.215+0000] {processor.py:161} INFO - Started process (PID=81) to work on /opt/airflow/dags/exchange_rate_pipeline.py
[2024-05-08T19:00:18.216+0000] {processor.py:830} INFO - Processing file /opt/airflow/dags/exchange_rate_pipeline.py for tasks to queue
[2024-05-08T19:00:18.218+0000] {logging_mixin.py:188} INFO - [2024-05-08T19:00:18.217+0000] {dagbag.py:545} INFO - Filling up the DagBag from /opt/airflow/dags/exchange_rate_pipeline.py
[2024-05-08T19:00:18.663+0000] {processor.py:840} INFO - DAG(s) 'exchange_rate_etl' retrieved from /opt/airflow/dags/exchange_rate_pipeline.py
[2024-05-08T19:00:18.705+0000] {logging_mixin.py:188} INFO - [2024-05-08T19:00:18.705+0000] {dag.py:3096} INFO - Sync 1 DAGs
[2024-05-08T19:00:18.738+0000] {logging_mixin.py:188} INFO - [2024-05-08T19:00:18.737+0000] {dag.py:3954} INFO - Setting next_dagrun for exchange_rate_etl to None, run_after=None
[2024-05-08T19:00:18.813+0000] {processor.py:183} INFO - Processing /opt/airflow/dags/exchange_rate_pipeline.py took 0.605 seconds
[2024-05-08T19:00:49.661+0000] {processor.py:161} INFO - Started process (PID=91) to work on /opt/airflow/dags/exchange_rate_pipeline.py
[2024-05-08T19:00:49.665+0000] {processor.py:830} INFO - Processing file /opt/airflow/dags/exchange_rate_pipeline.py for tasks to queue
[2024-05-08T19:00:49.670+0000] {logging_mixin.py:188} INFO - [2024-05-08T19:00:49.669+0000] {dagbag.py:545} INFO - Filling up the DagBag from /opt/airflow/dags/exchange_rate_pipeline.py
[2024-05-08T19:00:50.147+0000] {processor.py:840} INFO - DAG(s) 'exchange_rate_etl' retrieved from /opt/airflow/dags/exchange_rate_pipeline.py
[2024-05-08T19:00:50.216+0000] {logging_mixin.py:188} INFO - [2024-05-08T19:00:50.216+0000] {dag.py:3096} INFO - Sync 1 DAGs
[2024-05-08T19:00:50.267+0000] {logging_mixin.py:188} INFO - [2024-05-08T19:00:50.267+0000] {dag.py:3954} INFO - Setting next_dagrun for exchange_rate_etl to None, run_after=None
[2024-05-08T19:00:50.393+0000] {processor.py:183} INFO - Processing /opt/airflow/dags/exchange_rate_pipeline.py took 0.740 seconds
[2024-05-08T19:01:54.099+0000] {processor.py:161} INFO - Started process (PID=53) to work on /opt/airflow/dags/exchange_rate_pipeline.py
[2024-05-08T19:01:54.100+0000] {processor.py:830} INFO - Processing file /opt/airflow/dags/exchange_rate_pipeline.py for tasks to queue
[2024-05-08T19:01:54.102+0000] {logging_mixin.py:188} INFO - [2024-05-08T19:01:54.102+0000] {dagbag.py:545} INFO - Filling up the DagBag from /opt/airflow/dags/exchange_rate_pipeline.py
[2024-05-08T19:01:54.555+0000] {processor.py:840} INFO - DAG(s) 'exchange_rate_etl' retrieved from /opt/airflow/dags/exchange_rate_pipeline.py
[2024-05-08T19:01:54.573+0000] {logging_mixin.py:188} INFO - [2024-05-08T19:01:54.573+0000] {dag.py:3096} INFO - Sync 1 DAGs
[2024-05-08T19:01:54.614+0000] {logging_mixin.py:188} INFO - [2024-05-08T19:01:54.613+0000] {dag.py:3954} INFO - Setting next_dagrun for exchange_rate_etl to None, run_after=None
[2024-05-08T19:01:54.717+0000] {processor.py:183} INFO - Processing /opt/airflow/dags/exchange_rate_pipeline.py took 0.624 seconds
[2024-05-08T19:02:24.866+0000] {processor.py:161} INFO - Started process (PID=71) to work on /opt/airflow/dags/exchange_rate_pipeline.py
[2024-05-08T19:02:24.867+0000] {processor.py:830} INFO - Processing file /opt/airflow/dags/exchange_rate_pipeline.py for tasks to queue
[2024-05-08T19:02:24.869+0000] {logging_mixin.py:188} INFO - [2024-05-08T19:02:24.868+0000] {dagbag.py:545} INFO - Filling up the DagBag from /opt/airflow/dags/exchange_rate_pipeline.py
[2024-05-08T19:02:25.569+0000] {processor.py:840} INFO - DAG(s) 'exchange_rate_etl' retrieved from /opt/airflow/dags/exchange_rate_pipeline.py
[2024-05-08T19:02:25.744+0000] {logging_mixin.py:188} INFO - [2024-05-08T19:02:25.744+0000] {dag.py:3096} INFO - Sync 1 DAGs
[2024-05-08T19:02:25.961+0000] {logging_mixin.py:188} INFO - [2024-05-08T19:02:25.960+0000] {dag.py:3954} INFO - Setting next_dagrun for exchange_rate_etl to None, run_after=None
[2024-05-08T19:02:26.368+0000] {processor.py:183} INFO - Processing /opt/airflow/dags/exchange_rate_pipeline.py took 1.508 seconds
[2024-05-08T19:02:57.111+0000] {processor.py:161} INFO - Started process (PID=81) to work on /opt/airflow/dags/exchange_rate_pipeline.py
[2024-05-08T19:02:57.112+0000] {processor.py:830} INFO - Processing file /opt/airflow/dags/exchange_rate_pipeline.py for tasks to queue
[2024-05-08T19:02:57.114+0000] {logging_mixin.py:188} INFO - [2024-05-08T19:02:57.113+0000] {dagbag.py:545} INFO - Filling up the DagBag from /opt/airflow/dags/exchange_rate_pipeline.py
[2024-05-08T19:02:57.608+0000] {processor.py:840} INFO - DAG(s) 'exchange_rate_etl' retrieved from /opt/airflow/dags/exchange_rate_pipeline.py
[2024-05-08T19:02:57.635+0000] {logging_mixin.py:188} INFO - [2024-05-08T19:02:57.635+0000] {dag.py:3096} INFO - Sync 1 DAGs
[2024-05-08T19:02:57.661+0000] {logging_mixin.py:188} INFO - [2024-05-08T19:02:57.660+0000] {dag.py:3954} INFO - Setting next_dagrun for exchange_rate_etl to None, run_after=None
[2024-05-08T19:02:57.896+0000] {processor.py:183} INFO - Processing /opt/airflow/dags/exchange_rate_pipeline.py took 0.794 seconds
[2024-05-08T19:03:44.562+0000] {processor.py:161} INFO - Started process (PID=53) to work on /opt/airflow/dags/exchange_rate_pipeline.py
[2024-05-08T19:03:44.564+0000] {processor.py:830} INFO - Processing file /opt/airflow/dags/exchange_rate_pipeline.py for tasks to queue
[2024-05-08T19:03:44.566+0000] {logging_mixin.py:188} INFO - [2024-05-08T19:03:44.565+0000] {dagbag.py:545} INFO - Filling up the DagBag from /opt/airflow/dags/exchange_rate_pipeline.py
[2024-05-08T19:03:45.036+0000] {processor.py:840} INFO - DAG(s) 'exchange_rate_etl' retrieved from /opt/airflow/dags/exchange_rate_pipeline.py
[2024-05-08T19:03:45.235+0000] {logging_mixin.py:188} INFO - [2024-05-08T19:03:45.235+0000] {dag.py:3096} INFO - Sync 1 DAGs
[2024-05-08T19:03:45.272+0000] {logging_mixin.py:188} INFO - [2024-05-08T19:03:45.272+0000] {dag.py:3954} INFO - Setting next_dagrun for exchange_rate_etl to None, run_after=None
[2024-05-08T19:03:45.364+0000] {processor.py:183} INFO - Processing /opt/airflow/dags/exchange_rate_pipeline.py took 0.809 seconds
[2024-05-08T19:04:16.235+0000] {processor.py:161} INFO - Started process (PID=71) to work on /opt/airflow/dags/exchange_rate_pipeline.py
[2024-05-08T19:04:16.236+0000] {processor.py:830} INFO - Processing file /opt/airflow/dags/exchange_rate_pipeline.py for tasks to queue
[2024-05-08T19:04:16.239+0000] {logging_mixin.py:188} INFO - [2024-05-08T19:04:16.238+0000] {dagbag.py:545} INFO - Filling up the DagBag from /opt/airflow/dags/exchange_rate_pipeline.py
[2024-05-08T19:04:16.846+0000] {processor.py:840} INFO - DAG(s) 'exchange_rate_etl' retrieved from /opt/airflow/dags/exchange_rate_pipeline.py
[2024-05-08T19:04:17.018+0000] {logging_mixin.py:188} INFO - [2024-05-08T19:04:17.017+0000] {dag.py:3096} INFO - Sync 1 DAGs
[2024-05-08T19:04:17.050+0000] {logging_mixin.py:188} INFO - [2024-05-08T19:04:17.050+0000] {dag.py:3954} INFO - Setting next_dagrun for exchange_rate_etl to None, run_after=None
[2024-05-08T19:04:17.136+0000] {processor.py:183} INFO - Processing /opt/airflow/dags/exchange_rate_pipeline.py took 0.909 seconds
[2024-05-08T19:04:48.072+0000] {processor.py:161} INFO - Started process (PID=81) to work on /opt/airflow/dags/exchange_rate_pipeline.py
[2024-05-08T19:04:48.074+0000] {processor.py:830} INFO - Processing file /opt/airflow/dags/exchange_rate_pipeline.py for tasks to queue
[2024-05-08T19:04:48.076+0000] {logging_mixin.py:188} INFO - [2024-05-08T19:04:48.076+0000] {dagbag.py:545} INFO - Filling up the DagBag from /opt/airflow/dags/exchange_rate_pipeline.py
[2024-05-08T19:04:48.679+0000] {processor.py:840} INFO - DAG(s) 'exchange_rate_etl' retrieved from /opt/airflow/dags/exchange_rate_pipeline.py
[2024-05-08T19:04:48.843+0000] {logging_mixin.py:188} INFO - [2024-05-08T19:04:48.842+0000] {dag.py:3096} INFO - Sync 1 DAGs
[2024-05-08T19:04:48.872+0000] {logging_mixin.py:188} INFO - [2024-05-08T19:04:48.872+0000] {dag.py:3954} INFO - Setting next_dagrun for exchange_rate_etl to None, run_after=None
[2024-05-08T19:04:48.880+0000] {processor.py:186} ERROR - Got an exception! Propagating...
Traceback (most recent call last):
  File "/home/airflow/.local/lib/python3.12/site-packages/airflow/dag_processing/processor.py", line 182, in _run_file_processor
    _handle_dag_file_processing()
  File "/home/airflow/.local/lib/python3.12/site-packages/airflow/dag_processing/processor.py", line 163, in _handle_dag_file_processing
    result: tuple[int, int] = dag_file_processor.process_file(
                              ^^^^^^^^^^^^^^^^^^^^^^^^^^^^^^^^
  File "/home/airflow/.local/lib/python3.12/site-packages/airflow/utils/session.py", line 79, in wrapper
    return func(*args, session=session, **kwargs)
           ^^^^^^^^^^^^^^^^^^^^^^^^^^^^^^^^^^^^^^
  File "/home/airflow/.local/lib/python3.12/site-packages/airflow/dag_processing/processor.py", line 859, in process_file
    serialize_errors = DagFileProcessor.save_dag_to_db(
                       ^^^^^^^^^^^^^^^^^^^^^^^^^^^^^^^^
  File "/home/airflow/.local/lib/python3.12/site-packages/airflow/api_internal/internal_api_call.py", line 115, in wrapper
    return func(*args, **kwargs)
           ^^^^^^^^^^^^^^^^^^^^^
  File "/home/airflow/.local/lib/python3.12/site-packages/airflow/utils/session.py", line 79, in wrapper
    return func(*args, session=session, **kwargs)
           ^^^^^^^^^^^^^^^^^^^^^^^^^^^^^^^^^^^^^^
  File "/home/airflow/.local/lib/python3.12/site-packages/airflow/dag_processing/processor.py", line 895, in save_dag_to_db
    import_errors = DagBag._sync_to_db(dags=dags, processor_subdir=dag_directory, session=session)
                    ^^^^^^^^^^^^^^^^^^^^^^^^^^^^^^^^^^^^^^^^^^^^^^^^^^^^^^^^^^^^^^^^^^^^^^^^^^^^^^
  File "/home/airflow/.local/lib/python3.12/site-packages/airflow/utils/session.py", line 76, in wrapper
    return func(*args, **kwargs)
           ^^^^^^^^^^^^^^^^^^^^^
  File "/home/airflow/.local/lib/python3.12/site-packages/airflow/models/dagbag.py", line 664, in _sync_to_db
    for attempt in run_with_db_retries(logger=log):
  File "/home/airflow/.local/lib/python3.12/site-packages/tenacity/__init__.py", line 347, in __iter__
    do = self.iter(retry_state=retry_state)
         ^^^^^^^^^^^^^^^^^^^^^^^^^^^^^^^^^^
  File "/home/airflow/.local/lib/python3.12/site-packages/tenacity/__init__.py", line 314, in iter
    return fut.result()
           ^^^^^^^^^^^^
  File "/usr/local/lib/python3.12/concurrent/futures/_base.py", line 449, in result
    return self.__get_result()
           ^^^^^^^^^^^^^^^^^^^
  File "/usr/local/lib/python3.12/concurrent/futures/_base.py", line 401, in __get_result
    raise self._exception
  File "/home/airflow/.local/lib/python3.12/site-packages/airflow/models/dagbag.py", line 680, in _sync_to_db
    DAG.bulk_write_to_db(dags.values(), processor_subdir=processor_subdir, session=session)
  File "/home/airflow/.local/lib/python3.12/site-packages/airflow/utils/session.py", line 76, in wrapper
    return func(*args, **kwargs)
           ^^^^^^^^^^^^^^^^^^^^^
  File "/home/airflow/.local/lib/python3.12/site-packages/airflow/models/dag.py", line 3199, in bulk_write_to_db
    DagCode.bulk_sync_to_db(filelocs, session=session)
  File "/home/airflow/.local/lib/python3.12/site-packages/airflow/utils/session.py", line 76, in wrapper
    return func(*args, **kwargs)
           ^^^^^^^^^^^^^^^^^^^^^
  File "/home/airflow/.local/lib/python3.12/site-packages/airflow/models/dagcode.py", line 119, in bulk_sync_to_db
    os.path.getmtime(correct_maybe_zipped(fileloc)), tz=timezone.utc
    ^^^^^^^^^^^^^^^^^^^^^^^^^^^^^^^^^^^^^^^^^^^^^^^
  File "<frozen genericpath>", line 67, in getmtime
FileNotFoundError: [Errno 2] No such file or directory: '/opt/airflow/dags/exchange_rate_pipeline.py'
