[2024-05-08T08:43:24.104+0000] {processor.py:161} INFO - Started process (PID=735) to work on /opt/airflow/dags/extract_data_dag.py
[2024-05-08T08:43:24.106+0000] {processor.py:830} INFO - Processing file /opt/airflow/dags/extract_data_dag.py for tasks to queue
[2024-05-08T08:43:24.108+0000] {logging_mixin.py:188} INFO - [2024-05-08T08:43:24.107+0000] {dagbag.py:545} INFO - Filling up the DagBag from /opt/airflow/dags/extract_data_dag.py
[2024-05-08T08:43:24.164+0000] {processor.py:840} INFO - DAG(s) 'extract_data_dag' retrieved from /opt/airflow/dags/extract_data_dag.py
[2024-05-08T08:43:24.534+0000] {logging_mixin.py:188} INFO - [2024-05-08T08:43:24.532+0000] {override.py:1829} INFO - Created Permission View: can delete on DAG:extract_data_dag
[2024-05-08T08:43:24.605+0000] {logging_mixin.py:188} INFO - [2024-05-08T08:43:24.604+0000] {override.py:1829} INFO - Created Permission View: can edit on DAG:extract_data_dag
[2024-05-08T08:43:24.656+0000] {logging_mixin.py:188} INFO - [2024-05-08T08:43:24.655+0000] {override.py:1829} INFO - Created Permission View: can read on DAG:extract_data_dag
[2024-05-08T08:43:24.657+0000] {logging_mixin.py:188} INFO - [2024-05-08T08:43:24.657+0000] {dag.py:3096} INFO - Sync 1 DAGs
[2024-05-08T08:43:24.699+0000] {logging_mixin.py:188} INFO - [2024-05-08T08:43:24.699+0000] {dag.py:3118} INFO - Creating ORM DAG for extract_data_dag
[2024-05-08T08:43:24.720+0000] {logging_mixin.py:188} INFO - [2024-05-08T08:43:24.719+0000] {dag.py:3954} INFO - Setting next_dagrun for extract_data_dag to 2024-05-01 00:00:00+00:00, run_after=2024-05-02 00:00:00+00:00
[2024-05-08T08:43:24.818+0000] {processor.py:183} INFO - Processing /opt/airflow/dags/extract_data_dag.py took 0.730 seconds
[2024-05-08T08:43:55.789+0000] {processor.py:161} INFO - Started process (PID=738) to work on /opt/airflow/dags/extract_data_dag.py
[2024-05-08T08:43:55.791+0000] {processor.py:830} INFO - Processing file /opt/airflow/dags/extract_data_dag.py for tasks to queue
[2024-05-08T08:43:55.793+0000] {logging_mixin.py:188} INFO - [2024-05-08T08:43:55.792+0000] {dagbag.py:545} INFO - Filling up the DagBag from /opt/airflow/dags/extract_data_dag.py
[2024-05-08T08:43:55.848+0000] {processor.py:840} INFO - DAG(s) 'extract_data_dag' retrieved from /opt/airflow/dags/extract_data_dag.py
[2024-05-08T08:43:55.905+0000] {logging_mixin.py:188} INFO - [2024-05-08T08:43:55.904+0000] {dag.py:3096} INFO - Sync 1 DAGs
[2024-05-08T08:43:55.950+0000] {logging_mixin.py:188} INFO - [2024-05-08T08:43:55.950+0000] {dag.py:3954} INFO - Setting next_dagrun for extract_data_dag to 2024-05-01 00:00:00+00:00, run_after=2024-05-02 00:00:00+00:00
[2024-05-08T08:43:56.075+0000] {processor.py:183} INFO - Processing /opt/airflow/dags/extract_data_dag.py took 0.296 seconds
[2024-05-08T08:44:26.449+0000] {processor.py:161} INFO - Started process (PID=741) to work on /opt/airflow/dags/extract_data_dag.py
[2024-05-08T08:44:26.456+0000] {processor.py:830} INFO - Processing file /opt/airflow/dags/extract_data_dag.py for tasks to queue
[2024-05-08T08:44:26.465+0000] {logging_mixin.py:188} INFO - [2024-05-08T08:44:26.463+0000] {dagbag.py:545} INFO - Filling up the DagBag from /opt/airflow/dags/extract_data_dag.py
[2024-05-08T08:44:26.614+0000] {processor.py:840} INFO - DAG(s) 'extract_data_dag' retrieved from /opt/airflow/dags/extract_data_dag.py
[2024-05-08T08:44:26.709+0000] {logging_mixin.py:188} INFO - [2024-05-08T08:44:26.708+0000] {dag.py:3096} INFO - Sync 1 DAGs
[2024-05-08T08:44:26.818+0000] {logging_mixin.py:188} INFO - [2024-05-08T08:44:26.817+0000] {dag.py:3954} INFO - Setting next_dagrun for extract_data_dag to 2024-05-01 00:00:00+00:00, run_after=2024-05-02 00:00:00+00:00
[2024-05-08T08:44:27.105+0000] {processor.py:183} INFO - Processing /opt/airflow/dags/extract_data_dag.py took 0.694 seconds
[2024-05-08T08:44:57.691+0000] {processor.py:161} INFO - Started process (PID=744) to work on /opt/airflow/dags/extract_data_dag.py
[2024-05-08T08:44:57.694+0000] {processor.py:830} INFO - Processing file /opt/airflow/dags/extract_data_dag.py for tasks to queue
[2024-05-08T08:44:57.698+0000] {logging_mixin.py:188} INFO - [2024-05-08T08:44:57.697+0000] {dagbag.py:545} INFO - Filling up the DagBag from /opt/airflow/dags/extract_data_dag.py
[2024-05-08T08:44:57.769+0000] {processor.py:840} INFO - DAG(s) 'extract_data_dag' retrieved from /opt/airflow/dags/extract_data_dag.py
[2024-05-08T08:44:57.870+0000] {logging_mixin.py:188} INFO - [2024-05-08T08:44:57.868+0000] {dag.py:3096} INFO - Sync 1 DAGs
[2024-05-08T08:44:57.958+0000] {logging_mixin.py:188} INFO - [2024-05-08T08:44:57.957+0000] {dag.py:3954} INFO - Setting next_dagrun for extract_data_dag to 2024-05-01 00:00:00+00:00, run_after=2024-05-02 00:00:00+00:00
[2024-05-08T08:44:58.145+0000] {processor.py:183} INFO - Processing /opt/airflow/dags/extract_data_dag.py took 0.475 seconds
[2024-05-08T08:46:26.527+0000] {processor.py:161} INFO - Started process (PID=783) to work on /opt/airflow/dags/extract_data_dag.py
[2024-05-08T08:46:26.531+0000] {processor.py:830} INFO - Processing file /opt/airflow/dags/extract_data_dag.py for tasks to queue
[2024-05-08T08:46:26.538+0000] {logging_mixin.py:188} INFO - [2024-05-08T08:46:26.535+0000] {dagbag.py:545} INFO - Filling up the DagBag from /opt/airflow/dags/extract_data_dag.py
[2024-05-08T08:46:26.635+0000] {processor.py:840} INFO - DAG(s) 'extract_data_dag' retrieved from /opt/airflow/dags/extract_data_dag.py
[2024-05-08T08:46:26.786+0000] {logging_mixin.py:188} INFO - [2024-05-08T08:46:26.786+0000] {dag.py:3096} INFO - Sync 1 DAGs
[2024-05-08T08:46:26.856+0000] {logging_mixin.py:188} INFO - [2024-05-08T08:46:26.855+0000] {dag.py:3954} INFO - Setting next_dagrun for extract_data_dag to 2024-05-03 00:00:00+00:00, run_after=2024-05-04 00:00:00+00:00
[2024-05-08T08:46:26.997+0000] {processor.py:183} INFO - Processing /opt/airflow/dags/extract_data_dag.py took 0.495 seconds
[2024-05-08T08:47:37.643+0000] {processor.py:161} INFO - Started process (PID=822) to work on /opt/airflow/dags/extract_data_dag.py
[2024-05-08T08:47:37.646+0000] {processor.py:830} INFO - Processing file /opt/airflow/dags/extract_data_dag.py for tasks to queue
[2024-05-08T08:47:37.653+0000] {logging_mixin.py:188} INFO - [2024-05-08T08:47:37.650+0000] {dagbag.py:545} INFO - Filling up the DagBag from /opt/airflow/dags/extract_data_dag.py
[2024-05-08T08:47:37.721+0000] {processor.py:840} INFO - DAG(s) 'extract_data_dag' retrieved from /opt/airflow/dags/extract_data_dag.py
[2024-05-08T08:47:37.816+0000] {logging_mixin.py:188} INFO - [2024-05-08T08:47:37.815+0000] {dag.py:3096} INFO - Sync 1 DAGs
[2024-05-08T08:47:37.887+0000] {logging_mixin.py:188} INFO - [2024-05-08T08:47:37.886+0000] {dag.py:3954} INFO - Setting next_dagrun for extract_data_dag to 2024-05-05 00:00:00+00:00, run_after=2024-05-06 00:00:00+00:00
[2024-05-08T08:47:38.019+0000] {processor.py:183} INFO - Processing /opt/airflow/dags/extract_data_dag.py took 0.395 seconds
[2024-05-08T08:48:17.026+0000] {processor.py:161} INFO - Started process (PID=843) to work on /opt/airflow/dags/extract_data_dag.py
[2024-05-08T08:48:17.030+0000] {processor.py:830} INFO - Processing file /opt/airflow/dags/extract_data_dag.py for tasks to queue
[2024-05-08T08:48:17.037+0000] {logging_mixin.py:188} INFO - [2024-05-08T08:48:17.035+0000] {dagbag.py:545} INFO - Filling up the DagBag from /opt/airflow/dags/extract_data_dag.py
[2024-05-08T08:48:17.086+0000] {processor.py:840} INFO - DAG(s) 'extract_data_dag' retrieved from /opt/airflow/dags/extract_data_dag.py
[2024-05-08T08:48:17.169+0000] {logging_mixin.py:188} INFO - [2024-05-08T08:48:17.168+0000] {dag.py:3096} INFO - Sync 1 DAGs
[2024-05-08T08:48:17.372+0000] {logging_mixin.py:188} INFO - [2024-05-08T08:48:17.370+0000] {dag.py:3954} INFO - Setting next_dagrun for extract_data_dag to 2024-05-07 00:00:00+00:00, run_after=2024-05-08 00:00:00+00:00
[2024-05-08T08:48:17.524+0000] {processor.py:183} INFO - Processing /opt/airflow/dags/extract_data_dag.py took 0.526 seconds
[2024-05-08T08:48:48.841+0000] {processor.py:161} INFO - Started process (PID=855) to work on /opt/airflow/dags/extract_data_dag.py
[2024-05-08T08:48:48.847+0000] {processor.py:830} INFO - Processing file /opt/airflow/dags/extract_data_dag.py for tasks to queue
[2024-05-08T08:48:48.854+0000] {logging_mixin.py:188} INFO - [2024-05-08T08:48:48.852+0000] {dagbag.py:545} INFO - Filling up the DagBag from /opt/airflow/dags/extract_data_dag.py
[2024-05-08T08:48:48.963+0000] {processor.py:840} INFO - DAG(s) 'extract_data_dag' retrieved from /opt/airflow/dags/extract_data_dag.py
[2024-05-08T08:48:49.127+0000] {logging_mixin.py:188} INFO - [2024-05-08T08:48:49.123+0000] {dag.py:3096} INFO - Sync 1 DAGs
[2024-05-08T08:48:49.269+0000] {logging_mixin.py:188} INFO - [2024-05-08T08:48:49.267+0000] {dag.py:3954} INFO - Setting next_dagrun for extract_data_dag to 2024-05-08 00:00:00+00:00, run_after=2024-05-09 00:00:00+00:00
[2024-05-08T08:48:49.548+0000] {processor.py:183} INFO - Processing /opt/airflow/dags/extract_data_dag.py took 0.739 seconds
[2024-05-08T08:49:21.030+0000] {processor.py:161} INFO - Started process (PID=858) to work on /opt/airflow/dags/extract_data_dag.py
[2024-05-08T08:49:21.034+0000] {processor.py:830} INFO - Processing file /opt/airflow/dags/extract_data_dag.py for tasks to queue
[2024-05-08T08:49:21.039+0000] {logging_mixin.py:188} INFO - [2024-05-08T08:49:21.037+0000] {dagbag.py:545} INFO - Filling up the DagBag from /opt/airflow/dags/extract_data_dag.py
[2024-05-08T08:49:21.176+0000] {processor.py:840} INFO - DAG(s) 'extract_data_dag' retrieved from /opt/airflow/dags/extract_data_dag.py
[2024-05-08T08:49:21.375+0000] {logging_mixin.py:188} INFO - [2024-05-08T08:49:21.373+0000] {dag.py:3096} INFO - Sync 1 DAGs
[2024-05-08T08:49:21.518+0000] {logging_mixin.py:188} INFO - [2024-05-08T08:49:21.517+0000] {dag.py:3954} INFO - Setting next_dagrun for extract_data_dag to 2024-05-08 00:00:00+00:00, run_after=2024-05-09 00:00:00+00:00
[2024-05-08T08:49:21.859+0000] {processor.py:183} INFO - Processing /opt/airflow/dags/extract_data_dag.py took 0.863 seconds
[2024-05-08T08:49:52.684+0000] {processor.py:161} INFO - Started process (PID=861) to work on /opt/airflow/dags/extract_data_dag.py
[2024-05-08T08:49:52.685+0000] {processor.py:830} INFO - Processing file /opt/airflow/dags/extract_data_dag.py for tasks to queue
[2024-05-08T08:49:52.688+0000] {logging_mixin.py:188} INFO - [2024-05-08T08:49:52.687+0000] {dagbag.py:545} INFO - Filling up the DagBag from /opt/airflow/dags/extract_data_dag.py
[2024-05-08T08:49:52.775+0000] {processor.py:840} INFO - DAG(s) 'extract_data_dag' retrieved from /opt/airflow/dags/extract_data_dag.py
[2024-05-08T08:49:52.954+0000] {logging_mixin.py:188} INFO - [2024-05-08T08:49:52.952+0000] {dag.py:3096} INFO - Sync 1 DAGs
[2024-05-08T08:49:53.124+0000] {logging_mixin.py:188} INFO - [2024-05-08T08:49:53.123+0000] {dag.py:3954} INFO - Setting next_dagrun for extract_data_dag to 2024-05-08 00:00:00+00:00, run_after=2024-05-09 00:00:00+00:00
[2024-05-08T08:49:53.427+0000] {processor.py:183} INFO - Processing /opt/airflow/dags/extract_data_dag.py took 0.755 seconds
[2024-05-08T08:50:24.004+0000] {processor.py:161} INFO - Started process (PID=864) to work on /opt/airflow/dags/extract_data_dag.py
[2024-05-08T08:50:24.011+0000] {processor.py:830} INFO - Processing file /opt/airflow/dags/extract_data_dag.py for tasks to queue
[2024-05-08T08:50:24.019+0000] {logging_mixin.py:188} INFO - [2024-05-08T08:50:24.016+0000] {dagbag.py:545} INFO - Filling up the DagBag from /opt/airflow/dags/extract_data_dag.py
[2024-05-08T08:50:24.152+0000] {processor.py:840} INFO - DAG(s) 'extract_data_dag' retrieved from /opt/airflow/dags/extract_data_dag.py
[2024-05-08T08:50:24.351+0000] {logging_mixin.py:188} INFO - [2024-05-08T08:50:24.349+0000] {dag.py:3096} INFO - Sync 1 DAGs
[2024-05-08T08:50:24.456+0000] {logging_mixin.py:188} INFO - [2024-05-08T08:50:24.454+0000] {dag.py:3954} INFO - Setting next_dagrun for extract_data_dag to 2024-05-08 00:00:00+00:00, run_after=2024-05-09 00:00:00+00:00
[2024-05-08T08:50:24.848+0000] {processor.py:183} INFO - Processing /opt/airflow/dags/extract_data_dag.py took 0.882 seconds
[2024-05-08T08:50:55.903+0000] {processor.py:161} INFO - Started process (PID=867) to work on /opt/airflow/dags/extract_data_dag.py
[2024-05-08T08:50:55.909+0000] {processor.py:830} INFO - Processing file /opt/airflow/dags/extract_data_dag.py for tasks to queue
[2024-05-08T08:50:55.915+0000] {logging_mixin.py:188} INFO - [2024-05-08T08:50:55.913+0000] {dagbag.py:545} INFO - Filling up the DagBag from /opt/airflow/dags/extract_data_dag.py
[2024-05-08T08:50:56.032+0000] {processor.py:840} INFO - DAG(s) 'extract_data_dag' retrieved from /opt/airflow/dags/extract_data_dag.py
[2024-05-08T08:50:56.210+0000] {logging_mixin.py:188} INFO - [2024-05-08T08:50:56.208+0000] {dag.py:3096} INFO - Sync 1 DAGs
[2024-05-08T08:50:56.383+0000] {logging_mixin.py:188} INFO - [2024-05-08T08:50:56.380+0000] {dag.py:3954} INFO - Setting next_dagrun for extract_data_dag to 2024-05-08 00:00:00+00:00, run_after=2024-05-09 00:00:00+00:00
[2024-05-08T08:50:56.706+0000] {processor.py:183} INFO - Processing /opt/airflow/dags/extract_data_dag.py took 0.837 seconds
[2024-05-08T08:51:27.792+0000] {processor.py:161} INFO - Started process (PID=870) to work on /opt/airflow/dags/extract_data_dag.py
[2024-05-08T08:51:27.796+0000] {processor.py:830} INFO - Processing file /opt/airflow/dags/extract_data_dag.py for tasks to queue
[2024-05-08T08:51:27.802+0000] {logging_mixin.py:188} INFO - [2024-05-08T08:51:27.800+0000] {dagbag.py:545} INFO - Filling up the DagBag from /opt/airflow/dags/extract_data_dag.py
[2024-05-08T08:51:27.935+0000] {processor.py:840} INFO - DAG(s) 'extract_data_dag' retrieved from /opt/airflow/dags/extract_data_dag.py
[2024-05-08T08:51:28.144+0000] {logging_mixin.py:188} INFO - [2024-05-08T08:51:28.142+0000] {dag.py:3096} INFO - Sync 1 DAGs
[2024-05-08T08:51:28.203+0000] {logging_mixin.py:188} INFO - [2024-05-08T08:51:28.202+0000] {dag.py:3954} INFO - Setting next_dagrun for extract_data_dag to 2024-05-08 00:00:00+00:00, run_after=2024-05-09 00:00:00+00:00
[2024-05-08T08:51:28.322+0000] {processor.py:183} INFO - Processing /opt/airflow/dags/extract_data_dag.py took 0.572 seconds
[2024-05-08T08:51:59.422+0000] {processor.py:161} INFO - Started process (PID=873) to work on /opt/airflow/dags/extract_data_dag.py
[2024-05-08T08:51:59.425+0000] {processor.py:830} INFO - Processing file /opt/airflow/dags/extract_data_dag.py for tasks to queue
[2024-05-08T08:51:59.428+0000] {logging_mixin.py:188} INFO - [2024-05-08T08:51:59.427+0000] {dagbag.py:545} INFO - Filling up the DagBag from /opt/airflow/dags/extract_data_dag.py
[2024-05-08T08:51:59.481+0000] {processor.py:840} INFO - DAG(s) 'extract_data_dag' retrieved from /opt/airflow/dags/extract_data_dag.py
[2024-05-08T08:51:59.563+0000] {logging_mixin.py:188} INFO - [2024-05-08T08:51:59.563+0000] {dag.py:3096} INFO - Sync 1 DAGs
[2024-05-08T08:51:59.673+0000] {logging_mixin.py:188} INFO - [2024-05-08T08:51:59.672+0000] {dag.py:3954} INFO - Setting next_dagrun for extract_data_dag to 2024-05-08 00:00:00+00:00, run_after=2024-05-09 00:00:00+00:00
[2024-05-08T08:51:59.979+0000] {processor.py:183} INFO - Processing /opt/airflow/dags/extract_data_dag.py took 0.587 seconds
[2024-05-08T08:52:31.003+0000] {processor.py:161} INFO - Started process (PID=876) to work on /opt/airflow/dags/extract_data_dag.py
[2024-05-08T08:52:31.009+0000] {processor.py:830} INFO - Processing file /opt/airflow/dags/extract_data_dag.py for tasks to queue
[2024-05-08T08:52:31.020+0000] {logging_mixin.py:188} INFO - [2024-05-08T08:52:31.016+0000] {dagbag.py:545} INFO - Filling up the DagBag from /opt/airflow/dags/extract_data_dag.py
[2024-05-08T08:52:31.149+0000] {processor.py:840} INFO - DAG(s) 'extract_data_dag' retrieved from /opt/airflow/dags/extract_data_dag.py
[2024-05-08T08:52:31.313+0000] {logging_mixin.py:188} INFO - [2024-05-08T08:52:31.311+0000] {dag.py:3096} INFO - Sync 1 DAGs
[2024-05-08T08:52:31.510+0000] {logging_mixin.py:188} INFO - [2024-05-08T08:52:31.508+0000] {dag.py:3954} INFO - Setting next_dagrun for extract_data_dag to 2024-05-08 00:00:00+00:00, run_after=2024-05-09 00:00:00+00:00
[2024-05-08T08:52:31.771+0000] {processor.py:183} INFO - Processing /opt/airflow/dags/extract_data_dag.py took 0.808 seconds
[2024-05-08T08:53:02.789+0000] {processor.py:161} INFO - Started process (PID=879) to work on /opt/airflow/dags/extract_data_dag.py
[2024-05-08T08:53:02.794+0000] {processor.py:830} INFO - Processing file /opt/airflow/dags/extract_data_dag.py for tasks to queue
[2024-05-08T08:53:02.800+0000] {logging_mixin.py:188} INFO - [2024-05-08T08:53:02.798+0000] {dagbag.py:545} INFO - Filling up the DagBag from /opt/airflow/dags/extract_data_dag.py
[2024-05-08T08:53:02.924+0000] {processor.py:840} INFO - DAG(s) 'extract_data_dag' retrieved from /opt/airflow/dags/extract_data_dag.py
[2024-05-08T08:53:03.106+0000] {logging_mixin.py:188} INFO - [2024-05-08T08:53:03.105+0000] {dag.py:3096} INFO - Sync 1 DAGs
[2024-05-08T08:53:03.254+0000] {logging_mixin.py:188} INFO - [2024-05-08T08:53:03.252+0000] {dag.py:3954} INFO - Setting next_dagrun for extract_data_dag to 2024-05-08 00:00:00+00:00, run_after=2024-05-09 00:00:00+00:00
[2024-05-08T08:53:03.587+0000] {processor.py:183} INFO - Processing /opt/airflow/dags/extract_data_dag.py took 0.835 seconds
[2024-05-08T08:53:34.918+0000] {processor.py:161} INFO - Started process (PID=882) to work on /opt/airflow/dags/extract_data_dag.py
[2024-05-08T08:53:34.923+0000] {processor.py:830} INFO - Processing file /opt/airflow/dags/extract_data_dag.py for tasks to queue
[2024-05-08T08:53:34.929+0000] {logging_mixin.py:188} INFO - [2024-05-08T08:53:34.927+0000] {dagbag.py:545} INFO - Filling up the DagBag from /opt/airflow/dags/extract_data_dag.py
[2024-05-08T08:53:35.074+0000] {processor.py:840} INFO - DAG(s) 'extract_data_dag' retrieved from /opt/airflow/dags/extract_data_dag.py
[2024-05-08T08:53:35.245+0000] {logging_mixin.py:188} INFO - [2024-05-08T08:53:35.244+0000] {dag.py:3096} INFO - Sync 1 DAGs
[2024-05-08T08:53:35.399+0000] {logging_mixin.py:188} INFO - [2024-05-08T08:53:35.398+0000] {dag.py:3954} INFO - Setting next_dagrun for extract_data_dag to 2024-05-08 00:00:00+00:00, run_after=2024-05-09 00:00:00+00:00
[2024-05-08T08:53:35.734+0000] {processor.py:183} INFO - Processing /opt/airflow/dags/extract_data_dag.py took 0.858 seconds
[2024-05-08T08:54:07.099+0000] {processor.py:161} INFO - Started process (PID=885) to work on /opt/airflow/dags/extract_data_dag.py
[2024-05-08T08:54:07.101+0000] {processor.py:830} INFO - Processing file /opt/airflow/dags/extract_data_dag.py for tasks to queue
[2024-05-08T08:54:07.105+0000] {logging_mixin.py:188} INFO - [2024-05-08T08:54:07.103+0000] {dagbag.py:545} INFO - Filling up the DagBag from /opt/airflow/dags/extract_data_dag.py
[2024-05-08T08:54:07.176+0000] {processor.py:840} INFO - DAG(s) 'extract_data_dag' retrieved from /opt/airflow/dags/extract_data_dag.py
[2024-05-08T08:54:07.332+0000] {logging_mixin.py:188} INFO - [2024-05-08T08:54:07.331+0000] {dag.py:3096} INFO - Sync 1 DAGs
[2024-05-08T08:54:07.490+0000] {logging_mixin.py:188} INFO - [2024-05-08T08:54:07.488+0000] {dag.py:3954} INFO - Setting next_dagrun for extract_data_dag to 2024-05-08 00:00:00+00:00, run_after=2024-05-09 00:00:00+00:00
[2024-05-08T08:54:07.803+0000] {processor.py:183} INFO - Processing /opt/airflow/dags/extract_data_dag.py took 0.719 seconds
[2024-05-08T08:54:38.638+0000] {processor.py:161} INFO - Started process (PID=888) to work on /opt/airflow/dags/extract_data_dag.py
[2024-05-08T08:54:38.643+0000] {processor.py:830} INFO - Processing file /opt/airflow/dags/extract_data_dag.py for tasks to queue
[2024-05-08T08:54:38.648+0000] {logging_mixin.py:188} INFO - [2024-05-08T08:54:38.647+0000] {dagbag.py:545} INFO - Filling up the DagBag from /opt/airflow/dags/extract_data_dag.py
[2024-05-08T08:54:38.740+0000] {processor.py:840} INFO - DAG(s) 'extract_data_dag' retrieved from /opt/airflow/dags/extract_data_dag.py
[2024-05-08T08:54:38.843+0000] {logging_mixin.py:188} INFO - [2024-05-08T08:54:38.843+0000] {dag.py:3096} INFO - Sync 1 DAGs
[2024-05-08T08:54:39.003+0000] {logging_mixin.py:188} INFO - [2024-05-08T08:54:39.002+0000] {dag.py:3954} INFO - Setting next_dagrun for extract_data_dag to 2024-05-08 00:00:00+00:00, run_after=2024-05-09 00:00:00+00:00
[2024-05-08T08:54:39.144+0000] {processor.py:183} INFO - Processing /opt/airflow/dags/extract_data_dag.py took 0.540 seconds
[2024-05-08T08:55:09.782+0000] {processor.py:161} INFO - Started process (PID=891) to work on /opt/airflow/dags/extract_data_dag.py
[2024-05-08T08:55:09.785+0000] {processor.py:830} INFO - Processing file /opt/airflow/dags/extract_data_dag.py for tasks to queue
[2024-05-08T08:55:09.788+0000] {logging_mixin.py:188} INFO - [2024-05-08T08:55:09.787+0000] {dagbag.py:545} INFO - Filling up the DagBag from /opt/airflow/dags/extract_data_dag.py
[2024-05-08T08:55:09.843+0000] {processor.py:840} INFO - DAG(s) 'extract_data_dag' retrieved from /opt/airflow/dags/extract_data_dag.py
[2024-05-08T08:55:09.948+0000] {logging_mixin.py:188} INFO - [2024-05-08T08:55:09.947+0000] {dag.py:3096} INFO - Sync 1 DAGs
[2024-05-08T08:55:10.046+0000] {logging_mixin.py:188} INFO - [2024-05-08T08:55:10.045+0000] {dag.py:3954} INFO - Setting next_dagrun for extract_data_dag to 2024-05-08 00:00:00+00:00, run_after=2024-05-09 00:00:00+00:00
[2024-05-08T08:55:10.268+0000] {processor.py:183} INFO - Processing /opt/airflow/dags/extract_data_dag.py took 0.501 seconds
[2024-05-08T08:55:41.357+0000] {processor.py:161} INFO - Started process (PID=894) to work on /opt/airflow/dags/extract_data_dag.py
[2024-05-08T08:55:41.364+0000] {processor.py:830} INFO - Processing file /opt/airflow/dags/extract_data_dag.py for tasks to queue
[2024-05-08T08:55:41.370+0000] {logging_mixin.py:188} INFO - [2024-05-08T08:55:41.368+0000] {dagbag.py:545} INFO - Filling up the DagBag from /opt/airflow/dags/extract_data_dag.py
[2024-05-08T08:55:41.511+0000] {processor.py:840} INFO - DAG(s) 'extract_data_dag' retrieved from /opt/airflow/dags/extract_data_dag.py
[2024-05-08T08:55:41.636+0000] {logging_mixin.py:188} INFO - [2024-05-08T08:55:41.635+0000] {dag.py:3096} INFO - Sync 1 DAGs
[2024-05-08T08:55:41.754+0000] {logging_mixin.py:188} INFO - [2024-05-08T08:55:41.753+0000] {dag.py:3954} INFO - Setting next_dagrun for extract_data_dag to 2024-05-08 00:00:00+00:00, run_after=2024-05-09 00:00:00+00:00
[2024-05-08T08:55:41.952+0000] {processor.py:183} INFO - Processing /opt/airflow/dags/extract_data_dag.py took 0.635 seconds
[2024-05-08T08:56:12.432+0000] {processor.py:161} INFO - Started process (PID=897) to work on /opt/airflow/dags/extract_data_dag.py
[2024-05-08T08:56:12.433+0000] {processor.py:830} INFO - Processing file /opt/airflow/dags/extract_data_dag.py for tasks to queue
[2024-05-08T08:56:12.435+0000] {logging_mixin.py:188} INFO - [2024-05-08T08:56:12.435+0000] {dagbag.py:545} INFO - Filling up the DagBag from /opt/airflow/dags/extract_data_dag.py
[2024-05-08T08:56:12.475+0000] {processor.py:840} INFO - DAG(s) 'extract_data_dag' retrieved from /opt/airflow/dags/extract_data_dag.py
[2024-05-08T08:56:12.570+0000] {logging_mixin.py:188} INFO - [2024-05-08T08:56:12.570+0000] {dag.py:3096} INFO - Sync 1 DAGs
[2024-05-08T08:56:12.636+0000] {logging_mixin.py:188} INFO - [2024-05-08T08:56:12.636+0000] {dag.py:3954} INFO - Setting next_dagrun for extract_data_dag to 2024-05-08 00:00:00+00:00, run_after=2024-05-09 00:00:00+00:00
[2024-05-08T08:56:12.781+0000] {processor.py:183} INFO - Processing /opt/airflow/dags/extract_data_dag.py took 0.370 seconds
[2024-05-08T08:56:43.073+0000] {processor.py:161} INFO - Started process (PID=900) to work on /opt/airflow/dags/extract_data_dag.py
[2024-05-08T08:56:43.077+0000] {processor.py:830} INFO - Processing file /opt/airflow/dags/extract_data_dag.py for tasks to queue
[2024-05-08T08:56:43.083+0000] {logging_mixin.py:188} INFO - [2024-05-08T08:56:43.081+0000] {dagbag.py:545} INFO - Filling up the DagBag from /opt/airflow/dags/extract_data_dag.py
[2024-05-08T08:56:43.182+0000] {processor.py:840} INFO - DAG(s) 'extract_data_dag' retrieved from /opt/airflow/dags/extract_data_dag.py
[2024-05-08T08:56:43.339+0000] {logging_mixin.py:188} INFO - [2024-05-08T08:56:43.337+0000] {dag.py:3096} INFO - Sync 1 DAGs
[2024-05-08T08:56:43.473+0000] {logging_mixin.py:188} INFO - [2024-05-08T08:56:43.471+0000] {dag.py:3954} INFO - Setting next_dagrun for extract_data_dag to 2024-05-08 00:00:00+00:00, run_after=2024-05-09 00:00:00+00:00
[2024-05-08T08:56:43.734+0000] {processor.py:183} INFO - Processing /opt/airflow/dags/extract_data_dag.py took 0.692 seconds
[2024-05-08T08:57:14.607+0000] {processor.py:161} INFO - Started process (PID=903) to work on /opt/airflow/dags/extract_data_dag.py
[2024-05-08T08:57:14.615+0000] {processor.py:830} INFO - Processing file /opt/airflow/dags/extract_data_dag.py for tasks to queue
[2024-05-08T08:57:14.621+0000] {logging_mixin.py:188} INFO - [2024-05-08T08:57:14.619+0000] {dagbag.py:545} INFO - Filling up the DagBag from /opt/airflow/dags/extract_data_dag.py
[2024-05-08T08:57:14.761+0000] {processor.py:840} INFO - DAG(s) 'extract_data_dag' retrieved from /opt/airflow/dags/extract_data_dag.py
[2024-05-08T08:57:14.936+0000] {logging_mixin.py:188} INFO - [2024-05-08T08:57:14.935+0000] {dag.py:3096} INFO - Sync 1 DAGs
[2024-05-08T08:57:15.079+0000] {logging_mixin.py:188} INFO - [2024-05-08T08:57:15.077+0000] {dag.py:3954} INFO - Setting next_dagrun for extract_data_dag to 2024-05-08 00:00:00+00:00, run_after=2024-05-09 00:00:00+00:00
[2024-05-08T08:57:15.424+0000] {processor.py:183} INFO - Processing /opt/airflow/dags/extract_data_dag.py took 0.854 seconds
