[2024-05-08T18:25:52.717+0000] {processor.py:161} INFO - Started process (PID=51) to work on /opt/airflow/dags/git_repo_dag.py
[2024-05-08T18:25:52.718+0000] {processor.py:830} INFO - Processing file /opt/airflow/dags/git_repo_dag.py for tasks to queue
[2024-05-08T18:25:52.721+0000] {logging_mixin.py:188} INFO - [2024-05-08T18:25:52.720+0000] {dagbag.py:545} INFO - Filling up the DagBag from /opt/airflow/dags/git_repo_dag.py
[2024-05-08T18:25:52.745+0000] {logging_mixin.py:188} INFO - [2024-05-08T18:25:52.740+0000] {dagbag.py:355} ERROR - Failed to import: /opt/airflow/dags/git_repo_dag.py
Traceback (most recent call last):
  File "/home/airflow/.local/lib/python3.12/site-packages/airflow/models/dagbag.py", line 351, in parse
    loader.exec_module(new_module)
  File "<frozen importlib._bootstrap_external>", line 995, in exec_module
  File "<frozen importlib._bootstrap>", line 488, in _call_with_frames_removed
  File "/opt/airflow/dags/git_repo_dag.py", line 3, in <module>
    from airflow.providers.github.operators.github import GithubOperator
ModuleNotFoundError: No module named 'airflow.providers.github'
[2024-05-08T18:25:52.759+0000] {processor.py:842} WARNING - No viable dags retrieved from /opt/airflow/dags/git_repo_dag.py
[2024-05-08T18:25:53.295+0000] {processor.py:183} INFO - Processing /opt/airflow/dags/git_repo_dag.py took 0.588 seconds
[2024-05-08T18:26:24.213+0000] {processor.py:161} INFO - Started process (PID=68) to work on /opt/airflow/dags/git_repo_dag.py
[2024-05-08T18:26:24.214+0000] {processor.py:830} INFO - Processing file /opt/airflow/dags/git_repo_dag.py for tasks to queue
[2024-05-08T18:26:24.216+0000] {logging_mixin.py:188} INFO - [2024-05-08T18:26:24.216+0000] {dagbag.py:545} INFO - Filling up the DagBag from /opt/airflow/dags/git_repo_dag.py
[2024-05-08T18:26:24.240+0000] {logging_mixin.py:188} INFO - [2024-05-08T18:26:24.236+0000] {dagbag.py:355} ERROR - Failed to import: /opt/airflow/dags/git_repo_dag.py
Traceback (most recent call last):
  File "/home/airflow/.local/lib/python3.12/site-packages/airflow/models/dagbag.py", line 351, in parse
    loader.exec_module(new_module)
  File "<frozen importlib._bootstrap_external>", line 995, in exec_module
  File "<frozen importlib._bootstrap>", line 488, in _call_with_frames_removed
  File "/opt/airflow/dags/git_repo_dag.py", line 3, in <module>
    from airflow.providers.github.operators.github import GithubOperator
ModuleNotFoundError: No module named 'airflow.providers.github'
[2024-05-08T18:26:24.243+0000] {processor.py:842} WARNING - No viable dags retrieved from /opt/airflow/dags/git_repo_dag.py
[2024-05-08T18:26:24.985+0000] {processor.py:183} INFO - Processing /opt/airflow/dags/git_repo_dag.py took 0.779 seconds
[2024-05-08T18:26:55.085+0000] {processor.py:161} INFO - Started process (PID=77) to work on /opt/airflow/dags/git_repo_dag.py
[2024-05-08T18:26:55.086+0000] {processor.py:830} INFO - Processing file /opt/airflow/dags/git_repo_dag.py for tasks to queue
[2024-05-08T18:26:55.088+0000] {logging_mixin.py:188} INFO - [2024-05-08T18:26:55.088+0000] {dagbag.py:545} INFO - Filling up the DagBag from /opt/airflow/dags/git_repo_dag.py
[2024-05-08T18:26:55.111+0000] {logging_mixin.py:188} INFO - [2024-05-08T18:26:55.105+0000] {dagbag.py:355} ERROR - Failed to import: /opt/airflow/dags/git_repo_dag.py
Traceback (most recent call last):
  File "/home/airflow/.local/lib/python3.12/site-packages/airflow/models/dagbag.py", line 351, in parse
    loader.exec_module(new_module)
  File "<frozen importlib._bootstrap_external>", line 995, in exec_module
  File "<frozen importlib._bootstrap>", line 488, in _call_with_frames_removed
  File "/opt/airflow/dags/git_repo_dag.py", line 3, in <module>
    from airflow.providers.github.operators.github import GithubOperator
ModuleNotFoundError: No module named 'airflow.providers.github'
[2024-05-08T18:26:55.114+0000] {processor.py:842} WARNING - No viable dags retrieved from /opt/airflow/dags/git_repo_dag.py
[2024-05-08T18:26:55.160+0000] {processor.py:183} INFO - Processing /opt/airflow/dags/git_repo_dag.py took 0.080 seconds
[2024-05-08T18:27:26.179+0000] {processor.py:161} INFO - Started process (PID=86) to work on /opt/airflow/dags/git_repo_dag.py
[2024-05-08T18:27:26.180+0000] {processor.py:830} INFO - Processing file /opt/airflow/dags/git_repo_dag.py for tasks to queue
[2024-05-08T18:27:26.183+0000] {logging_mixin.py:188} INFO - [2024-05-08T18:27:26.182+0000] {dagbag.py:545} INFO - Filling up the DagBag from /opt/airflow/dags/git_repo_dag.py
[2024-05-08T18:27:26.210+0000] {logging_mixin.py:188} INFO - [2024-05-08T18:27:26.201+0000] {dagbag.py:355} ERROR - Failed to import: /opt/airflow/dags/git_repo_dag.py
Traceback (most recent call last):
  File "/home/airflow/.local/lib/python3.12/site-packages/airflow/models/dagbag.py", line 351, in parse
    loader.exec_module(new_module)
  File "<frozen importlib._bootstrap_external>", line 995, in exec_module
  File "<frozen importlib._bootstrap>", line 488, in _call_with_frames_removed
  File "/opt/airflow/dags/git_repo_dag.py", line 3, in <module>
    from airflow.providers.github.operators.github import GithubOperator
ModuleNotFoundError: No module named 'airflow.providers.github'
[2024-05-08T18:27:26.213+0000] {processor.py:842} WARNING - No viable dags retrieved from /opt/airflow/dags/git_repo_dag.py
[2024-05-08T18:27:26.256+0000] {processor.py:183} INFO - Processing /opt/airflow/dags/git_repo_dag.py took 0.088 seconds
[2024-05-08T18:27:57.276+0000] {processor.py:161} INFO - Started process (PID=95) to work on /opt/airflow/dags/git_repo_dag.py
[2024-05-08T18:27:57.277+0000] {processor.py:830} INFO - Processing file /opt/airflow/dags/git_repo_dag.py for tasks to queue
[2024-05-08T18:27:57.279+0000] {logging_mixin.py:188} INFO - [2024-05-08T18:27:57.279+0000] {dagbag.py:545} INFO - Filling up the DagBag from /opt/airflow/dags/git_repo_dag.py
[2024-05-08T18:27:57.311+0000] {logging_mixin.py:188} INFO - [2024-05-08T18:27:57.305+0000] {dagbag.py:355} ERROR - Failed to import: /opt/airflow/dags/git_repo_dag.py
Traceback (most recent call last):
  File "/home/airflow/.local/lib/python3.12/site-packages/airflow/models/dagbag.py", line 351, in parse
    loader.exec_module(new_module)
  File "<frozen importlib._bootstrap_external>", line 995, in exec_module
  File "<frozen importlib._bootstrap>", line 488, in _call_with_frames_removed
  File "/opt/airflow/dags/git_repo_dag.py", line 3, in <module>
    from airflow.providers.github.operators.github import GithubOperator
ModuleNotFoundError: No module named 'airflow.providers.github'
[2024-05-08T18:27:57.314+0000] {processor.py:842} WARNING - No viable dags retrieved from /opt/airflow/dags/git_repo_dag.py
[2024-05-08T18:27:57.366+0000] {processor.py:183} INFO - Processing /opt/airflow/dags/git_repo_dag.py took 0.098 seconds
[2024-05-08T18:28:28.314+0000] {processor.py:161} INFO - Started process (PID=104) to work on /opt/airflow/dags/git_repo_dag.py
[2024-05-08T18:28:28.315+0000] {processor.py:830} INFO - Processing file /opt/airflow/dags/git_repo_dag.py for tasks to queue
[2024-05-08T18:28:28.319+0000] {logging_mixin.py:188} INFO - [2024-05-08T18:28:28.318+0000] {dagbag.py:545} INFO - Filling up the DagBag from /opt/airflow/dags/git_repo_dag.py
[2024-05-08T18:28:28.343+0000] {logging_mixin.py:188} INFO - [2024-05-08T18:28:28.337+0000] {dagbag.py:355} ERROR - Failed to import: /opt/airflow/dags/git_repo_dag.py
Traceback (most recent call last):
  File "/home/airflow/.local/lib/python3.12/site-packages/airflow/models/dagbag.py", line 351, in parse
    loader.exec_module(new_module)
  File "<frozen importlib._bootstrap_external>", line 995, in exec_module
  File "<frozen importlib._bootstrap>", line 488, in _call_with_frames_removed
  File "/opt/airflow/dags/git_repo_dag.py", line 3, in <module>
    from airflow.providers.github.operators.github import GithubOperator
ModuleNotFoundError: No module named 'airflow.providers.github'
[2024-05-08T18:28:28.345+0000] {processor.py:842} WARNING - No viable dags retrieved from /opt/airflow/dags/git_repo_dag.py
[2024-05-08T18:28:28.393+0000] {processor.py:183} INFO - Processing /opt/airflow/dags/git_repo_dag.py took 0.084 seconds
[2024-05-08T18:28:58.593+0000] {processor.py:161} INFO - Started process (PID=113) to work on /opt/airflow/dags/git_repo_dag.py
[2024-05-08T18:28:58.594+0000] {processor.py:830} INFO - Processing file /opt/airflow/dags/git_repo_dag.py for tasks to queue
[2024-05-08T18:28:58.596+0000] {logging_mixin.py:188} INFO - [2024-05-08T18:28:58.595+0000] {dagbag.py:545} INFO - Filling up the DagBag from /opt/airflow/dags/git_repo_dag.py
[2024-05-08T18:28:58.632+0000] {logging_mixin.py:188} INFO - [2024-05-08T18:28:58.620+0000] {dagbag.py:355} ERROR - Failed to import: /opt/airflow/dags/git_repo_dag.py
Traceback (most recent call last):
  File "/home/airflow/.local/lib/python3.12/site-packages/airflow/models/dagbag.py", line 351, in parse
    loader.exec_module(new_module)
  File "<frozen importlib._bootstrap_external>", line 995, in exec_module
  File "<frozen importlib._bootstrap>", line 488, in _call_with_frames_removed
  File "/opt/airflow/dags/git_repo_dag.py", line 3, in <module>
    from airflow.providers.github.operators.github import GithubOperator
ModuleNotFoundError: No module named 'airflow.providers.github'
[2024-05-08T18:28:58.637+0000] {processor.py:842} WARNING - No viable dags retrieved from /opt/airflow/dags/git_repo_dag.py
[2024-05-08T18:28:58.698+0000] {processor.py:183} INFO - Processing /opt/airflow/dags/git_repo_dag.py took 0.121 seconds
[2024-05-08T18:29:28.908+0000] {processor.py:161} INFO - Started process (PID=122) to work on /opt/airflow/dags/git_repo_dag.py
[2024-05-08T18:29:28.909+0000] {processor.py:830} INFO - Processing file /opt/airflow/dags/git_repo_dag.py for tasks to queue
[2024-05-08T18:29:28.912+0000] {logging_mixin.py:188} INFO - [2024-05-08T18:29:28.911+0000] {dagbag.py:545} INFO - Filling up the DagBag from /opt/airflow/dags/git_repo_dag.py
[2024-05-08T18:29:28.947+0000] {logging_mixin.py:188} INFO - [2024-05-08T18:29:28.936+0000] {dagbag.py:355} ERROR - Failed to import: /opt/airflow/dags/git_repo_dag.py
Traceback (most recent call last):
  File "/home/airflow/.local/lib/python3.12/site-packages/airflow/models/dagbag.py", line 351, in parse
    loader.exec_module(new_module)
  File "<frozen importlib._bootstrap_external>", line 995, in exec_module
  File "<frozen importlib._bootstrap>", line 488, in _call_with_frames_removed
  File "/opt/airflow/dags/git_repo_dag.py", line 3, in <module>
    from airflow.providers.github.operators.github import GithubOperator
ModuleNotFoundError: No module named 'airflow.providers.github'
[2024-05-08T18:29:28.952+0000] {processor.py:842} WARNING - No viable dags retrieved from /opt/airflow/dags/git_repo_dag.py
[2024-05-08T18:29:29.027+0000] {processor.py:183} INFO - Processing /opt/airflow/dags/git_repo_dag.py took 0.129 seconds
[2024-05-08T18:29:59.466+0000] {processor.py:161} INFO - Started process (PID=131) to work on /opt/airflow/dags/git_repo_dag.py
[2024-05-08T18:29:59.467+0000] {processor.py:830} INFO - Processing file /opt/airflow/dags/git_repo_dag.py for tasks to queue
[2024-05-08T18:29:59.469+0000] {logging_mixin.py:188} INFO - [2024-05-08T18:29:59.469+0000] {dagbag.py:545} INFO - Filling up the DagBag from /opt/airflow/dags/git_repo_dag.py
[2024-05-08T18:29:59.502+0000] {logging_mixin.py:188} INFO - [2024-05-08T18:29:59.495+0000] {dagbag.py:355} ERROR - Failed to import: /opt/airflow/dags/git_repo_dag.py
Traceback (most recent call last):
  File "/home/airflow/.local/lib/python3.12/site-packages/airflow/models/dagbag.py", line 351, in parse
    loader.exec_module(new_module)
  File "<frozen importlib._bootstrap_external>", line 995, in exec_module
  File "<frozen importlib._bootstrap>", line 488, in _call_with_frames_removed
  File "/opt/airflow/dags/git_repo_dag.py", line 3, in <module>
    from airflow.providers.github.operators.github import GithubOperator
ModuleNotFoundError: No module named 'airflow.providers.github'
[2024-05-08T18:29:59.504+0000] {processor.py:842} WARNING - No viable dags retrieved from /opt/airflow/dags/git_repo_dag.py
[2024-05-08T18:29:59.554+0000] {processor.py:183} INFO - Processing /opt/airflow/dags/git_repo_dag.py took 0.095 seconds
[2024-05-08T18:30:30.533+0000] {processor.py:161} INFO - Started process (PID=140) to work on /opt/airflow/dags/git_repo_dag.py
[2024-05-08T18:30:30.534+0000] {processor.py:830} INFO - Processing file /opt/airflow/dags/git_repo_dag.py for tasks to queue
[2024-05-08T18:30:30.537+0000] {logging_mixin.py:188} INFO - [2024-05-08T18:30:30.536+0000] {dagbag.py:545} INFO - Filling up the DagBag from /opt/airflow/dags/git_repo_dag.py
[2024-05-08T18:30:30.569+0000] {logging_mixin.py:188} INFO - [2024-05-08T18:30:30.561+0000] {dagbag.py:355} ERROR - Failed to import: /opt/airflow/dags/git_repo_dag.py
Traceback (most recent call last):
  File "/home/airflow/.local/lib/python3.12/site-packages/airflow/models/dagbag.py", line 351, in parse
    loader.exec_module(new_module)
  File "<frozen importlib._bootstrap_external>", line 995, in exec_module
  File "<frozen importlib._bootstrap>", line 488, in _call_with_frames_removed
  File "/opt/airflow/dags/git_repo_dag.py", line 3, in <module>
    from airflow.providers.github.operators.github import GithubOperator
ModuleNotFoundError: No module named 'airflow.providers.github'
[2024-05-08T18:30:30.572+0000] {processor.py:842} WARNING - No viable dags retrieved from /opt/airflow/dags/git_repo_dag.py
[2024-05-08T18:30:30.616+0000] {processor.py:183} INFO - Processing /opt/airflow/dags/git_repo_dag.py took 0.089 seconds
[2024-05-08T18:31:00.780+0000] {processor.py:161} INFO - Started process (PID=149) to work on /opt/airflow/dags/git_repo_dag.py
[2024-05-08T18:31:00.781+0000] {processor.py:830} INFO - Processing file /opt/airflow/dags/git_repo_dag.py for tasks to queue
[2024-05-08T18:31:00.785+0000] {logging_mixin.py:188} INFO - [2024-05-08T18:31:00.783+0000] {dagbag.py:545} INFO - Filling up the DagBag from /opt/airflow/dags/git_repo_dag.py
[2024-05-08T18:31:00.813+0000] {logging_mixin.py:188} INFO - [2024-05-08T18:31:00.807+0000] {dagbag.py:355} ERROR - Failed to import: /opt/airflow/dags/git_repo_dag.py
Traceback (most recent call last):
  File "/home/airflow/.local/lib/python3.12/site-packages/airflow/models/dagbag.py", line 351, in parse
    loader.exec_module(new_module)
  File "<frozen importlib._bootstrap_external>", line 995, in exec_module
  File "<frozen importlib._bootstrap>", line 488, in _call_with_frames_removed
  File "/opt/airflow/dags/git_repo_dag.py", line 3, in <module>
    from airflow.providers.github.operators.github import GithubOperator
ModuleNotFoundError: No module named 'airflow.providers.github'
[2024-05-08T18:31:00.815+0000] {processor.py:842} WARNING - No viable dags retrieved from /opt/airflow/dags/git_repo_dag.py
[2024-05-08T18:31:00.868+0000] {processor.py:183} INFO - Processing /opt/airflow/dags/git_repo_dag.py took 0.094 seconds
[2024-05-08T18:31:31.713+0000] {processor.py:161} INFO - Started process (PID=158) to work on /opt/airflow/dags/git_repo_dag.py
[2024-05-08T18:31:31.714+0000] {processor.py:830} INFO - Processing file /opt/airflow/dags/git_repo_dag.py for tasks to queue
[2024-05-08T18:31:31.716+0000] {logging_mixin.py:188} INFO - [2024-05-08T18:31:31.716+0000] {dagbag.py:545} INFO - Filling up the DagBag from /opt/airflow/dags/git_repo_dag.py
[2024-05-08T18:31:31.749+0000] {logging_mixin.py:188} INFO - [2024-05-08T18:31:31.738+0000] {dagbag.py:355} ERROR - Failed to import: /opt/airflow/dags/git_repo_dag.py
Traceback (most recent call last):
  File "/home/airflow/.local/lib/python3.12/site-packages/airflow/models/dagbag.py", line 351, in parse
    loader.exec_module(new_module)
  File "<frozen importlib._bootstrap_external>", line 995, in exec_module
  File "<frozen importlib._bootstrap>", line 488, in _call_with_frames_removed
  File "/opt/airflow/dags/git_repo_dag.py", line 3, in <module>
    from airflow.providers.github.operators.github import GithubOperator
ModuleNotFoundError: No module named 'airflow.providers.github'
[2024-05-08T18:31:31.752+0000] {processor.py:842} WARNING - No viable dags retrieved from /opt/airflow/dags/git_repo_dag.py
[2024-05-08T18:31:31.800+0000] {processor.py:183} INFO - Processing /opt/airflow/dags/git_repo_dag.py took 0.095 seconds
[2024-05-08T18:32:02.806+0000] {processor.py:161} INFO - Started process (PID=167) to work on /opt/airflow/dags/git_repo_dag.py
[2024-05-08T18:32:02.808+0000] {processor.py:830} INFO - Processing file /opt/airflow/dags/git_repo_dag.py for tasks to queue
[2024-05-08T18:32:02.810+0000] {logging_mixin.py:188} INFO - [2024-05-08T18:32:02.809+0000] {dagbag.py:545} INFO - Filling up the DagBag from /opt/airflow/dags/git_repo_dag.py
[2024-05-08T18:32:02.842+0000] {logging_mixin.py:188} INFO - [2024-05-08T18:32:02.836+0000] {dagbag.py:355} ERROR - Failed to import: /opt/airflow/dags/git_repo_dag.py
Traceback (most recent call last):
  File "/home/airflow/.local/lib/python3.12/site-packages/airflow/models/dagbag.py", line 351, in parse
    loader.exec_module(new_module)
  File "<frozen importlib._bootstrap_external>", line 995, in exec_module
  File "<frozen importlib._bootstrap>", line 488, in _call_with_frames_removed
  File "/opt/airflow/dags/git_repo_dag.py", line 3, in <module>
    from airflow.providers.github.operators.github import GithubOperator
ModuleNotFoundError: No module named 'airflow.providers.github'
[2024-05-08T18:32:02.845+0000] {processor.py:842} WARNING - No viable dags retrieved from /opt/airflow/dags/git_repo_dag.py
[2024-05-08T18:32:02.894+0000] {processor.py:183} INFO - Processing /opt/airflow/dags/git_repo_dag.py took 0.093 seconds
[2024-05-08T18:32:33.842+0000] {processor.py:161} INFO - Started process (PID=176) to work on /opt/airflow/dags/git_repo_dag.py
[2024-05-08T18:32:33.843+0000] {processor.py:830} INFO - Processing file /opt/airflow/dags/git_repo_dag.py for tasks to queue
[2024-05-08T18:32:33.845+0000] {logging_mixin.py:188} INFO - [2024-05-08T18:32:33.845+0000] {dagbag.py:545} INFO - Filling up the DagBag from /opt/airflow/dags/git_repo_dag.py
[2024-05-08T18:32:33.878+0000] {logging_mixin.py:188} INFO - [2024-05-08T18:32:33.872+0000] {dagbag.py:355} ERROR - Failed to import: /opt/airflow/dags/git_repo_dag.py
Traceback (most recent call last):
  File "/home/airflow/.local/lib/python3.12/site-packages/airflow/models/dagbag.py", line 351, in parse
    loader.exec_module(new_module)
  File "<frozen importlib._bootstrap_external>", line 995, in exec_module
  File "<frozen importlib._bootstrap>", line 488, in _call_with_frames_removed
  File "/opt/airflow/dags/git_repo_dag.py", line 3, in <module>
    from airflow.providers.github.operators.github import GithubOperator
ModuleNotFoundError: No module named 'airflow.providers.github'
[2024-05-08T18:32:33.881+0000] {processor.py:842} WARNING - No viable dags retrieved from /opt/airflow/dags/git_repo_dag.py
[2024-05-08T18:32:33.931+0000] {processor.py:183} INFO - Processing /opt/airflow/dags/git_repo_dag.py took 0.094 seconds
[2024-05-08T18:33:04.798+0000] {processor.py:161} INFO - Started process (PID=185) to work on /opt/airflow/dags/git_repo_dag.py
[2024-05-08T18:33:04.800+0000] {processor.py:830} INFO - Processing file /opt/airflow/dags/git_repo_dag.py for tasks to queue
[2024-05-08T18:33:04.802+0000] {logging_mixin.py:188} INFO - [2024-05-08T18:33:04.802+0000] {dagbag.py:545} INFO - Filling up the DagBag from /opt/airflow/dags/git_repo_dag.py
[2024-05-08T18:33:04.835+0000] {logging_mixin.py:188} INFO - [2024-05-08T18:33:04.829+0000] {dagbag.py:355} ERROR - Failed to import: /opt/airflow/dags/git_repo_dag.py
Traceback (most recent call last):
  File "/home/airflow/.local/lib/python3.12/site-packages/airflow/models/dagbag.py", line 351, in parse
    loader.exec_module(new_module)
  File "<frozen importlib._bootstrap_external>", line 995, in exec_module
  File "<frozen importlib._bootstrap>", line 488, in _call_with_frames_removed
  File "/opt/airflow/dags/git_repo_dag.py", line 3, in <module>
    from airflow.providers.github.operators.github import GithubOperator
ModuleNotFoundError: No module named 'airflow.providers.github'
[2024-05-08T18:33:04.838+0000] {processor.py:842} WARNING - No viable dags retrieved from /opt/airflow/dags/git_repo_dag.py
[2024-05-08T18:33:04.887+0000] {processor.py:183} INFO - Processing /opt/airflow/dags/git_repo_dag.py took 0.096 seconds
[2024-05-08T18:33:35.867+0000] {processor.py:161} INFO - Started process (PID=194) to work on /opt/airflow/dags/git_repo_dag.py
[2024-05-08T18:33:35.868+0000] {processor.py:830} INFO - Processing file /opt/airflow/dags/git_repo_dag.py for tasks to queue
[2024-05-08T18:33:35.870+0000] {logging_mixin.py:188} INFO - [2024-05-08T18:33:35.870+0000] {dagbag.py:545} INFO - Filling up the DagBag from /opt/airflow/dags/git_repo_dag.py
[2024-05-08T18:33:35.895+0000] {logging_mixin.py:188} INFO - [2024-05-08T18:33:35.888+0000] {dagbag.py:355} ERROR - Failed to import: /opt/airflow/dags/git_repo_dag.py
Traceback (most recent call last):
  File "/home/airflow/.local/lib/python3.12/site-packages/airflow/models/dagbag.py", line 351, in parse
    loader.exec_module(new_module)
  File "<frozen importlib._bootstrap_external>", line 995, in exec_module
  File "<frozen importlib._bootstrap>", line 488, in _call_with_frames_removed
  File "/opt/airflow/dags/git_repo_dag.py", line 3, in <module>
    from airflow.providers.github.operators.github import GithubOperator
ModuleNotFoundError: No module named 'airflow.providers.github'
[2024-05-08T18:33:35.897+0000] {processor.py:842} WARNING - No viable dags retrieved from /opt/airflow/dags/git_repo_dag.py
[2024-05-08T18:33:35.943+0000] {processor.py:183} INFO - Processing /opt/airflow/dags/git_repo_dag.py took 0.083 seconds
[2024-05-08T18:34:06.747+0000] {processor.py:161} INFO - Started process (PID=203) to work on /opt/airflow/dags/git_repo_dag.py
[2024-05-08T18:34:06.748+0000] {processor.py:830} INFO - Processing file /opt/airflow/dags/git_repo_dag.py for tasks to queue
[2024-05-08T18:34:06.751+0000] {logging_mixin.py:188} INFO - [2024-05-08T18:34:06.751+0000] {dagbag.py:545} INFO - Filling up the DagBag from /opt/airflow/dags/git_repo_dag.py
[2024-05-08T18:34:06.781+0000] {logging_mixin.py:188} INFO - [2024-05-08T18:34:06.773+0000] {dagbag.py:355} ERROR - Failed to import: /opt/airflow/dags/git_repo_dag.py
Traceback (most recent call last):
  File "/home/airflow/.local/lib/python3.12/site-packages/airflow/models/dagbag.py", line 351, in parse
    loader.exec_module(new_module)
  File "<frozen importlib._bootstrap_external>", line 995, in exec_module
  File "<frozen importlib._bootstrap>", line 488, in _call_with_frames_removed
  File "/opt/airflow/dags/git_repo_dag.py", line 3, in <module>
    from airflow.providers.github.operators.github import GithubOperator
ModuleNotFoundError: No module named 'airflow.providers.github'
[2024-05-08T18:34:06.787+0000] {processor.py:842} WARNING - No viable dags retrieved from /opt/airflow/dags/git_repo_dag.py
[2024-05-08T18:34:06.856+0000] {processor.py:183} INFO - Processing /opt/airflow/dags/git_repo_dag.py took 0.125 seconds
[2024-05-08T18:34:37.595+0000] {processor.py:161} INFO - Started process (PID=212) to work on /opt/airflow/dags/git_repo_dag.py
[2024-05-08T18:34:37.596+0000] {processor.py:830} INFO - Processing file /opt/airflow/dags/git_repo_dag.py for tasks to queue
[2024-05-08T18:34:37.598+0000] {logging_mixin.py:188} INFO - [2024-05-08T18:34:37.598+0000] {dagbag.py:545} INFO - Filling up the DagBag from /opt/airflow/dags/git_repo_dag.py
[2024-05-08T18:34:37.630+0000] {logging_mixin.py:188} INFO - [2024-05-08T18:34:37.625+0000] {dagbag.py:355} ERROR - Failed to import: /opt/airflow/dags/git_repo_dag.py
Traceback (most recent call last):
  File "/home/airflow/.local/lib/python3.12/site-packages/airflow/models/dagbag.py", line 351, in parse
    loader.exec_module(new_module)
  File "<frozen importlib._bootstrap_external>", line 995, in exec_module
  File "<frozen importlib._bootstrap>", line 488, in _call_with_frames_removed
  File "/opt/airflow/dags/git_repo_dag.py", line 3, in <module>
    from airflow.providers.github.operators.github import GithubOperator
ModuleNotFoundError: No module named 'airflow.providers.github'
[2024-05-08T18:34:37.632+0000] {processor.py:842} WARNING - No viable dags retrieved from /opt/airflow/dags/git_repo_dag.py
[2024-05-08T18:34:37.683+0000] {processor.py:183} INFO - Processing /opt/airflow/dags/git_repo_dag.py took 0.093 seconds
[2024-05-08T18:35:07.960+0000] {processor.py:161} INFO - Started process (PID=221) to work on /opt/airflow/dags/git_repo_dag.py
[2024-05-08T18:35:07.961+0000] {processor.py:830} INFO - Processing file /opt/airflow/dags/git_repo_dag.py for tasks to queue
[2024-05-08T18:35:07.963+0000] {logging_mixin.py:188} INFO - [2024-05-08T18:35:07.963+0000] {dagbag.py:545} INFO - Filling up the DagBag from /opt/airflow/dags/git_repo_dag.py
[2024-05-08T18:35:07.990+0000] {logging_mixin.py:188} INFO - [2024-05-08T18:35:07.984+0000] {dagbag.py:355} ERROR - Failed to import: /opt/airflow/dags/git_repo_dag.py
Traceback (most recent call last):
  File "/home/airflow/.local/lib/python3.12/site-packages/airflow/models/dagbag.py", line 351, in parse
    loader.exec_module(new_module)
  File "<frozen importlib._bootstrap_external>", line 995, in exec_module
  File "<frozen importlib._bootstrap>", line 488, in _call_with_frames_removed
  File "/opt/airflow/dags/git_repo_dag.py", line 3, in <module>
    from airflow.providers.github.operators.github import GithubOperator
ModuleNotFoundError: No module named 'airflow.providers.github'
[2024-05-08T18:35:07.992+0000] {processor.py:842} WARNING - No viable dags retrieved from /opt/airflow/dags/git_repo_dag.py
[2024-05-08T18:35:08.035+0000] {processor.py:183} INFO - Processing /opt/airflow/dags/git_repo_dag.py took 0.080 seconds
[2024-05-08T18:35:44.437+0000] {processor.py:161} INFO - Started process (PID=51) to work on /opt/airflow/dags/git_repo_dag.py
[2024-05-08T18:35:44.438+0000] {processor.py:830} INFO - Processing file /opt/airflow/dags/git_repo_dag.py for tasks to queue
[2024-05-08T18:35:44.441+0000] {logging_mixin.py:188} INFO - [2024-05-08T18:35:44.440+0000] {dagbag.py:545} INFO - Filling up the DagBag from /opt/airflow/dags/git_repo_dag.py
[2024-05-08T18:35:44.460+0000] {logging_mixin.py:188} INFO - [2024-05-08T18:35:44.456+0000] {dagbag.py:355} ERROR - Failed to import: /opt/airflow/dags/git_repo_dag.py
Traceback (most recent call last):
  File "/home/airflow/.local/lib/python3.12/site-packages/airflow/models/dagbag.py", line 351, in parse
    loader.exec_module(new_module)
  File "<frozen importlib._bootstrap_external>", line 995, in exec_module
  File "<frozen importlib._bootstrap>", line 488, in _call_with_frames_removed
  File "/opt/airflow/dags/git_repo_dag.py", line 3, in <module>
    from airflow.providers.github.operators.github import GithubOperator
ModuleNotFoundError: No module named 'airflow.providers.github'
[2024-05-08T18:35:44.462+0000] {processor.py:842} WARNING - No viable dags retrieved from /opt/airflow/dags/git_repo_dag.py
[2024-05-08T18:35:44.505+0000] {processor.py:183} INFO - Processing /opt/airflow/dags/git_repo_dag.py took 0.078 seconds
[2024-05-08T18:36:14.736+0000] {processor.py:161} INFO - Started process (PID=79) to work on /opt/airflow/dags/git_repo_dag.py
[2024-05-08T18:36:14.737+0000] {processor.py:830} INFO - Processing file /opt/airflow/dags/git_repo_dag.py for tasks to queue
[2024-05-08T18:36:14.739+0000] {logging_mixin.py:188} INFO - [2024-05-08T18:36:14.739+0000] {dagbag.py:545} INFO - Filling up the DagBag from /opt/airflow/dags/git_repo_dag.py
[2024-05-08T18:36:14.763+0000] {logging_mixin.py:188} INFO - [2024-05-08T18:36:14.758+0000] {dagbag.py:355} ERROR - Failed to import: /opt/airflow/dags/git_repo_dag.py
Traceback (most recent call last):
  File "/home/airflow/.local/lib/python3.12/site-packages/airflow/models/dagbag.py", line 351, in parse
    loader.exec_module(new_module)
  File "<frozen importlib._bootstrap_external>", line 995, in exec_module
  File "<frozen importlib._bootstrap>", line 488, in _call_with_frames_removed
  File "/opt/airflow/dags/git_repo_dag.py", line 3, in <module>
    from airflow.providers.github.operators.github import GithubOperator
ModuleNotFoundError: No module named 'airflow.providers.github'
[2024-05-08T18:36:14.765+0000] {processor.py:842} WARNING - No viable dags retrieved from /opt/airflow/dags/git_repo_dag.py
[2024-05-08T18:36:14.812+0000] {processor.py:183} INFO - Processing /opt/airflow/dags/git_repo_dag.py took 0.083 seconds
[2024-05-08T18:36:45.951+0000] {processor.py:161} INFO - Started process (PID=88) to work on /opt/airflow/dags/git_repo_dag.py
[2024-05-08T18:36:45.953+0000] {processor.py:830} INFO - Processing file /opt/airflow/dags/git_repo_dag.py for tasks to queue
[2024-05-08T18:36:45.955+0000] {logging_mixin.py:188} INFO - [2024-05-08T18:36:45.955+0000] {dagbag.py:545} INFO - Filling up the DagBag from /opt/airflow/dags/git_repo_dag.py
[2024-05-08T18:36:45.991+0000] {logging_mixin.py:188} INFO - [2024-05-08T18:36:45.984+0000] {dagbag.py:355} ERROR - Failed to import: /opt/airflow/dags/git_repo_dag.py
Traceback (most recent call last):
  File "/home/airflow/.local/lib/python3.12/site-packages/airflow/models/dagbag.py", line 351, in parse
    loader.exec_module(new_module)
  File "<frozen importlib._bootstrap_external>", line 995, in exec_module
  File "<frozen importlib._bootstrap>", line 488, in _call_with_frames_removed
  File "/opt/airflow/dags/git_repo_dag.py", line 3, in <module>
    from airflow.providers.github.operators.github import GithubOperator
ModuleNotFoundError: No module named 'airflow.providers.github'
[2024-05-08T18:36:45.994+0000] {processor.py:842} WARNING - No viable dags retrieved from /opt/airflow/dags/git_repo_dag.py
[2024-05-08T18:36:46.430+0000] {processor.py:183} INFO - Processing /opt/airflow/dags/git_repo_dag.py took 0.493 seconds
[2024-05-08T18:37:17.729+0000] {processor.py:161} INFO - Started process (PID=97) to work on /opt/airflow/dags/git_repo_dag.py
[2024-05-08T18:37:17.731+0000] {processor.py:830} INFO - Processing file /opt/airflow/dags/git_repo_dag.py for tasks to queue
[2024-05-08T18:37:17.734+0000] {logging_mixin.py:188} INFO - [2024-05-08T18:37:17.733+0000] {dagbag.py:545} INFO - Filling up the DagBag from /opt/airflow/dags/git_repo_dag.py
[2024-05-08T18:37:17.762+0000] {logging_mixin.py:188} INFO - [2024-05-08T18:37:17.756+0000] {dagbag.py:355} ERROR - Failed to import: /opt/airflow/dags/git_repo_dag.py
Traceback (most recent call last):
  File "/home/airflow/.local/lib/python3.12/site-packages/airflow/models/dagbag.py", line 351, in parse
    loader.exec_module(new_module)
  File "<frozen importlib._bootstrap_external>", line 995, in exec_module
  File "<frozen importlib._bootstrap>", line 488, in _call_with_frames_removed
  File "/opt/airflow/dags/git_repo_dag.py", line 3, in <module>
    from airflow.providers.github.operators.github import GithubOperator
ModuleNotFoundError: No module named 'airflow.providers.github'
[2024-05-08T18:37:17.764+0000] {processor.py:842} WARNING - No viable dags retrieved from /opt/airflow/dags/git_repo_dag.py
[2024-05-08T18:37:18.197+0000] {processor.py:183} INFO - Processing /opt/airflow/dags/git_repo_dag.py took 0.475 seconds
[2024-05-08T18:37:53.025+0000] {processor.py:161} INFO - Started process (PID=107) to work on /opt/airflow/dags/git_repo_dag.py
[2024-05-08T18:37:53.028+0000] {processor.py:830} INFO - Processing file /opt/airflow/dags/git_repo_dag.py for tasks to queue
[2024-05-08T18:37:53.030+0000] {logging_mixin.py:188} INFO - [2024-05-08T18:37:53.029+0000] {dagbag.py:545} INFO - Filling up the DagBag from /opt/airflow/dags/git_repo_dag.py
[2024-05-08T18:37:53.048+0000] {logging_mixin.py:188} INFO - [2024-05-08T18:37:53.045+0000] {dagbag.py:355} ERROR - Failed to import: /opt/airflow/dags/git_repo_dag.py
Traceback (most recent call last):
  File "/home/airflow/.local/lib/python3.12/site-packages/airflow/models/dagbag.py", line 351, in parse
    loader.exec_module(new_module)
  File "<frozen importlib._bootstrap_external>", line 995, in exec_module
  File "<frozen importlib._bootstrap>", line 488, in _call_with_frames_removed
  File "/opt/airflow/dags/git_repo_dag.py", line 3, in <module>
    from airflow.providers.github.operators.github import GithubOperator
ModuleNotFoundError: No module named 'airflow.providers.github'
[2024-05-08T18:37:53.050+0000] {processor.py:842} WARNING - No viable dags retrieved from /opt/airflow/dags/git_repo_dag.py
[2024-05-08T18:37:54.110+0000] {processor.py:183} INFO - Processing /opt/airflow/dags/git_repo_dag.py took 1.091 seconds
[2024-05-08T18:38:30.051+0000] {processor.py:161} INFO - Started process (PID=117) to work on /opt/airflow/dags/git_repo_dag.py
[2024-05-08T18:38:30.052+0000] {processor.py:830} INFO - Processing file /opt/airflow/dags/git_repo_dag.py for tasks to queue
[2024-05-08T18:38:30.055+0000] {logging_mixin.py:188} INFO - [2024-05-08T18:38:30.054+0000] {dagbag.py:545} INFO - Filling up the DagBag from /opt/airflow/dags/git_repo_dag.py
[2024-05-08T18:38:30.085+0000] {logging_mixin.py:188} INFO - [2024-05-08T18:38:30.078+0000] {dagbag.py:355} ERROR - Failed to import: /opt/airflow/dags/git_repo_dag.py
Traceback (most recent call last):
  File "/home/airflow/.local/lib/python3.12/site-packages/airflow/models/dagbag.py", line 351, in parse
    loader.exec_module(new_module)
  File "<frozen importlib._bootstrap_external>", line 995, in exec_module
  File "<frozen importlib._bootstrap>", line 488, in _call_with_frames_removed
  File "/opt/airflow/dags/git_repo_dag.py", line 3, in <module>
    from airflow.providers.github.operators.github import GithubOperator
ModuleNotFoundError: No module named 'airflow.providers.github'
[2024-05-08T18:38:30.088+0000] {processor.py:842} WARNING - No viable dags retrieved from /opt/airflow/dags/git_repo_dag.py
[2024-05-08T18:38:30.268+0000] {processor.py:183} INFO - Processing /opt/airflow/dags/git_repo_dag.py took 0.225 seconds
[2024-05-08T18:39:01.088+0000] {processor.py:161} INFO - Started process (PID=127) to work on /opt/airflow/dags/git_repo_dag.py
[2024-05-08T18:39:01.091+0000] {processor.py:830} INFO - Processing file /opt/airflow/dags/git_repo_dag.py for tasks to queue
[2024-05-08T18:39:01.096+0000] {logging_mixin.py:188} INFO - [2024-05-08T18:39:01.096+0000] {dagbag.py:545} INFO - Filling up the DagBag from /opt/airflow/dags/git_repo_dag.py
[2024-05-08T18:39:01.129+0000] {logging_mixin.py:188} INFO - [2024-05-08T18:39:01.122+0000] {dagbag.py:355} ERROR - Failed to import: /opt/airflow/dags/git_repo_dag.py
Traceback (most recent call last):
  File "/home/airflow/.local/lib/python3.12/site-packages/airflow/models/dagbag.py", line 351, in parse
    loader.exec_module(new_module)
  File "<frozen importlib._bootstrap_external>", line 995, in exec_module
  File "<frozen importlib._bootstrap>", line 488, in _call_with_frames_removed
  File "/opt/airflow/dags/git_repo_dag.py", line 3, in <module>
    from airflow.providers.github.operators.github import GithubOperator
ModuleNotFoundError: No module named 'airflow.providers.github'
[2024-05-08T18:39:01.133+0000] {processor.py:842} WARNING - No viable dags retrieved from /opt/airflow/dags/git_repo_dag.py
[2024-05-08T18:39:01.622+0000] {processor.py:183} INFO - Processing /opt/airflow/dags/git_repo_dag.py took 0.542 seconds
[2024-05-08T18:39:32.310+0000] {processor.py:161} INFO - Started process (PID=137) to work on /opt/airflow/dags/git_repo_dag.py
[2024-05-08T18:39:32.312+0000] {processor.py:830} INFO - Processing file /opt/airflow/dags/git_repo_dag.py for tasks to queue
[2024-05-08T18:39:32.313+0000] {logging_mixin.py:188} INFO - [2024-05-08T18:39:32.313+0000] {dagbag.py:545} INFO - Filling up the DagBag from /opt/airflow/dags/git_repo_dag.py
[2024-05-08T18:39:32.343+0000] {logging_mixin.py:188} INFO - [2024-05-08T18:39:32.339+0000] {dagbag.py:355} ERROR - Failed to import: /opt/airflow/dags/git_repo_dag.py
Traceback (most recent call last):
  File "/home/airflow/.local/lib/python3.12/site-packages/airflow/models/dagbag.py", line 351, in parse
    loader.exec_module(new_module)
  File "<frozen importlib._bootstrap_external>", line 995, in exec_module
  File "<frozen importlib._bootstrap>", line 488, in _call_with_frames_removed
  File "/opt/airflow/dags/git_repo_dag.py", line 3, in <module>
    from airflow.providers.github.operators.github import GithubOperator
ModuleNotFoundError: No module named 'airflow.providers.github'
[2024-05-08T18:39:32.344+0000] {processor.py:842} WARNING - No viable dags retrieved from /opt/airflow/dags/git_repo_dag.py
[2024-05-08T18:39:32.393+0000] {processor.py:183} INFO - Processing /opt/airflow/dags/git_repo_dag.py took 0.088 seconds
[2024-05-08T18:40:03.162+0000] {processor.py:161} INFO - Started process (PID=147) to work on /opt/airflow/dags/git_repo_dag.py
[2024-05-08T18:40:03.163+0000] {processor.py:830} INFO - Processing file /opt/airflow/dags/git_repo_dag.py for tasks to queue
[2024-05-08T18:40:03.166+0000] {logging_mixin.py:188} INFO - [2024-05-08T18:40:03.166+0000] {dagbag.py:545} INFO - Filling up the DagBag from /opt/airflow/dags/git_repo_dag.py
[2024-05-08T18:40:03.196+0000] {logging_mixin.py:188} INFO - [2024-05-08T18:40:03.190+0000] {dagbag.py:355} ERROR - Failed to import: /opt/airflow/dags/git_repo_dag.py
Traceback (most recent call last):
  File "/home/airflow/.local/lib/python3.12/site-packages/airflow/models/dagbag.py", line 351, in parse
    loader.exec_module(new_module)
  File "<frozen importlib._bootstrap_external>", line 995, in exec_module
  File "<frozen importlib._bootstrap>", line 488, in _call_with_frames_removed
  File "/opt/airflow/dags/git_repo_dag.py", line 3, in <module>
    from airflow.providers.github.operators.github import GithubOperator
ModuleNotFoundError: No module named 'airflow.providers.github'
[2024-05-08T18:40:03.197+0000] {processor.py:842} WARNING - No viable dags retrieved from /opt/airflow/dags/git_repo_dag.py
[2024-05-08T18:40:03.345+0000] {processor.py:183} INFO - Processing /opt/airflow/dags/git_repo_dag.py took 0.198 seconds
[2024-05-08T18:40:33.895+0000] {processor.py:161} INFO - Started process (PID=157) to work on /opt/airflow/dags/git_repo_dag.py
[2024-05-08T18:40:33.897+0000] {processor.py:830} INFO - Processing file /opt/airflow/dags/git_repo_dag.py for tasks to queue
[2024-05-08T18:40:33.900+0000] {logging_mixin.py:188} INFO - [2024-05-08T18:40:33.899+0000] {dagbag.py:545} INFO - Filling up the DagBag from /opt/airflow/dags/git_repo_dag.py
[2024-05-08T18:40:33.938+0000] {logging_mixin.py:188} INFO - [2024-05-08T18:40:33.929+0000] {dagbag.py:355} ERROR - Failed to import: /opt/airflow/dags/git_repo_dag.py
Traceback (most recent call last):
  File "/home/airflow/.local/lib/python3.12/site-packages/airflow/models/dagbag.py", line 351, in parse
    loader.exec_module(new_module)
  File "<frozen importlib._bootstrap_external>", line 995, in exec_module
  File "<frozen importlib._bootstrap>", line 488, in _call_with_frames_removed
  File "/opt/airflow/dags/git_repo_dag.py", line 3, in <module>
    from airflow.providers.github.operators.github import GithubOperator
ModuleNotFoundError: No module named 'airflow.providers.github'
[2024-05-08T18:40:33.945+0000] {processor.py:842} WARNING - No viable dags retrieved from /opt/airflow/dags/git_repo_dag.py
[2024-05-08T18:40:34.018+0000] {processor.py:183} INFO - Processing /opt/airflow/dags/git_repo_dag.py took 0.133 seconds
[2024-05-08T18:41:04.771+0000] {processor.py:161} INFO - Started process (PID=167) to work on /opt/airflow/dags/git_repo_dag.py
[2024-05-08T18:41:04.772+0000] {processor.py:830} INFO - Processing file /opt/airflow/dags/git_repo_dag.py for tasks to queue
[2024-05-08T18:41:04.774+0000] {logging_mixin.py:188} INFO - [2024-05-08T18:41:04.774+0000] {dagbag.py:545} INFO - Filling up the DagBag from /opt/airflow/dags/git_repo_dag.py
[2024-05-08T18:41:04.802+0000] {logging_mixin.py:188} INFO - [2024-05-08T18:41:04.796+0000] {dagbag.py:355} ERROR - Failed to import: /opt/airflow/dags/git_repo_dag.py
Traceback (most recent call last):
  File "/home/airflow/.local/lib/python3.12/site-packages/airflow/models/dagbag.py", line 351, in parse
    loader.exec_module(new_module)
  File "<frozen importlib._bootstrap_external>", line 995, in exec_module
  File "<frozen importlib._bootstrap>", line 488, in _call_with_frames_removed
  File "/opt/airflow/dags/git_repo_dag.py", line 3, in <module>
    from airflow.providers.github.operators.github import GithubOperator
ModuleNotFoundError: No module named 'airflow.providers.github'
[2024-05-08T18:41:04.804+0000] {processor.py:842} WARNING - No viable dags retrieved from /opt/airflow/dags/git_repo_dag.py
[2024-05-08T18:41:04.852+0000] {processor.py:183} INFO - Processing /opt/airflow/dags/git_repo_dag.py took 0.089 seconds
[2024-05-08T18:41:35.639+0000] {processor.py:161} INFO - Started process (PID=177) to work on /opt/airflow/dags/git_repo_dag.py
[2024-05-08T18:41:35.640+0000] {processor.py:830} INFO - Processing file /opt/airflow/dags/git_repo_dag.py for tasks to queue
[2024-05-08T18:41:35.642+0000] {logging_mixin.py:188} INFO - [2024-05-08T18:41:35.642+0000] {dagbag.py:545} INFO - Filling up the DagBag from /opt/airflow/dags/git_repo_dag.py
[2024-05-08T18:41:35.775+0000] {logging_mixin.py:188} INFO - [2024-05-08T18:41:35.770+0000] {dagbag.py:355} ERROR - Failed to import: /opt/airflow/dags/git_repo_dag.py
Traceback (most recent call last):
  File "/home/airflow/.local/lib/python3.12/site-packages/airflow/models/dagbag.py", line 351, in parse
    loader.exec_module(new_module)
  File "<frozen importlib._bootstrap_external>", line 995, in exec_module
  File "<frozen importlib._bootstrap>", line 488, in _call_with_frames_removed
  File "/opt/airflow/dags/git_repo_dag.py", line 3, in <module>
    from airflow.providers.github.operators.github import GithubOperator
ModuleNotFoundError: No module named 'airflow.providers.github'
[2024-05-08T18:41:35.777+0000] {processor.py:842} WARNING - No viable dags retrieved from /opt/airflow/dags/git_repo_dag.py
[2024-05-08T18:41:35.845+0000] {processor.py:183} INFO - Processing /opt/airflow/dags/git_repo_dag.py took 0.215 seconds
[2024-05-08T18:42:07.002+0000] {processor.py:161} INFO - Started process (PID=187) to work on /opt/airflow/dags/git_repo_dag.py
[2024-05-08T18:42:07.003+0000] {processor.py:830} INFO - Processing file /opt/airflow/dags/git_repo_dag.py for tasks to queue
[2024-05-08T18:42:07.007+0000] {logging_mixin.py:188} INFO - [2024-05-08T18:42:07.006+0000] {dagbag.py:545} INFO - Filling up the DagBag from /opt/airflow/dags/git_repo_dag.py
[2024-05-08T18:42:07.035+0000] {logging_mixin.py:188} INFO - [2024-05-08T18:42:07.027+0000] {dagbag.py:355} ERROR - Failed to import: /opt/airflow/dags/git_repo_dag.py
Traceback (most recent call last):
  File "/home/airflow/.local/lib/python3.12/site-packages/airflow/models/dagbag.py", line 351, in parse
    loader.exec_module(new_module)
  File "<frozen importlib._bootstrap_external>", line 995, in exec_module
  File "<frozen importlib._bootstrap>", line 488, in _call_with_frames_removed
  File "/opt/airflow/dags/git_repo_dag.py", line 3, in <module>
    from airflow.providers.github.operators.github import GithubOperator
ModuleNotFoundError: No module named 'airflow.providers.github'
[2024-05-08T18:42:07.039+0000] {processor.py:842} WARNING - No viable dags retrieved from /opt/airflow/dags/git_repo_dag.py
[2024-05-08T18:42:07.087+0000] {processor.py:183} INFO - Processing /opt/airflow/dags/git_repo_dag.py took 0.094 seconds
[2024-05-08T18:42:37.605+0000] {processor.py:161} INFO - Started process (PID=197) to work on /opt/airflow/dags/git_repo_dag.py
[2024-05-08T18:42:37.607+0000] {processor.py:830} INFO - Processing file /opt/airflow/dags/git_repo_dag.py for tasks to queue
[2024-05-08T18:42:37.618+0000] {logging_mixin.py:188} INFO - [2024-05-08T18:42:37.617+0000] {dagbag.py:545} INFO - Filling up the DagBag from /opt/airflow/dags/git_repo_dag.py
[2024-05-08T18:42:37.686+0000] {logging_mixin.py:188} INFO - [2024-05-08T18:42:37.668+0000] {dagbag.py:355} ERROR - Failed to import: /opt/airflow/dags/git_repo_dag.py
Traceback (most recent call last):
  File "/home/airflow/.local/lib/python3.12/site-packages/airflow/models/dagbag.py", line 351, in parse
    loader.exec_module(new_module)
  File "<frozen importlib._bootstrap_external>", line 995, in exec_module
  File "<frozen importlib._bootstrap>", line 488, in _call_with_frames_removed
  File "/opt/airflow/dags/git_repo_dag.py", line 3, in <module>
    from airflow.providers.github.operators.github import GithubOperator
ModuleNotFoundError: No module named 'airflow.providers.github'
[2024-05-08T18:42:37.691+0000] {processor.py:842} WARNING - No viable dags retrieved from /opt/airflow/dags/git_repo_dag.py
[2024-05-08T18:42:37.823+0000] {processor.py:183} INFO - Processing /opt/airflow/dags/git_repo_dag.py took 0.234 seconds
[2024-05-08T18:43:08.089+0000] {processor.py:161} INFO - Started process (PID=207) to work on /opt/airflow/dags/git_repo_dag.py
[2024-05-08T18:43:08.090+0000] {processor.py:830} INFO - Processing file /opt/airflow/dags/git_repo_dag.py for tasks to queue
[2024-05-08T18:43:08.093+0000] {logging_mixin.py:188} INFO - [2024-05-08T18:43:08.092+0000] {dagbag.py:545} INFO - Filling up the DagBag from /opt/airflow/dags/git_repo_dag.py
[2024-05-08T18:43:08.114+0000] {logging_mixin.py:188} INFO - [2024-05-08T18:43:08.107+0000] {dagbag.py:355} ERROR - Failed to import: /opt/airflow/dags/git_repo_dag.py
Traceback (most recent call last):
  File "/home/airflow/.local/lib/python3.12/site-packages/airflow/models/dagbag.py", line 351, in parse
    loader.exec_module(new_module)
  File "<frozen importlib._bootstrap_external>", line 995, in exec_module
  File "<frozen importlib._bootstrap>", line 488, in _call_with_frames_removed
  File "/opt/airflow/dags/git_repo_dag.py", line 3, in <module>
    from airflow.providers.github.operators.github import GithubOperator
ModuleNotFoundError: No module named 'airflow.providers.github'
[2024-05-08T18:43:08.118+0000] {processor.py:842} WARNING - No viable dags retrieved from /opt/airflow/dags/git_repo_dag.py
[2024-05-08T18:43:08.171+0000] {processor.py:183} INFO - Processing /opt/airflow/dags/git_repo_dag.py took 0.087 seconds
[2024-05-08T18:43:38.658+0000] {processor.py:161} INFO - Started process (PID=217) to work on /opt/airflow/dags/git_repo_dag.py
[2024-05-08T18:43:38.665+0000] {processor.py:830} INFO - Processing file /opt/airflow/dags/git_repo_dag.py for tasks to queue
[2024-05-08T18:43:38.671+0000] {logging_mixin.py:188} INFO - [2024-05-08T18:43:38.670+0000] {dagbag.py:545} INFO - Filling up the DagBag from /opt/airflow/dags/git_repo_dag.py
[2024-05-08T18:43:38.707+0000] {logging_mixin.py:188} INFO - [2024-05-08T18:43:38.699+0000] {dagbag.py:355} ERROR - Failed to import: /opt/airflow/dags/git_repo_dag.py
Traceback (most recent call last):
  File "/home/airflow/.local/lib/python3.12/site-packages/airflow/models/dagbag.py", line 351, in parse
    loader.exec_module(new_module)
  File "<frozen importlib._bootstrap_external>", line 995, in exec_module
  File "<frozen importlib._bootstrap>", line 488, in _call_with_frames_removed
  File "/opt/airflow/dags/git_repo_dag.py", line 3, in <module>
    from airflow.providers.github.operators.github import GithubOperator
ModuleNotFoundError: No module named 'airflow.providers.github'
[2024-05-08T18:43:38.711+0000] {processor.py:842} WARNING - No viable dags retrieved from /opt/airflow/dags/git_repo_dag.py
[2024-05-08T18:43:38.770+0000] {processor.py:183} INFO - Processing /opt/airflow/dags/git_repo_dag.py took 0.139 seconds
[2024-05-08T18:44:09.636+0000] {processor.py:161} INFO - Started process (PID=227) to work on /opt/airflow/dags/git_repo_dag.py
[2024-05-08T18:44:09.637+0000] {processor.py:830} INFO - Processing file /opt/airflow/dags/git_repo_dag.py for tasks to queue
[2024-05-08T18:44:09.641+0000] {logging_mixin.py:188} INFO - [2024-05-08T18:44:09.640+0000] {dagbag.py:545} INFO - Filling up the DagBag from /opt/airflow/dags/git_repo_dag.py
[2024-05-08T18:44:09.674+0000] {logging_mixin.py:188} INFO - [2024-05-08T18:44:09.667+0000] {dagbag.py:355} ERROR - Failed to import: /opt/airflow/dags/git_repo_dag.py
Traceback (most recent call last):
  File "/home/airflow/.local/lib/python3.12/site-packages/airflow/models/dagbag.py", line 351, in parse
    loader.exec_module(new_module)
  File "<frozen importlib._bootstrap_external>", line 995, in exec_module
  File "<frozen importlib._bootstrap>", line 488, in _call_with_frames_removed
  File "/opt/airflow/dags/git_repo_dag.py", line 3, in <module>
    from airflow.providers.github.operators.github import GithubOperator
ModuleNotFoundError: No module named 'airflow.providers.github'
[2024-05-08T18:44:09.677+0000] {processor.py:842} WARNING - No viable dags retrieved from /opt/airflow/dags/git_repo_dag.py
[2024-05-08T18:44:09.735+0000] {processor.py:183} INFO - Processing /opt/airflow/dags/git_repo_dag.py took 0.107 seconds
[2024-05-08T18:46:26.055+0000] {processor.py:161} INFO - Started process (PID=52) to work on /opt/airflow/dags/git_repo_dag.py
[2024-05-08T18:46:26.056+0000] {processor.py:830} INFO - Processing file /opt/airflow/dags/git_repo_dag.py for tasks to queue
[2024-05-08T18:46:26.059+0000] {logging_mixin.py:188} INFO - [2024-05-08T18:46:26.058+0000] {dagbag.py:545} INFO - Filling up the DagBag from /opt/airflow/dags/git_repo_dag.py
[2024-05-08T18:46:26.095+0000] {processor.py:840} INFO - DAG(s) 'git_repo_dag' retrieved from /opt/airflow/dags/git_repo_dag.py
[2024-05-08T18:46:26.115+0000] {logging_mixin.py:188} INFO - [2024-05-08T18:46:26.115+0000] {dag.py:3096} INFO - Sync 1 DAGs
[2024-05-08T18:46:26.159+0000] {logging_mixin.py:188} INFO - [2024-05-08T18:46:26.159+0000] {dag.py:3954} INFO - Setting next_dagrun for git_repo_dag to 2024-05-07 21:00:00+00:00, run_after=2024-05-08 21:00:00+00:00
[2024-05-08T18:46:28.762+0000] {processor.py:183} INFO - Processing /opt/airflow/dags/git_repo_dag.py took 2.715 seconds
[2024-05-08T18:46:59.142+0000] {processor.py:161} INFO - Started process (PID=70) to work on /opt/airflow/dags/git_repo_dag.py
[2024-05-08T18:46:59.144+0000] {processor.py:830} INFO - Processing file /opt/airflow/dags/git_repo_dag.py for tasks to queue
[2024-05-08T18:46:59.147+0000] {logging_mixin.py:188} INFO - [2024-05-08T18:46:59.147+0000] {dagbag.py:545} INFO - Filling up the DagBag from /opt/airflow/dags/git_repo_dag.py
[2024-05-08T18:46:59.189+0000] {processor.py:840} INFO - DAG(s) 'git_repo_dag' retrieved from /opt/airflow/dags/git_repo_dag.py
[2024-05-08T18:46:59.405+0000] {logging_mixin.py:188} INFO - [2024-05-08T18:46:59.405+0000] {dag.py:3096} INFO - Sync 1 DAGs
[2024-05-08T18:46:59.442+0000] {logging_mixin.py:188} INFO - [2024-05-08T18:46:59.442+0000] {dag.py:3954} INFO - Setting next_dagrun for git_repo_dag to 2024-05-07 21:00:00+00:00, run_after=2024-05-08 21:00:00+00:00
[2024-05-08T18:46:59.911+0000] {processor.py:183} INFO - Processing /opt/airflow/dags/git_repo_dag.py took 0.777 seconds
[2024-05-08T18:47:32.787+0000] {processor.py:161} INFO - Started process (PID=75) to work on /opt/airflow/dags/git_repo_dag.py
[2024-05-08T18:47:32.788+0000] {processor.py:830} INFO - Processing file /opt/airflow/dags/git_repo_dag.py for tasks to queue
[2024-05-08T18:47:32.790+0000] {logging_mixin.py:188} INFO - [2024-05-08T18:47:32.790+0000] {dagbag.py:545} INFO - Filling up the DagBag from /opt/airflow/dags/git_repo_dag.py
[2024-05-08T18:47:32.821+0000] {processor.py:840} INFO - DAG(s) 'git_repo_dag' retrieved from /opt/airflow/dags/git_repo_dag.py
[2024-05-08T18:47:32.856+0000] {logging_mixin.py:188} INFO - [2024-05-08T18:47:32.856+0000] {dag.py:3096} INFO - Sync 1 DAGs
[2024-05-08T18:47:32.886+0000] {logging_mixin.py:188} INFO - [2024-05-08T18:47:32.886+0000] {dag.py:3954} INFO - Setting next_dagrun for git_repo_dag to 2024-05-07 21:00:00+00:00, run_after=2024-05-08 21:00:00+00:00
[2024-05-08T18:47:35.318+0000] {processor.py:183} INFO - Processing /opt/airflow/dags/git_repo_dag.py took 2.536 seconds
[2024-05-08T18:48:09.309+0000] {processor.py:161} INFO - Started process (PID=81) to work on /opt/airflow/dags/git_repo_dag.py
[2024-05-08T18:48:09.310+0000] {processor.py:830} INFO - Processing file /opt/airflow/dags/git_repo_dag.py for tasks to queue
[2024-05-08T18:48:09.313+0000] {logging_mixin.py:188} INFO - [2024-05-08T18:48:09.313+0000] {dagbag.py:545} INFO - Filling up the DagBag from /opt/airflow/dags/git_repo_dag.py
[2024-05-08T18:48:09.350+0000] {processor.py:840} INFO - DAG(s) 'git_repo_dag' retrieved from /opt/airflow/dags/git_repo_dag.py
[2024-05-08T18:48:09.397+0000] {logging_mixin.py:188} INFO - [2024-05-08T18:48:09.396+0000] {dag.py:3096} INFO - Sync 1 DAGs
[2024-05-08T18:48:09.433+0000] {logging_mixin.py:188} INFO - [2024-05-08T18:48:09.433+0000] {dag.py:3954} INFO - Setting next_dagrun for git_repo_dag to 2024-05-07 21:00:00+00:00, run_after=2024-05-08 21:00:00+00:00
[2024-05-08T18:48:09.729+0000] {processor.py:183} INFO - Processing /opt/airflow/dags/git_repo_dag.py took 0.442 seconds
[2024-05-08T18:48:40.618+0000] {processor.py:161} INFO - Started process (PID=91) to work on /opt/airflow/dags/git_repo_dag.py
[2024-05-08T18:48:40.619+0000] {processor.py:830} INFO - Processing file /opt/airflow/dags/git_repo_dag.py for tasks to queue
[2024-05-08T18:48:40.621+0000] {logging_mixin.py:188} INFO - [2024-05-08T18:48:40.621+0000] {dagbag.py:545} INFO - Filling up the DagBag from /opt/airflow/dags/git_repo_dag.py
[2024-05-08T18:48:40.651+0000] {processor.py:840} INFO - DAG(s) 'git_repo_dag' retrieved from /opt/airflow/dags/git_repo_dag.py
[2024-05-08T18:48:40.689+0000] {logging_mixin.py:188} INFO - [2024-05-08T18:48:40.689+0000] {dag.py:3096} INFO - Sync 1 DAGs
[2024-05-08T18:48:40.724+0000] {logging_mixin.py:188} INFO - [2024-05-08T18:48:40.723+0000] {dag.py:3954} INFO - Setting next_dagrun for git_repo_dag to 2024-05-07 21:00:00+00:00, run_after=2024-05-08 21:00:00+00:00
[2024-05-08T18:48:41.154+0000] {processor.py:183} INFO - Processing /opt/airflow/dags/git_repo_dag.py took 0.542 seconds
[2024-05-08T18:49:12.428+0000] {processor.py:161} INFO - Started process (PID=101) to work on /opt/airflow/dags/git_repo_dag.py
[2024-05-08T18:49:12.429+0000] {processor.py:830} INFO - Processing file /opt/airflow/dags/git_repo_dag.py for tasks to queue
[2024-05-08T18:49:12.431+0000] {logging_mixin.py:188} INFO - [2024-05-08T18:49:12.431+0000] {dagbag.py:545} INFO - Filling up the DagBag from /opt/airflow/dags/git_repo_dag.py
[2024-05-08T18:49:12.463+0000] {processor.py:840} INFO - DAG(s) 'git_repo_dag' retrieved from /opt/airflow/dags/git_repo_dag.py
[2024-05-08T18:49:12.507+0000] {logging_mixin.py:188} INFO - [2024-05-08T18:49:12.507+0000] {dag.py:3096} INFO - Sync 1 DAGs
[2024-05-08T18:49:12.539+0000] {logging_mixin.py:188} INFO - [2024-05-08T18:49:12.539+0000] {dag.py:3954} INFO - Setting next_dagrun for git_repo_dag to 2024-05-07 21:00:00+00:00, run_after=2024-05-08 21:00:00+00:00
[2024-05-08T18:49:13.320+0000] {processor.py:183} INFO - Processing /opt/airflow/dags/git_repo_dag.py took 0.898 seconds
[2024-05-08T18:49:43.657+0000] {processor.py:161} INFO - Started process (PID=111) to work on /opt/airflow/dags/git_repo_dag.py
[2024-05-08T18:49:43.658+0000] {processor.py:830} INFO - Processing file /opt/airflow/dags/git_repo_dag.py for tasks to queue
[2024-05-08T18:49:43.660+0000] {logging_mixin.py:188} INFO - [2024-05-08T18:49:43.660+0000] {dagbag.py:545} INFO - Filling up the DagBag from /opt/airflow/dags/git_repo_dag.py
[2024-05-08T18:49:43.690+0000] {processor.py:840} INFO - DAG(s) 'git_repo_dag' retrieved from /opt/airflow/dags/git_repo_dag.py
[2024-05-08T18:49:43.722+0000] {logging_mixin.py:188} INFO - [2024-05-08T18:49:43.722+0000] {dag.py:3096} INFO - Sync 1 DAGs
[2024-05-08T18:49:43.751+0000] {logging_mixin.py:188} INFO - [2024-05-08T18:49:43.751+0000] {dag.py:3954} INFO - Setting next_dagrun for git_repo_dag to 2024-05-07 21:00:00+00:00, run_after=2024-05-08 21:00:00+00:00
[2024-05-08T18:49:44.179+0000] {processor.py:183} INFO - Processing /opt/airflow/dags/git_repo_dag.py took 0.527 seconds
[2024-05-08T18:50:15.193+0000] {processor.py:161} INFO - Started process (PID=121) to work on /opt/airflow/dags/git_repo_dag.py
[2024-05-08T18:50:15.194+0000] {processor.py:830} INFO - Processing file /opt/airflow/dags/git_repo_dag.py for tasks to queue
[2024-05-08T18:50:15.196+0000] {logging_mixin.py:188} INFO - [2024-05-08T18:50:15.196+0000] {dagbag.py:545} INFO - Filling up the DagBag from /opt/airflow/dags/git_repo_dag.py
[2024-05-08T18:50:15.229+0000] {processor.py:840} INFO - DAG(s) 'git_repo_dag' retrieved from /opt/airflow/dags/git_repo_dag.py
[2024-05-08T18:50:15.266+0000] {logging_mixin.py:188} INFO - [2024-05-08T18:50:15.266+0000] {dag.py:3096} INFO - Sync 1 DAGs
[2024-05-08T18:50:15.297+0000] {logging_mixin.py:188} INFO - [2024-05-08T18:50:15.297+0000] {dag.py:3954} INFO - Setting next_dagrun for git_repo_dag to 2024-05-07 21:00:00+00:00, run_after=2024-05-08 21:00:00+00:00
[2024-05-08T18:50:15.366+0000] {processor.py:183} INFO - Processing /opt/airflow/dags/git_repo_dag.py took 0.178 seconds
[2024-05-08T18:50:45.814+0000] {processor.py:161} INFO - Started process (PID=131) to work on /opt/airflow/dags/git_repo_dag.py
[2024-05-08T18:50:45.815+0000] {processor.py:830} INFO - Processing file /opt/airflow/dags/git_repo_dag.py for tasks to queue
[2024-05-08T18:50:45.817+0000] {logging_mixin.py:188} INFO - [2024-05-08T18:50:45.817+0000] {dagbag.py:545} INFO - Filling up the DagBag from /opt/airflow/dags/git_repo_dag.py
[2024-05-08T18:50:45.847+0000] {processor.py:840} INFO - DAG(s) 'git_repo_dag' retrieved from /opt/airflow/dags/git_repo_dag.py
[2024-05-08T18:50:45.881+0000] {logging_mixin.py:188} INFO - [2024-05-08T18:50:45.881+0000] {dag.py:3096} INFO - Sync 1 DAGs
[2024-05-08T18:50:45.910+0000] {logging_mixin.py:188} INFO - [2024-05-08T18:50:45.910+0000] {dag.py:3954} INFO - Setting next_dagrun for git_repo_dag to 2024-05-07 21:00:00+00:00, run_after=2024-05-08 21:00:00+00:00
[2024-05-08T18:50:45.970+0000] {processor.py:183} INFO - Processing /opt/airflow/dags/git_repo_dag.py took 0.161 seconds
[2024-05-08T18:51:16.820+0000] {processor.py:161} INFO - Started process (PID=141) to work on /opt/airflow/dags/git_repo_dag.py
[2024-05-08T18:51:16.821+0000] {processor.py:830} INFO - Processing file /opt/airflow/dags/git_repo_dag.py for tasks to queue
[2024-05-08T18:51:16.823+0000] {logging_mixin.py:188} INFO - [2024-05-08T18:51:16.823+0000] {dagbag.py:545} INFO - Filling up the DagBag from /opt/airflow/dags/git_repo_dag.py
[2024-05-08T18:51:16.851+0000] {processor.py:840} INFO - DAG(s) 'git_repo_dag' retrieved from /opt/airflow/dags/git_repo_dag.py
[2024-05-08T18:51:16.885+0000] {logging_mixin.py:188} INFO - [2024-05-08T18:51:16.885+0000] {dag.py:3096} INFO - Sync 1 DAGs
[2024-05-08T18:51:16.916+0000] {logging_mixin.py:188} INFO - [2024-05-08T18:51:16.916+0000] {dag.py:3954} INFO - Setting next_dagrun for git_repo_dag to 2024-05-07 21:00:00+00:00, run_after=2024-05-08 21:00:00+00:00
[2024-05-08T18:51:16.987+0000] {processor.py:183} INFO - Processing /opt/airflow/dags/git_repo_dag.py took 0.173 seconds
[2024-05-08T18:51:47.681+0000] {processor.py:161} INFO - Started process (PID=151) to work on /opt/airflow/dags/git_repo_dag.py
[2024-05-08T18:51:47.682+0000] {processor.py:830} INFO - Processing file /opt/airflow/dags/git_repo_dag.py for tasks to queue
[2024-05-08T18:51:47.685+0000] {logging_mixin.py:188} INFO - [2024-05-08T18:51:47.684+0000] {dagbag.py:545} INFO - Filling up the DagBag from /opt/airflow/dags/git_repo_dag.py
[2024-05-08T18:51:47.709+0000] {processor.py:840} INFO - DAG(s) 'git_repo_dag' retrieved from /opt/airflow/dags/git_repo_dag.py
[2024-05-08T18:51:47.741+0000] {logging_mixin.py:188} INFO - [2024-05-08T18:51:47.740+0000] {dag.py:3096} INFO - Sync 1 DAGs
[2024-05-08T18:51:47.769+0000] {logging_mixin.py:188} INFO - [2024-05-08T18:51:47.769+0000] {dag.py:3954} INFO - Setting next_dagrun for git_repo_dag to 2024-05-07 21:00:00+00:00, run_after=2024-05-08 21:00:00+00:00
[2024-05-08T18:51:47.825+0000] {processor.py:183} INFO - Processing /opt/airflow/dags/git_repo_dag.py took 0.149 seconds
[2024-05-08T18:52:18.591+0000] {processor.py:161} INFO - Started process (PID=161) to work on /opt/airflow/dags/git_repo_dag.py
[2024-05-08T18:52:18.592+0000] {processor.py:830} INFO - Processing file /opt/airflow/dags/git_repo_dag.py for tasks to queue
[2024-05-08T18:52:18.595+0000] {logging_mixin.py:188} INFO - [2024-05-08T18:52:18.594+0000] {dagbag.py:545} INFO - Filling up the DagBag from /opt/airflow/dags/git_repo_dag.py
[2024-05-08T18:52:18.632+0000] {processor.py:840} INFO - DAG(s) 'git_repo_dag' retrieved from /opt/airflow/dags/git_repo_dag.py
[2024-05-08T18:52:18.671+0000] {logging_mixin.py:188} INFO - [2024-05-08T18:52:18.670+0000] {dag.py:3096} INFO - Sync 1 DAGs
[2024-05-08T18:52:18.709+0000] {logging_mixin.py:188} INFO - [2024-05-08T18:52:18.708+0000] {dag.py:3954} INFO - Setting next_dagrun for git_repo_dag to 2024-05-07 21:00:00+00:00, run_after=2024-05-08 21:00:00+00:00
[2024-05-08T18:52:18.796+0000] {processor.py:183} INFO - Processing /opt/airflow/dags/git_repo_dag.py took 0.211 seconds
[2024-05-08T18:52:49.120+0000] {processor.py:161} INFO - Started process (PID=171) to work on /opt/airflow/dags/git_repo_dag.py
[2024-05-08T18:52:49.123+0000] {processor.py:830} INFO - Processing file /opt/airflow/dags/git_repo_dag.py for tasks to queue
[2024-05-08T18:52:49.126+0000] {logging_mixin.py:188} INFO - [2024-05-08T18:52:49.126+0000] {dagbag.py:545} INFO - Filling up the DagBag from /opt/airflow/dags/git_repo_dag.py
[2024-05-08T18:52:49.180+0000] {processor.py:840} INFO - DAG(s) 'git_repo_dag' retrieved from /opt/airflow/dags/git_repo_dag.py
[2024-05-08T18:52:49.245+0000] {logging_mixin.py:188} INFO - [2024-05-08T18:52:49.244+0000] {dag.py:3096} INFO - Sync 1 DAGs
[2024-05-08T18:52:49.305+0000] {logging_mixin.py:188} INFO - [2024-05-08T18:52:49.305+0000] {dag.py:3954} INFO - Setting next_dagrun for git_repo_dag to 2024-05-07 21:00:00+00:00, run_after=2024-05-08 21:00:00+00:00
[2024-05-08T18:52:49.402+0000] {processor.py:183} INFO - Processing /opt/airflow/dags/git_repo_dag.py took 0.303 seconds
[2024-05-08T18:53:37.105+0000] {processor.py:161} INFO - Started process (PID=52) to work on /opt/airflow/dags/git_repo_dag.py
[2024-05-08T18:53:37.110+0000] {processor.py:830} INFO - Processing file /opt/airflow/dags/git_repo_dag.py for tasks to queue
[2024-05-08T18:53:37.113+0000] {logging_mixin.py:188} INFO - [2024-05-08T18:53:37.113+0000] {dagbag.py:545} INFO - Filling up the DagBag from /opt/airflow/dags/git_repo_dag.py
[2024-05-08T18:53:37.150+0000] {processor.py:840} INFO - DAG(s) 'git_repo_dag' retrieved from /opt/airflow/dags/git_repo_dag.py
[2024-05-08T18:53:37.173+0000] {logging_mixin.py:188} INFO - [2024-05-08T18:53:37.173+0000] {dag.py:3096} INFO - Sync 1 DAGs
[2024-05-08T18:53:37.233+0000] {logging_mixin.py:188} INFO - [2024-05-08T18:53:37.233+0000] {dag.py:3954} INFO - Setting next_dagrun for git_repo_dag to 2024-05-07 21:00:00+00:00, run_after=2024-05-08 21:00:00+00:00
[2024-05-08T18:53:37.319+0000] {processor.py:183} INFO - Processing /opt/airflow/dags/git_repo_dag.py took 0.224 seconds
[2024-05-08T18:54:07.742+0000] {processor.py:161} INFO - Started process (PID=70) to work on /opt/airflow/dags/git_repo_dag.py
[2024-05-08T18:54:07.744+0000] {processor.py:830} INFO - Processing file /opt/airflow/dags/git_repo_dag.py for tasks to queue
[2024-05-08T18:54:07.747+0000] {logging_mixin.py:188} INFO - [2024-05-08T18:54:07.746+0000] {dagbag.py:545} INFO - Filling up the DagBag from /opt/airflow/dags/git_repo_dag.py
[2024-05-08T18:54:07.793+0000] {processor.py:840} INFO - DAG(s) 'git_repo_dag' retrieved from /opt/airflow/dags/git_repo_dag.py
[2024-05-08T18:54:08.004+0000] {logging_mixin.py:188} INFO - [2024-05-08T18:54:08.003+0000] {dag.py:3096} INFO - Sync 1 DAGs
[2024-05-08T18:54:08.046+0000] {logging_mixin.py:188} INFO - [2024-05-08T18:54:08.046+0000] {dag.py:3954} INFO - Setting next_dagrun for git_repo_dag to 2024-05-07 21:00:00+00:00, run_after=2024-05-08 21:00:00+00:00
[2024-05-08T18:54:08.159+0000] {processor.py:183} INFO - Processing /opt/airflow/dags/git_repo_dag.py took 0.429 seconds
[2024-05-08T18:54:53.734+0000] {processor.py:161} INFO - Started process (PID=52) to work on /opt/airflow/dags/git_repo_dag.py
[2024-05-08T18:54:53.735+0000] {processor.py:830} INFO - Processing file /opt/airflow/dags/git_repo_dag.py for tasks to queue
[2024-05-08T18:54:53.737+0000] {logging_mixin.py:188} INFO - [2024-05-08T18:54:53.737+0000] {dagbag.py:545} INFO - Filling up the DagBag from /opt/airflow/dags/git_repo_dag.py
[2024-05-08T18:54:53.758+0000] {logging_mixin.py:188} INFO - [2024-05-08T18:54:53.753+0000] {dagbag.py:355} ERROR - Failed to import: /opt/airflow/dags/git_repo_dag.py
Traceback (most recent call last):
  File "/home/airflow/.local/lib/python3.12/site-packages/airflow/models/dagbag.py", line 351, in parse
    loader.exec_module(new_module)
  File "<frozen importlib._bootstrap_external>", line 995, in exec_module
  File "<frozen importlib._bootstrap>", line 488, in _call_with_frames_removed
  File "/opt/airflow/dags/git_repo_dag.py", line 3, in <module>
    from airflow.providers.github.operators.github import GithubOperator
ModuleNotFoundError: No module named 'airflow.providers.github'
[2024-05-08T18:54:53.761+0000] {processor.py:842} WARNING - No viable dags retrieved from /opt/airflow/dags/git_repo_dag.py
[2024-05-08T18:54:53.811+0000] {processor.py:183} INFO - Processing /opt/airflow/dags/git_repo_dag.py took 0.090 seconds
[2024-05-08T18:55:24.040+0000] {processor.py:161} INFO - Started process (PID=70) to work on /opt/airflow/dags/git_repo_dag.py
[2024-05-08T18:55:24.044+0000] {processor.py:830} INFO - Processing file /opt/airflow/dags/git_repo_dag.py for tasks to queue
[2024-05-08T18:55:24.058+0000] {logging_mixin.py:188} INFO - [2024-05-08T18:55:24.057+0000] {dagbag.py:545} INFO - Filling up the DagBag from /opt/airflow/dags/git_repo_dag.py
[2024-05-08T18:55:24.087+0000] {logging_mixin.py:188} INFO - [2024-05-08T18:55:24.080+0000] {dagbag.py:355} ERROR - Failed to import: /opt/airflow/dags/git_repo_dag.py
Traceback (most recent call last):
  File "/home/airflow/.local/lib/python3.12/site-packages/airflow/models/dagbag.py", line 351, in parse
    loader.exec_module(new_module)
  File "<frozen importlib._bootstrap_external>", line 995, in exec_module
  File "<frozen importlib._bootstrap>", line 488, in _call_with_frames_removed
  File "/opt/airflow/dags/git_repo_dag.py", line 3, in <module>
    from airflow.providers.github.operators.github import GithubOperator
ModuleNotFoundError: No module named 'airflow.providers.github'
[2024-05-08T18:55:24.090+0000] {processor.py:842} WARNING - No viable dags retrieved from /opt/airflow/dags/git_repo_dag.py
[2024-05-08T18:55:24.163+0000] {processor.py:183} INFO - Processing /opt/airflow/dags/git_repo_dag.py took 0.140 seconds
[2024-05-08T18:55:54.940+0000] {processor.py:161} INFO - Started process (PID=80) to work on /opt/airflow/dags/git_repo_dag.py
[2024-05-08T18:55:54.941+0000] {processor.py:830} INFO - Processing file /opt/airflow/dags/git_repo_dag.py for tasks to queue
[2024-05-08T18:55:54.943+0000] {logging_mixin.py:188} INFO - [2024-05-08T18:55:54.942+0000] {dagbag.py:545} INFO - Filling up the DagBag from /opt/airflow/dags/git_repo_dag.py
[2024-05-08T18:55:54.969+0000] {logging_mixin.py:188} INFO - [2024-05-08T18:55:54.961+0000] {dagbag.py:355} ERROR - Failed to import: /opt/airflow/dags/git_repo_dag.py
Traceback (most recent call last):
  File "/home/airflow/.local/lib/python3.12/site-packages/airflow/models/dagbag.py", line 351, in parse
    loader.exec_module(new_module)
  File "<frozen importlib._bootstrap_external>", line 995, in exec_module
  File "<frozen importlib._bootstrap>", line 488, in _call_with_frames_removed
  File "/opt/airflow/dags/git_repo_dag.py", line 3, in <module>
    from airflow.providers.github.operators.github import GithubOperator
ModuleNotFoundError: No module named 'airflow.providers.github'
[2024-05-08T18:55:54.973+0000] {processor.py:842} WARNING - No viable dags retrieved from /opt/airflow/dags/git_repo_dag.py
[2024-05-08T18:55:55.030+0000] {processor.py:183} INFO - Processing /opt/airflow/dags/git_repo_dag.py took 0.101 seconds
[2024-05-08T18:56:25.910+0000] {processor.py:161} INFO - Started process (PID=90) to work on /opt/airflow/dags/git_repo_dag.py
[2024-05-08T18:56:25.912+0000] {processor.py:830} INFO - Processing file /opt/airflow/dags/git_repo_dag.py for tasks to queue
[2024-05-08T18:56:25.914+0000] {logging_mixin.py:188} INFO - [2024-05-08T18:56:25.913+0000] {dagbag.py:545} INFO - Filling up the DagBag from /opt/airflow/dags/git_repo_dag.py
[2024-05-08T18:56:25.946+0000] {logging_mixin.py:188} INFO - [2024-05-08T18:56:25.936+0000] {dagbag.py:355} ERROR - Failed to import: /opt/airflow/dags/git_repo_dag.py
Traceback (most recent call last):
  File "/home/airflow/.local/lib/python3.12/site-packages/airflow/models/dagbag.py", line 351, in parse
    loader.exec_module(new_module)
  File "<frozen importlib._bootstrap_external>", line 995, in exec_module
  File "<frozen importlib._bootstrap>", line 488, in _call_with_frames_removed
  File "/opt/airflow/dags/git_repo_dag.py", line 3, in <module>
    from airflow.providers.github.operators.github import GithubOperator
ModuleNotFoundError: No module named 'airflow.providers.github'
[2024-05-08T18:56:25.951+0000] {processor.py:842} WARNING - No viable dags retrieved from /opt/airflow/dags/git_repo_dag.py
[2024-05-08T18:56:26.016+0000] {processor.py:183} INFO - Processing /opt/airflow/dags/git_repo_dag.py took 0.121 seconds
[2024-05-08T18:56:56.955+0000] {processor.py:161} INFO - Started process (PID=100) to work on /opt/airflow/dags/git_repo_dag.py
[2024-05-08T18:56:56.958+0000] {processor.py:830} INFO - Processing file /opt/airflow/dags/git_repo_dag.py for tasks to queue
[2024-05-08T18:56:56.961+0000] {logging_mixin.py:188} INFO - [2024-05-08T18:56:56.960+0000] {dagbag.py:545} INFO - Filling up the DagBag from /opt/airflow/dags/git_repo_dag.py
[2024-05-08T18:56:56.994+0000] {logging_mixin.py:188} INFO - [2024-05-08T18:56:56.986+0000] {dagbag.py:355} ERROR - Failed to import: /opt/airflow/dags/git_repo_dag.py
Traceback (most recent call last):
  File "/home/airflow/.local/lib/python3.12/site-packages/airflow/models/dagbag.py", line 351, in parse
    loader.exec_module(new_module)
  File "<frozen importlib._bootstrap_external>", line 995, in exec_module
  File "<frozen importlib._bootstrap>", line 488, in _call_with_frames_removed
  File "/opt/airflow/dags/git_repo_dag.py", line 3, in <module>
    from airflow.providers.github.operators.github import GithubOperator
ModuleNotFoundError: No module named 'airflow.providers.github'
[2024-05-08T18:56:56.997+0000] {processor.py:842} WARNING - No viable dags retrieved from /opt/airflow/dags/git_repo_dag.py
[2024-05-08T18:56:57.048+0000] {processor.py:183} INFO - Processing /opt/airflow/dags/git_repo_dag.py took 0.099 seconds
[2024-05-08T18:57:27.334+0000] {processor.py:161} INFO - Started process (PID=110) to work on /opt/airflow/dags/git_repo_dag.py
[2024-05-08T18:57:27.335+0000] {processor.py:830} INFO - Processing file /opt/airflow/dags/git_repo_dag.py for tasks to queue
[2024-05-08T18:57:27.336+0000] {logging_mixin.py:188} INFO - [2024-05-08T18:57:27.336+0000] {dagbag.py:545} INFO - Filling up the DagBag from /opt/airflow/dags/git_repo_dag.py
[2024-05-08T18:57:27.368+0000] {logging_mixin.py:188} INFO - [2024-05-08T18:57:27.361+0000] {dagbag.py:355} ERROR - Failed to import: /opt/airflow/dags/git_repo_dag.py
Traceback (most recent call last):
  File "/home/airflow/.local/lib/python3.12/site-packages/airflow/models/dagbag.py", line 351, in parse
    loader.exec_module(new_module)
  File "<frozen importlib._bootstrap_external>", line 995, in exec_module
  File "<frozen importlib._bootstrap>", line 488, in _call_with_frames_removed
  File "/opt/airflow/dags/git_repo_dag.py", line 3, in <module>
    from airflow.providers.github.operators.github import GithubOperator
ModuleNotFoundError: No module named 'airflow.providers.github'
[2024-05-08T18:57:27.369+0000] {processor.py:842} WARNING - No viable dags retrieved from /opt/airflow/dags/git_repo_dag.py
[2024-05-08T18:57:27.413+0000] {processor.py:183} INFO - Processing /opt/airflow/dags/git_repo_dag.py took 0.084 seconds
[2024-05-08T18:57:58.348+0000] {processor.py:161} INFO - Started process (PID=120) to work on /opt/airflow/dags/git_repo_dag.py
[2024-05-08T18:57:58.350+0000] {processor.py:830} INFO - Processing file /opt/airflow/dags/git_repo_dag.py for tasks to queue
[2024-05-08T18:57:58.351+0000] {logging_mixin.py:188} INFO - [2024-05-08T18:57:58.350+0000] {dagbag.py:545} INFO - Filling up the DagBag from /opt/airflow/dags/git_repo_dag.py
[2024-05-08T18:57:58.372+0000] {logging_mixin.py:188} INFO - [2024-05-08T18:57:58.366+0000] {dagbag.py:355} ERROR - Failed to import: /opt/airflow/dags/git_repo_dag.py
Traceback (most recent call last):
  File "/home/airflow/.local/lib/python3.12/site-packages/airflow/models/dagbag.py", line 351, in parse
    loader.exec_module(new_module)
  File "<frozen importlib._bootstrap_external>", line 995, in exec_module
  File "<frozen importlib._bootstrap>", line 488, in _call_with_frames_removed
  File "/opt/airflow/dags/git_repo_dag.py", line 3, in <module>
    from airflow.providers.github.operators.github import GithubOperator
ModuleNotFoundError: No module named 'airflow.providers.github'
[2024-05-08T18:57:58.375+0000] {processor.py:842} WARNING - No viable dags retrieved from /opt/airflow/dags/git_repo_dag.py
[2024-05-08T18:57:58.430+0000] {processor.py:183} INFO - Processing /opt/airflow/dags/git_repo_dag.py took 0.087 seconds
[2024-05-08T18:58:28.888+0000] {processor.py:161} INFO - Started process (PID=130) to work on /opt/airflow/dags/git_repo_dag.py
[2024-05-08T18:58:28.890+0000] {processor.py:830} INFO - Processing file /opt/airflow/dags/git_repo_dag.py for tasks to queue
[2024-05-08T18:58:28.891+0000] {logging_mixin.py:188} INFO - [2024-05-08T18:58:28.891+0000] {dagbag.py:545} INFO - Filling up the DagBag from /opt/airflow/dags/git_repo_dag.py
[2024-05-08T18:58:28.924+0000] {logging_mixin.py:188} INFO - [2024-05-08T18:58:28.914+0000] {dagbag.py:355} ERROR - Failed to import: /opt/airflow/dags/git_repo_dag.py
Traceback (most recent call last):
  File "/home/airflow/.local/lib/python3.12/site-packages/airflow/models/dagbag.py", line 351, in parse
    loader.exec_module(new_module)
  File "<frozen importlib._bootstrap_external>", line 995, in exec_module
  File "<frozen importlib._bootstrap>", line 488, in _call_with_frames_removed
  File "/opt/airflow/dags/git_repo_dag.py", line 3, in <module>
    from airflow.providers.github.operators.github import GithubOperator
ModuleNotFoundError: No module named 'airflow.providers.github'
[2024-05-08T18:58:28.927+0000] {processor.py:842} WARNING - No viable dags retrieved from /opt/airflow/dags/git_repo_dag.py
[2024-05-08T18:58:28.983+0000] {processor.py:183} INFO - Processing /opt/airflow/dags/git_repo_dag.py took 0.103 seconds
[2024-05-08T18:59:13.488+0000] {processor.py:161} INFO - Started process (PID=52) to work on /opt/airflow/dags/git_repo_dag.py
[2024-05-08T18:59:13.490+0000] {processor.py:830} INFO - Processing file /opt/airflow/dags/git_repo_dag.py for tasks to queue
[2024-05-08T18:59:13.492+0000] {logging_mixin.py:188} INFO - [2024-05-08T18:59:13.491+0000] {dagbag.py:545} INFO - Filling up the DagBag from /opt/airflow/dags/git_repo_dag.py
[2024-05-08T18:59:13.514+0000] {logging_mixin.py:188} INFO - [2024-05-08T18:59:13.509+0000] {dagbag.py:355} ERROR - Failed to import: /opt/airflow/dags/git_repo_dag.py
Traceback (most recent call last):
  File "/home/airflow/.local/lib/python3.12/site-packages/airflow/models/dagbag.py", line 351, in parse
    loader.exec_module(new_module)
  File "<frozen importlib._bootstrap_external>", line 995, in exec_module
  File "<frozen importlib._bootstrap>", line 488, in _call_with_frames_removed
  File "/opt/airflow/dags/git_repo_dag.py", line 3, in <module>
    from airflow.providers.github.operators.github import GithubOperator
ModuleNotFoundError: No module named 'airflow.providers.github'
[2024-05-08T18:59:13.516+0000] {processor.py:842} WARNING - No viable dags retrieved from /opt/airflow/dags/git_repo_dag.py
[2024-05-08T18:59:13.560+0000] {processor.py:183} INFO - Processing /opt/airflow/dags/git_repo_dag.py took 0.085 seconds
[2024-05-08T18:59:43.768+0000] {processor.py:161} INFO - Started process (PID=70) to work on /opt/airflow/dags/git_repo_dag.py
[2024-05-08T18:59:43.770+0000] {processor.py:830} INFO - Processing file /opt/airflow/dags/git_repo_dag.py for tasks to queue
[2024-05-08T18:59:43.772+0000] {logging_mixin.py:188} INFO - [2024-05-08T18:59:43.771+0000] {dagbag.py:545} INFO - Filling up the DagBag from /opt/airflow/dags/git_repo_dag.py
[2024-05-08T18:59:43.807+0000] {logging_mixin.py:188} INFO - [2024-05-08T18:59:43.801+0000] {dagbag.py:355} ERROR - Failed to import: /opt/airflow/dags/git_repo_dag.py
Traceback (most recent call last):
  File "/home/airflow/.local/lib/python3.12/site-packages/airflow/models/dagbag.py", line 351, in parse
    loader.exec_module(new_module)
  File "<frozen importlib._bootstrap_external>", line 995, in exec_module
  File "<frozen importlib._bootstrap>", line 488, in _call_with_frames_removed
  File "/opt/airflow/dags/git_repo_dag.py", line 3, in <module>
    from airflow.providers.github.operators.github import GithubOperator
ModuleNotFoundError: No module named 'airflow.providers.github'
[2024-05-08T18:59:43.809+0000] {processor.py:842} WARNING - No viable dags retrieved from /opt/airflow/dags/git_repo_dag.py
[2024-05-08T18:59:43.867+0000] {processor.py:183} INFO - Processing /opt/airflow/dags/git_repo_dag.py took 0.105 seconds
[2024-05-08T19:00:14.653+0000] {processor.py:161} INFO - Started process (PID=80) to work on /opt/airflow/dags/git_repo_dag.py
[2024-05-08T19:00:14.654+0000] {processor.py:830} INFO - Processing file /opt/airflow/dags/git_repo_dag.py for tasks to queue
[2024-05-08T19:00:14.658+0000] {logging_mixin.py:188} INFO - [2024-05-08T19:00:14.657+0000] {dagbag.py:545} INFO - Filling up the DagBag from /opt/airflow/dags/git_repo_dag.py
[2024-05-08T19:00:14.685+0000] {logging_mixin.py:188} INFO - [2024-05-08T19:00:14.681+0000] {dagbag.py:355} ERROR - Failed to import: /opt/airflow/dags/git_repo_dag.py
Traceback (most recent call last):
  File "/home/airflow/.local/lib/python3.12/site-packages/airflow/models/dagbag.py", line 351, in parse
    loader.exec_module(new_module)
  File "<frozen importlib._bootstrap_external>", line 995, in exec_module
  File "<frozen importlib._bootstrap>", line 488, in _call_with_frames_removed
  File "/opt/airflow/dags/git_repo_dag.py", line 3, in <module>
    from airflow.providers.github.operators.github import GithubOperator
ModuleNotFoundError: No module named 'airflow.providers.github'
[2024-05-08T19:00:14.687+0000] {processor.py:842} WARNING - No viable dags retrieved from /opt/airflow/dags/git_repo_dag.py
[2024-05-08T19:00:14.729+0000] {processor.py:183} INFO - Processing /opt/airflow/dags/git_repo_dag.py took 0.082 seconds
[2024-05-08T19:00:44.944+0000] {processor.py:161} INFO - Started process (PID=90) to work on /opt/airflow/dags/git_repo_dag.py
[2024-05-08T19:00:44.945+0000] {processor.py:830} INFO - Processing file /opt/airflow/dags/git_repo_dag.py for tasks to queue
[2024-05-08T19:00:44.950+0000] {logging_mixin.py:188} INFO - [2024-05-08T19:00:44.949+0000] {dagbag.py:545} INFO - Filling up the DagBag from /opt/airflow/dags/git_repo_dag.py
[2024-05-08T19:00:44.974+0000] {logging_mixin.py:188} INFO - [2024-05-08T19:00:44.970+0000] {dagbag.py:355} ERROR - Failed to import: /opt/airflow/dags/git_repo_dag.py
Traceback (most recent call last):
  File "/home/airflow/.local/lib/python3.12/site-packages/airflow/models/dagbag.py", line 351, in parse
    loader.exec_module(new_module)
  File "<frozen importlib._bootstrap_external>", line 995, in exec_module
  File "<frozen importlib._bootstrap>", line 488, in _call_with_frames_removed
  File "/opt/airflow/dags/git_repo_dag.py", line 3, in <module>
    from airflow.providers.github.operators.github import GithubOperator
ModuleNotFoundError: No module named 'airflow.providers.github'
[2024-05-08T19:00:44.975+0000] {processor.py:842} WARNING - No viable dags retrieved from /opt/airflow/dags/git_repo_dag.py
[2024-05-08T19:00:45.037+0000] {processor.py:183} INFO - Processing /opt/airflow/dags/git_repo_dag.py took 0.099 seconds
[2024-05-08T19:01:52.721+0000] {processor.py:161} INFO - Started process (PID=52) to work on /opt/airflow/dags/git_repo_dag.py
[2024-05-08T19:01:52.722+0000] {processor.py:830} INFO - Processing file /opt/airflow/dags/git_repo_dag.py for tasks to queue
[2024-05-08T19:01:52.725+0000] {logging_mixin.py:188} INFO - [2024-05-08T19:01:52.724+0000] {dagbag.py:545} INFO - Filling up the DagBag from /opt/airflow/dags/git_repo_dag.py
[2024-05-08T19:01:52.752+0000] {logging_mixin.py:188} INFO - [2024-05-08T19:01:52.746+0000] {dagbag.py:355} ERROR - Failed to import: /opt/airflow/dags/git_repo_dag.py
Traceback (most recent call last):
  File "/home/airflow/.local/lib/python3.12/site-packages/airflow/models/dagbag.py", line 351, in parse
    loader.exec_module(new_module)
  File "<frozen importlib._bootstrap_external>", line 995, in exec_module
  File "<frozen importlib._bootstrap>", line 488, in _call_with_frames_removed
  File "/opt/airflow/dags/git_repo_dag.py", line 3, in <module>
    from airflow.providers.github.operators.github import GithubOperator
ModuleNotFoundError: No module named 'airflow.providers.github'
[2024-05-08T19:01:52.754+0000] {processor.py:842} WARNING - No viable dags retrieved from /opt/airflow/dags/git_repo_dag.py
[2024-05-08T19:01:52.796+0000] {processor.py:183} INFO - Processing /opt/airflow/dags/git_repo_dag.py took 0.089 seconds
[2024-05-08T19:02:23.155+0000] {processor.py:161} INFO - Started process (PID=70) to work on /opt/airflow/dags/git_repo_dag.py
[2024-05-08T19:02:23.157+0000] {processor.py:830} INFO - Processing file /opt/airflow/dags/git_repo_dag.py for tasks to queue
[2024-05-08T19:02:23.160+0000] {logging_mixin.py:188} INFO - [2024-05-08T19:02:23.160+0000] {dagbag.py:545} INFO - Filling up the DagBag from /opt/airflow/dags/git_repo_dag.py
[2024-05-08T19:02:23.187+0000] {logging_mixin.py:188} INFO - [2024-05-08T19:02:23.182+0000] {dagbag.py:355} ERROR - Failed to import: /opt/airflow/dags/git_repo_dag.py
Traceback (most recent call last):
  File "/home/airflow/.local/lib/python3.12/site-packages/airflow/models/dagbag.py", line 351, in parse
    loader.exec_module(new_module)
  File "<frozen importlib._bootstrap_external>", line 995, in exec_module
  File "<frozen importlib._bootstrap>", line 488, in _call_with_frames_removed
  File "/opt/airflow/dags/git_repo_dag.py", line 3, in <module>
    from airflow.providers.github.operators.github import GithubOperator
ModuleNotFoundError: No module named 'airflow.providers.github'
[2024-05-08T19:02:23.189+0000] {processor.py:842} WARNING - No viable dags retrieved from /opt/airflow/dags/git_repo_dag.py
[2024-05-08T19:02:23.394+0000] {processor.py:183} INFO - Processing /opt/airflow/dags/git_repo_dag.py took 0.244 seconds
[2024-05-08T19:02:53.641+0000] {processor.py:161} INFO - Started process (PID=80) to work on /opt/airflow/dags/git_repo_dag.py
[2024-05-08T19:02:53.642+0000] {processor.py:830} INFO - Processing file /opt/airflow/dags/git_repo_dag.py for tasks to queue
[2024-05-08T19:02:53.644+0000] {logging_mixin.py:188} INFO - [2024-05-08T19:02:53.644+0000] {dagbag.py:545} INFO - Filling up the DagBag from /opt/airflow/dags/git_repo_dag.py
[2024-05-08T19:02:53.674+0000] {logging_mixin.py:188} INFO - [2024-05-08T19:02:53.669+0000] {dagbag.py:355} ERROR - Failed to import: /opt/airflow/dags/git_repo_dag.py
Traceback (most recent call last):
  File "/home/airflow/.local/lib/python3.12/site-packages/airflow/models/dagbag.py", line 351, in parse
    loader.exec_module(new_module)
  File "<frozen importlib._bootstrap_external>", line 995, in exec_module
  File "<frozen importlib._bootstrap>", line 488, in _call_with_frames_removed
  File "/opt/airflow/dags/git_repo_dag.py", line 3, in <module>
    from airflow.providers.github.operators.github import GithubOperator
ModuleNotFoundError: No module named 'airflow.providers.github'
[2024-05-08T19:02:53.676+0000] {processor.py:842} WARNING - No viable dags retrieved from /opt/airflow/dags/git_repo_dag.py
[2024-05-08T19:02:53.837+0000] {processor.py:183} INFO - Processing /opt/airflow/dags/git_repo_dag.py took 0.201 seconds
[2024-05-08T19:03:43.069+0000] {processor.py:161} INFO - Started process (PID=52) to work on /opt/airflow/dags/git_repo_dag.py
[2024-05-08T19:03:43.071+0000] {processor.py:830} INFO - Processing file /opt/airflow/dags/git_repo_dag.py for tasks to queue
[2024-05-08T19:03:43.074+0000] {logging_mixin.py:188} INFO - [2024-05-08T19:03:43.073+0000] {dagbag.py:545} INFO - Filling up the DagBag from /opt/airflow/dags/git_repo_dag.py
[2024-05-08T19:03:43.110+0000] {processor.py:840} INFO - DAG(s) 'git_repo_dag' retrieved from /opt/airflow/dags/git_repo_dag.py
[2024-05-08T19:03:43.131+0000] {logging_mixin.py:188} INFO - [2024-05-08T19:03:43.130+0000] {dag.py:3096} INFO - Sync 1 DAGs
[2024-05-08T19:03:43.183+0000] {logging_mixin.py:188} INFO - [2024-05-08T19:03:43.182+0000] {dag.py:3954} INFO - Setting next_dagrun for git_repo_dag to 2024-05-07 21:00:00+00:00, run_after=2024-05-08 21:00:00+00:00
[2024-05-08T19:03:43.289+0000] {processor.py:183} INFO - Processing /opt/airflow/dags/git_repo_dag.py took 0.226 seconds
[2024-05-08T19:04:13.473+0000] {processor.py:161} INFO - Started process (PID=70) to work on /opt/airflow/dags/git_repo_dag.py
[2024-05-08T19:04:13.474+0000] {processor.py:830} INFO - Processing file /opt/airflow/dags/git_repo_dag.py for tasks to queue
[2024-05-08T19:04:13.476+0000] {logging_mixin.py:188} INFO - [2024-05-08T19:04:13.475+0000] {dagbag.py:545} INFO - Filling up the DagBag from /opt/airflow/dags/git_repo_dag.py
[2024-05-08T19:04:13.510+0000] {processor.py:840} INFO - DAG(s) 'git_repo_dag' retrieved from /opt/airflow/dags/git_repo_dag.py
[2024-05-08T19:04:13.669+0000] {logging_mixin.py:188} INFO - [2024-05-08T19:04:13.669+0000] {dag.py:3096} INFO - Sync 1 DAGs
[2024-05-08T19:04:13.700+0000] {logging_mixin.py:188} INFO - [2024-05-08T19:04:13.700+0000] {dag.py:3954} INFO - Setting next_dagrun for git_repo_dag to 2024-05-07 21:00:00+00:00, run_after=2024-05-08 21:00:00+00:00
[2024-05-08T19:04:13.786+0000] {processor.py:183} INFO - Processing /opt/airflow/dags/git_repo_dag.py took 0.323 seconds
[2024-05-08T19:04:44.099+0000] {processor.py:161} INFO - Started process (PID=80) to work on /opt/airflow/dags/git_repo_dag.py
[2024-05-08T19:04:44.103+0000] {processor.py:830} INFO - Processing file /opt/airflow/dags/git_repo_dag.py for tasks to queue
[2024-05-08T19:04:44.106+0000] {logging_mixin.py:188} INFO - [2024-05-08T19:04:44.106+0000] {dagbag.py:545} INFO - Filling up the DagBag from /opt/airflow/dags/git_repo_dag.py
[2024-05-08T19:04:44.134+0000] {processor.py:840} INFO - DAG(s) 'git_repo_dag' retrieved from /opt/airflow/dags/git_repo_dag.py
[2024-05-08T19:04:44.177+0000] {logging_mixin.py:188} INFO - [2024-05-08T19:04:44.176+0000] {dag.py:3096} INFO - Sync 1 DAGs
[2024-05-08T19:04:44.230+0000] {logging_mixin.py:188} INFO - [2024-05-08T19:04:44.229+0000] {dag.py:3954} INFO - Setting next_dagrun for git_repo_dag to 2024-05-07 21:00:00+00:00, run_after=2024-05-08 21:00:00+00:00
[2024-05-08T19:04:44.316+0000] {processor.py:183} INFO - Processing /opt/airflow/dags/git_repo_dag.py took 0.225 seconds
