[2024-05-08T08:43:22.128+0000] {processor.py:161} INFO - Started process (PID=734) to work on /opt/airflow/dags/preprocess_data_dag.py
[2024-05-08T08:43:22.130+0000] {processor.py:830} INFO - Processing file /opt/airflow/dags/preprocess_data_dag.py for tasks to queue
[2024-05-08T08:43:22.132+0000] {logging_mixin.py:188} INFO - [2024-05-08T08:43:22.132+0000] {dagbag.py:545} INFO - Filling up the DagBag from /opt/airflow/dags/preprocess_data_dag.py
[2024-05-08T08:43:22.188+0000] {processor.py:840} INFO - DAG(s) 'preprocess_data_dag' retrieved from /opt/airflow/dags/preprocess_data_dag.py
[2024-05-08T08:43:22.509+0000] {logging_mixin.py:188} INFO - [2024-05-08T08:43:22.507+0000] {override.py:1829} INFO - Created Permission View: can delete on DAG:preprocess_data_dag
[2024-05-08T08:43:22.572+0000] {logging_mixin.py:188} INFO - [2024-05-08T08:43:22.572+0000] {override.py:1829} INFO - Created Permission View: can edit on DAG:preprocess_data_dag
[2024-05-08T08:43:22.633+0000] {logging_mixin.py:188} INFO - [2024-05-08T08:43:22.632+0000] {override.py:1829} INFO - Created Permission View: can read on DAG:preprocess_data_dag
[2024-05-08T08:43:22.634+0000] {logging_mixin.py:188} INFO - [2024-05-08T08:43:22.634+0000] {dag.py:3096} INFO - Sync 1 DAGs
[2024-05-08T08:43:22.675+0000] {logging_mixin.py:188} INFO - [2024-05-08T08:43:22.675+0000] {dag.py:3118} INFO - Creating ORM DAG for preprocess_data_dag
[2024-05-08T08:43:22.680+0000] {logging_mixin.py:188} INFO - [2024-05-08T08:43:22.679+0000] {dag.py:3954} INFO - Setting next_dagrun for preprocess_data_dag to None, run_after=None
[2024-05-08T08:43:22.783+0000] {processor.py:183} INFO - Processing /opt/airflow/dags/preprocess_data_dag.py took 0.664 seconds
[2024-05-08T08:43:53.467+0000] {processor.py:161} INFO - Started process (PID=737) to work on /opt/airflow/dags/preprocess_data_dag.py
[2024-05-08T08:43:53.469+0000] {processor.py:830} INFO - Processing file /opt/airflow/dags/preprocess_data_dag.py for tasks to queue
[2024-05-08T08:43:53.470+0000] {logging_mixin.py:188} INFO - [2024-05-08T08:43:53.470+0000] {dagbag.py:545} INFO - Filling up the DagBag from /opt/airflow/dags/preprocess_data_dag.py
[2024-05-08T08:43:53.518+0000] {processor.py:840} INFO - DAG(s) 'preprocess_data_dag' retrieved from /opt/airflow/dags/preprocess_data_dag.py
[2024-05-08T08:43:53.561+0000] {logging_mixin.py:188} INFO - [2024-05-08T08:43:53.561+0000] {dag.py:3096} INFO - Sync 1 DAGs
[2024-05-08T08:43:53.583+0000] {logging_mixin.py:188} INFO - [2024-05-08T08:43:53.583+0000] {dag.py:3954} INFO - Setting next_dagrun for preprocess_data_dag to None, run_after=None
[2024-05-08T08:43:53.688+0000] {processor.py:183} INFO - Processing /opt/airflow/dags/preprocess_data_dag.py took 0.238 seconds
[2024-05-08T08:44:24.390+0000] {processor.py:161} INFO - Started process (PID=740) to work on /opt/airflow/dags/preprocess_data_dag.py
[2024-05-08T08:44:24.395+0000] {processor.py:830} INFO - Processing file /opt/airflow/dags/preprocess_data_dag.py for tasks to queue
[2024-05-08T08:44:24.401+0000] {logging_mixin.py:188} INFO - [2024-05-08T08:44:24.399+0000] {dagbag.py:545} INFO - Filling up the DagBag from /opt/airflow/dags/preprocess_data_dag.py
[2024-05-08T08:44:24.510+0000] {processor.py:840} INFO - DAG(s) 'preprocess_data_dag' retrieved from /opt/airflow/dags/preprocess_data_dag.py
[2024-05-08T08:44:24.645+0000] {logging_mixin.py:188} INFO - [2024-05-08T08:44:24.644+0000] {dag.py:3096} INFO - Sync 1 DAGs
[2024-05-08T08:44:24.747+0000] {logging_mixin.py:188} INFO - [2024-05-08T08:44:24.745+0000] {dag.py:3954} INFO - Setting next_dagrun for preprocess_data_dag to None, run_after=None
[2024-05-08T08:44:25.094+0000] {processor.py:183} INFO - Processing /opt/airflow/dags/preprocess_data_dag.py took 0.745 seconds
[2024-05-08T08:44:55.592+0000] {processor.py:161} INFO - Started process (PID=743) to work on /opt/airflow/dags/preprocess_data_dag.py
[2024-05-08T08:44:55.595+0000] {processor.py:830} INFO - Processing file /opt/airflow/dags/preprocess_data_dag.py for tasks to queue
[2024-05-08T08:44:55.597+0000] {logging_mixin.py:188} INFO - [2024-05-08T08:44:55.596+0000] {dagbag.py:545} INFO - Filling up the DagBag from /opt/airflow/dags/preprocess_data_dag.py
[2024-05-08T08:44:55.696+0000] {processor.py:840} INFO - DAG(s) 'preprocess_data_dag' retrieved from /opt/airflow/dags/preprocess_data_dag.py
[2024-05-08T08:44:55.889+0000] {logging_mixin.py:188} INFO - [2024-05-08T08:44:55.889+0000] {dag.py:3096} INFO - Sync 1 DAGs
[2024-05-08T08:44:55.938+0000] {logging_mixin.py:188} INFO - [2024-05-08T08:44:55.937+0000] {dag.py:3954} INFO - Setting next_dagrun for preprocess_data_dag to None, run_after=None
[2024-05-08T08:44:56.098+0000] {processor.py:183} INFO - Processing /opt/airflow/dags/preprocess_data_dag.py took 0.526 seconds
[2024-05-08T08:45:50.695+0000] {processor.py:161} INFO - Started process (PID=764) to work on /opt/airflow/dags/preprocess_data_dag.py
[2024-05-08T08:45:50.697+0000] {processor.py:830} INFO - Processing file /opt/airflow/dags/preprocess_data_dag.py for tasks to queue
[2024-05-08T08:45:50.700+0000] {logging_mixin.py:188} INFO - [2024-05-08T08:45:50.699+0000] {dagbag.py:545} INFO - Filling up the DagBag from /opt/airflow/dags/preprocess_data_dag.py
[2024-05-08T08:45:50.752+0000] {processor.py:840} INFO - DAG(s) 'preprocess_data_dag' retrieved from /opt/airflow/dags/preprocess_data_dag.py
[2024-05-08T08:45:50.795+0000] {logging_mixin.py:188} INFO - [2024-05-08T08:45:50.794+0000] {dag.py:3096} INFO - Sync 1 DAGs
[2024-05-08T08:45:50.824+0000] {logging_mixin.py:188} INFO - [2024-05-08T08:45:50.823+0000] {dag.py:3954} INFO - Setting next_dagrun for preprocess_data_dag to None, run_after=None
[2024-05-08T08:45:51.107+0000] {processor.py:183} INFO - Processing /opt/airflow/dags/preprocess_data_dag.py took 0.426 seconds
[2024-05-08T08:47:18.367+0000] {processor.py:161} INFO - Started process (PID=812) to work on /opt/airflow/dags/preprocess_data_dag.py
[2024-05-08T08:47:18.371+0000] {processor.py:830} INFO - Processing file /opt/airflow/dags/preprocess_data_dag.py for tasks to queue
[2024-05-08T08:47:18.375+0000] {logging_mixin.py:188} INFO - [2024-05-08T08:47:18.374+0000] {dagbag.py:545} INFO - Filling up the DagBag from /opt/airflow/dags/preprocess_data_dag.py
[2024-05-08T08:47:18.441+0000] {processor.py:840} INFO - DAG(s) 'preprocess_data_dag' retrieved from /opt/airflow/dags/preprocess_data_dag.py
[2024-05-08T08:47:18.555+0000] {logging_mixin.py:188} INFO - [2024-05-08T08:47:18.553+0000] {dag.py:3096} INFO - Sync 1 DAGs
[2024-05-08T08:47:18.622+0000] {logging_mixin.py:188} INFO - [2024-05-08T08:47:18.621+0000] {dag.py:3954} INFO - Setting next_dagrun for preprocess_data_dag to None, run_after=None
[2024-05-08T08:47:18.880+0000] {processor.py:183} INFO - Processing /opt/airflow/dags/preprocess_data_dag.py took 0.536 seconds
[2024-05-08T08:47:55.090+0000] {processor.py:161} INFO - Started process (PID=832) to work on /opt/airflow/dags/preprocess_data_dag.py
[2024-05-08T08:47:55.095+0000] {processor.py:830} INFO - Processing file /opt/airflow/dags/preprocess_data_dag.py for tasks to queue
[2024-05-08T08:47:55.103+0000] {logging_mixin.py:188} INFO - [2024-05-08T08:47:55.101+0000] {dagbag.py:545} INFO - Filling up the DagBag from /opt/airflow/dags/preprocess_data_dag.py
[2024-05-08T08:47:55.244+0000] {processor.py:840} INFO - DAG(s) 'preprocess_data_dag' retrieved from /opt/airflow/dags/preprocess_data_dag.py
[2024-05-08T08:47:55.388+0000] {logging_mixin.py:188} INFO - [2024-05-08T08:47:55.386+0000] {dag.py:3096} INFO - Sync 1 DAGs
[2024-05-08T08:47:55.459+0000] {logging_mixin.py:188} INFO - [2024-05-08T08:47:55.457+0000] {dag.py:3954} INFO - Setting next_dagrun for preprocess_data_dag to None, run_after=None
[2024-05-08T08:47:55.730+0000] {processor.py:183} INFO - Processing /opt/airflow/dags/preprocess_data_dag.py took 0.671 seconds
[2024-05-08T08:48:36.113+0000] {processor.py:161} INFO - Started process (PID=853) to work on /opt/airflow/dags/preprocess_data_dag.py
[2024-05-08T08:48:36.115+0000] {processor.py:830} INFO - Processing file /opt/airflow/dags/preprocess_data_dag.py for tasks to queue
[2024-05-08T08:48:36.118+0000] {logging_mixin.py:188} INFO - [2024-05-08T08:48:36.117+0000] {dagbag.py:545} INFO - Filling up the DagBag from /opt/airflow/dags/preprocess_data_dag.py
[2024-05-08T08:48:36.206+0000] {processor.py:840} INFO - DAG(s) 'preprocess_data_dag' retrieved from /opt/airflow/dags/preprocess_data_dag.py
[2024-05-08T08:48:36.305+0000] {logging_mixin.py:188} INFO - [2024-05-08T08:48:36.304+0000] {dag.py:3096} INFO - Sync 1 DAGs
[2024-05-08T08:48:36.406+0000] {logging_mixin.py:188} INFO - [2024-05-08T08:48:36.404+0000] {dag.py:3954} INFO - Setting next_dagrun for preprocess_data_dag to None, run_after=None
[2024-05-08T08:48:36.626+0000] {processor.py:183} INFO - Processing /opt/airflow/dags/preprocess_data_dag.py took 0.533 seconds
[2024-05-08T08:49:08.035+0000] {processor.py:161} INFO - Started process (PID=856) to work on /opt/airflow/dags/preprocess_data_dag.py
[2024-05-08T08:49:08.041+0000] {processor.py:830} INFO - Processing file /opt/airflow/dags/preprocess_data_dag.py for tasks to queue
[2024-05-08T08:49:08.047+0000] {logging_mixin.py:188} INFO - [2024-05-08T08:49:08.045+0000] {dagbag.py:545} INFO - Filling up the DagBag from /opt/airflow/dags/preprocess_data_dag.py
[2024-05-08T08:49:08.196+0000] {processor.py:840} INFO - DAG(s) 'preprocess_data_dag' retrieved from /opt/airflow/dags/preprocess_data_dag.py
[2024-05-08T08:49:08.362+0000] {logging_mixin.py:188} INFO - [2024-05-08T08:49:08.361+0000] {dag.py:3096} INFO - Sync 1 DAGs
[2024-05-08T08:49:08.480+0000] {logging_mixin.py:188} INFO - [2024-05-08T08:49:08.479+0000] {dag.py:3954} INFO - Setting next_dagrun for preprocess_data_dag to None, run_after=None
[2024-05-08T08:49:08.608+0000] {processor.py:183} INFO - Processing /opt/airflow/dags/preprocess_data_dag.py took 0.610 seconds
[2024-05-08T08:49:39.672+0000] {processor.py:161} INFO - Started process (PID=859) to work on /opt/airflow/dags/preprocess_data_dag.py
[2024-05-08T08:49:39.676+0000] {processor.py:830} INFO - Processing file /opt/airflow/dags/preprocess_data_dag.py for tasks to queue
[2024-05-08T08:49:39.682+0000] {logging_mixin.py:188} INFO - [2024-05-08T08:49:39.680+0000] {dagbag.py:545} INFO - Filling up the DagBag from /opt/airflow/dags/preprocess_data_dag.py
[2024-05-08T08:49:39.826+0000] {processor.py:840} INFO - DAG(s) 'preprocess_data_dag' retrieved from /opt/airflow/dags/preprocess_data_dag.py
[2024-05-08T08:49:39.961+0000] {logging_mixin.py:188} INFO - [2024-05-08T08:49:39.959+0000] {dag.py:3096} INFO - Sync 1 DAGs
[2024-05-08T08:49:40.046+0000] {logging_mixin.py:188} INFO - [2024-05-08T08:49:40.045+0000] {dag.py:3954} INFO - Setting next_dagrun for preprocess_data_dag to None, run_after=None
[2024-05-08T08:49:40.348+0000] {processor.py:183} INFO - Processing /opt/airflow/dags/preprocess_data_dag.py took 0.712 seconds
[2024-05-08T08:50:11.733+0000] {processor.py:161} INFO - Started process (PID=862) to work on /opt/airflow/dags/preprocess_data_dag.py
[2024-05-08T08:50:11.738+0000] {processor.py:830} INFO - Processing file /opt/airflow/dags/preprocess_data_dag.py for tasks to queue
[2024-05-08T08:50:11.746+0000] {logging_mixin.py:188} INFO - [2024-05-08T08:50:11.743+0000] {dagbag.py:545} INFO - Filling up the DagBag from /opt/airflow/dags/preprocess_data_dag.py
[2024-05-08T08:50:11.892+0000] {processor.py:840} INFO - DAG(s) 'preprocess_data_dag' retrieved from /opt/airflow/dags/preprocess_data_dag.py
[2024-05-08T08:50:12.050+0000] {logging_mixin.py:188} INFO - [2024-05-08T08:50:12.049+0000] {dag.py:3096} INFO - Sync 1 DAGs
[2024-05-08T08:50:12.135+0000] {logging_mixin.py:188} INFO - [2024-05-08T08:50:12.133+0000] {dag.py:3954} INFO - Setting next_dagrun for preprocess_data_dag to None, run_after=None
[2024-05-08T08:50:12.427+0000] {processor.py:183} INFO - Processing /opt/airflow/dags/preprocess_data_dag.py took 0.724 seconds
[2024-05-08T08:50:42.853+0000] {processor.py:161} INFO - Started process (PID=865) to work on /opt/airflow/dags/preprocess_data_dag.py
[2024-05-08T08:50:42.859+0000] {processor.py:830} INFO - Processing file /opt/airflow/dags/preprocess_data_dag.py for tasks to queue
[2024-05-08T08:50:42.870+0000] {logging_mixin.py:188} INFO - [2024-05-08T08:50:42.866+0000] {dagbag.py:545} INFO - Filling up the DagBag from /opt/airflow/dags/preprocess_data_dag.py
[2024-05-08T08:50:43.019+0000] {processor.py:840} INFO - DAG(s) 'preprocess_data_dag' retrieved from /opt/airflow/dags/preprocess_data_dag.py
[2024-05-08T08:50:43.166+0000] {logging_mixin.py:188} INFO - [2024-05-08T08:50:43.165+0000] {dag.py:3096} INFO - Sync 1 DAGs
[2024-05-08T08:50:43.250+0000] {logging_mixin.py:188} INFO - [2024-05-08T08:50:43.249+0000] {dag.py:3954} INFO - Setting next_dagrun for preprocess_data_dag to None, run_after=None
[2024-05-08T08:50:43.544+0000] {processor.py:183} INFO - Processing /opt/airflow/dags/preprocess_data_dag.py took 0.727 seconds
[2024-05-08T08:51:13.792+0000] {processor.py:161} INFO - Started process (PID=868) to work on /opt/airflow/dags/preprocess_data_dag.py
[2024-05-08T08:51:13.798+0000] {processor.py:830} INFO - Processing file /opt/airflow/dags/preprocess_data_dag.py for tasks to queue
[2024-05-08T08:51:13.805+0000] {logging_mixin.py:188} INFO - [2024-05-08T08:51:13.803+0000] {dagbag.py:545} INFO - Filling up the DagBag from /opt/airflow/dags/preprocess_data_dag.py
[2024-05-08T08:51:13.976+0000] {processor.py:840} INFO - DAG(s) 'preprocess_data_dag' retrieved from /opt/airflow/dags/preprocess_data_dag.py
[2024-05-08T08:51:14.129+0000] {logging_mixin.py:188} INFO - [2024-05-08T08:51:14.128+0000] {dag.py:3096} INFO - Sync 1 DAGs
[2024-05-08T08:51:14.208+0000] {logging_mixin.py:188} INFO - [2024-05-08T08:51:14.207+0000] {dag.py:3954} INFO - Setting next_dagrun for preprocess_data_dag to None, run_after=None
[2024-05-08T08:51:14.536+0000] {processor.py:183} INFO - Processing /opt/airflow/dags/preprocess_data_dag.py took 0.780 seconds
[2024-05-08T08:51:44.906+0000] {processor.py:161} INFO - Started process (PID=871) to work on /opt/airflow/dags/preprocess_data_dag.py
[2024-05-08T08:51:44.911+0000] {processor.py:830} INFO - Processing file /opt/airflow/dags/preprocess_data_dag.py for tasks to queue
[2024-05-08T08:51:44.917+0000] {logging_mixin.py:188} INFO - [2024-05-08T08:51:44.915+0000] {dagbag.py:545} INFO - Filling up the DagBag from /opt/airflow/dags/preprocess_data_dag.py
[2024-05-08T08:51:45.067+0000] {processor.py:840} INFO - DAG(s) 'preprocess_data_dag' retrieved from /opt/airflow/dags/preprocess_data_dag.py
[2024-05-08T08:51:45.209+0000] {logging_mixin.py:188} INFO - [2024-05-08T08:51:45.207+0000] {dag.py:3096} INFO - Sync 1 DAGs
[2024-05-08T08:51:45.288+0000] {logging_mixin.py:188} INFO - [2024-05-08T08:51:45.287+0000] {dag.py:3954} INFO - Setting next_dagrun for preprocess_data_dag to None, run_after=None
[2024-05-08T08:51:45.615+0000] {processor.py:183} INFO - Processing /opt/airflow/dags/preprocess_data_dag.py took 0.745 seconds
[2024-05-08T08:52:17.000+0000] {processor.py:161} INFO - Started process (PID=874) to work on /opt/airflow/dags/preprocess_data_dag.py
[2024-05-08T08:52:17.005+0000] {processor.py:830} INFO - Processing file /opt/airflow/dags/preprocess_data_dag.py for tasks to queue
[2024-05-08T08:52:17.013+0000] {logging_mixin.py:188} INFO - [2024-05-08T08:52:17.010+0000] {dagbag.py:545} INFO - Filling up the DagBag from /opt/airflow/dags/preprocess_data_dag.py
[2024-05-08T08:52:17.167+0000] {processor.py:840} INFO - DAG(s) 'preprocess_data_dag' retrieved from /opt/airflow/dags/preprocess_data_dag.py
[2024-05-08T08:52:17.302+0000] {logging_mixin.py:188} INFO - [2024-05-08T08:52:17.301+0000] {dag.py:3096} INFO - Sync 1 DAGs
[2024-05-08T08:52:17.383+0000] {logging_mixin.py:188} INFO - [2024-05-08T08:52:17.382+0000] {dag.py:3954} INFO - Setting next_dagrun for preprocess_data_dag to None, run_after=None
[2024-05-08T08:52:17.708+0000] {processor.py:183} INFO - Processing /opt/airflow/dags/preprocess_data_dag.py took 0.745 seconds
[2024-05-08T08:52:48.911+0000] {processor.py:161} INFO - Started process (PID=877) to work on /opt/airflow/dags/preprocess_data_dag.py
[2024-05-08T08:52:48.916+0000] {processor.py:830} INFO - Processing file /opt/airflow/dags/preprocess_data_dag.py for tasks to queue
[2024-05-08T08:52:48.924+0000] {logging_mixin.py:188} INFO - [2024-05-08T08:52:48.921+0000] {dagbag.py:545} INFO - Filling up the DagBag from /opt/airflow/dags/preprocess_data_dag.py
[2024-05-08T08:52:49.075+0000] {processor.py:840} INFO - DAG(s) 'preprocess_data_dag' retrieved from /opt/airflow/dags/preprocess_data_dag.py
[2024-05-08T08:52:49.135+0000] {logging_mixin.py:188} INFO - [2024-05-08T08:52:49.135+0000] {dag.py:3096} INFO - Sync 1 DAGs
[2024-05-08T08:52:49.181+0000] {logging_mixin.py:188} INFO - [2024-05-08T08:52:49.181+0000] {dag.py:3954} INFO - Setting next_dagrun for preprocess_data_dag to None, run_after=None
[2024-05-08T08:52:49.408+0000] {processor.py:183} INFO - Processing /opt/airflow/dags/preprocess_data_dag.py took 0.535 seconds
[2024-05-08T08:53:20.157+0000] {processor.py:161} INFO - Started process (PID=880) to work on /opt/airflow/dags/preprocess_data_dag.py
[2024-05-08T08:53:20.164+0000] {processor.py:830} INFO - Processing file /opt/airflow/dags/preprocess_data_dag.py for tasks to queue
[2024-05-08T08:53:20.172+0000] {logging_mixin.py:188} INFO - [2024-05-08T08:53:20.169+0000] {dagbag.py:545} INFO - Filling up the DagBag from /opt/airflow/dags/preprocess_data_dag.py
[2024-05-08T08:53:20.344+0000] {processor.py:840} INFO - DAG(s) 'preprocess_data_dag' retrieved from /opt/airflow/dags/preprocess_data_dag.py
[2024-05-08T08:53:20.480+0000] {logging_mixin.py:188} INFO - [2024-05-08T08:53:20.479+0000] {dag.py:3096} INFO - Sync 1 DAGs
[2024-05-08T08:53:20.570+0000] {logging_mixin.py:188} INFO - [2024-05-08T08:53:20.569+0000] {dag.py:3954} INFO - Setting next_dagrun for preprocess_data_dag to None, run_after=None
[2024-05-08T08:53:20.876+0000] {processor.py:183} INFO - Processing /opt/airflow/dags/preprocess_data_dag.py took 0.759 seconds
[2024-05-08T08:53:51.479+0000] {processor.py:161} INFO - Started process (PID=883) to work on /opt/airflow/dags/preprocess_data_dag.py
[2024-05-08T08:53:51.483+0000] {processor.py:830} INFO - Processing file /opt/airflow/dags/preprocess_data_dag.py for tasks to queue
[2024-05-08T08:53:51.487+0000] {logging_mixin.py:188} INFO - [2024-05-08T08:53:51.486+0000] {dagbag.py:545} INFO - Filling up the DagBag from /opt/airflow/dags/preprocess_data_dag.py
[2024-05-08T08:53:51.575+0000] {processor.py:840} INFO - DAG(s) 'preprocess_data_dag' retrieved from /opt/airflow/dags/preprocess_data_dag.py
[2024-05-08T08:53:51.656+0000] {logging_mixin.py:188} INFO - [2024-05-08T08:53:51.655+0000] {dag.py:3096} INFO - Sync 1 DAGs
[2024-05-08T08:53:51.708+0000] {logging_mixin.py:188} INFO - [2024-05-08T08:53:51.707+0000] {dag.py:3954} INFO - Setting next_dagrun for preprocess_data_dag to None, run_after=None
[2024-05-08T08:53:51.907+0000] {processor.py:183} INFO - Processing /opt/airflow/dags/preprocess_data_dag.py took 0.451 seconds
[2024-05-08T08:54:22.224+0000] {processor.py:161} INFO - Started process (PID=886) to work on /opt/airflow/dags/preprocess_data_dag.py
[2024-05-08T08:54:22.229+0000] {processor.py:830} INFO - Processing file /opt/airflow/dags/preprocess_data_dag.py for tasks to queue
[2024-05-08T08:54:22.236+0000] {logging_mixin.py:188} INFO - [2024-05-08T08:54:22.233+0000] {dagbag.py:545} INFO - Filling up the DagBag from /opt/airflow/dags/preprocess_data_dag.py
[2024-05-08T08:54:22.373+0000] {processor.py:840} INFO - DAG(s) 'preprocess_data_dag' retrieved from /opt/airflow/dags/preprocess_data_dag.py
[2024-05-08T08:54:22.455+0000] {logging_mixin.py:188} INFO - [2024-05-08T08:54:22.454+0000] {dag.py:3096} INFO - Sync 1 DAGs
[2024-05-08T08:54:22.507+0000] {logging_mixin.py:188} INFO - [2024-05-08T08:54:22.506+0000] {dag.py:3954} INFO - Setting next_dagrun for preprocess_data_dag to None, run_after=None
[2024-05-08T08:54:22.743+0000] {processor.py:183} INFO - Processing /opt/airflow/dags/preprocess_data_dag.py took 0.559 seconds
[2024-05-08T08:54:54.181+0000] {processor.py:161} INFO - Started process (PID=889) to work on /opt/airflow/dags/preprocess_data_dag.py
[2024-05-08T08:54:54.184+0000] {processor.py:830} INFO - Processing file /opt/airflow/dags/preprocess_data_dag.py for tasks to queue
[2024-05-08T08:54:54.188+0000] {logging_mixin.py:188} INFO - [2024-05-08T08:54:54.186+0000] {dagbag.py:545} INFO - Filling up the DagBag from /opt/airflow/dags/preprocess_data_dag.py
[2024-05-08T08:54:54.255+0000] {processor.py:840} INFO - DAG(s) 'preprocess_data_dag' retrieved from /opt/airflow/dags/preprocess_data_dag.py
[2024-05-08T08:54:54.326+0000] {logging_mixin.py:188} INFO - [2024-05-08T08:54:54.325+0000] {dag.py:3096} INFO - Sync 1 DAGs
[2024-05-08T08:54:54.408+0000] {logging_mixin.py:188} INFO - [2024-05-08T08:54:54.408+0000] {dag.py:3954} INFO - Setting next_dagrun for preprocess_data_dag to None, run_after=None
[2024-05-08T08:54:54.550+0000] {processor.py:183} INFO - Processing /opt/airflow/dags/preprocess_data_dag.py took 0.385 seconds
[2024-05-08T08:55:25.788+0000] {processor.py:161} INFO - Started process (PID=892) to work on /opt/airflow/dags/preprocess_data_dag.py
[2024-05-08T08:55:25.795+0000] {processor.py:830} INFO - Processing file /opt/airflow/dags/preprocess_data_dag.py for tasks to queue
[2024-05-08T08:55:25.803+0000] {logging_mixin.py:188} INFO - [2024-05-08T08:55:25.800+0000] {dagbag.py:545} INFO - Filling up the DagBag from /opt/airflow/dags/preprocess_data_dag.py
[2024-05-08T08:55:25.985+0000] {processor.py:840} INFO - DAG(s) 'preprocess_data_dag' retrieved from /opt/airflow/dags/preprocess_data_dag.py
[2024-05-08T08:55:26.156+0000] {logging_mixin.py:188} INFO - [2024-05-08T08:55:26.155+0000] {dag.py:3096} INFO - Sync 1 DAGs
[2024-05-08T08:55:26.211+0000] {logging_mixin.py:188} INFO - [2024-05-08T08:55:26.211+0000] {dag.py:3954} INFO - Setting next_dagrun for preprocess_data_dag to None, run_after=None
[2024-05-08T08:55:26.467+0000] {processor.py:183} INFO - Processing /opt/airflow/dags/preprocess_data_dag.py took 0.723 seconds
[2024-05-08T08:55:57.196+0000] {processor.py:161} INFO - Started process (PID=895) to work on /opt/airflow/dags/preprocess_data_dag.py
[2024-05-08T08:55:57.201+0000] {processor.py:830} INFO - Processing file /opt/airflow/dags/preprocess_data_dag.py for tasks to queue
[2024-05-08T08:55:57.207+0000] {logging_mixin.py:188} INFO - [2024-05-08T08:55:57.205+0000] {dagbag.py:545} INFO - Filling up the DagBag from /opt/airflow/dags/preprocess_data_dag.py
[2024-05-08T08:55:57.356+0000] {processor.py:840} INFO - DAG(s) 'preprocess_data_dag' retrieved from /opt/airflow/dags/preprocess_data_dag.py
[2024-05-08T08:55:57.409+0000] {logging_mixin.py:188} INFO - [2024-05-08T08:55:57.408+0000] {dag.py:3096} INFO - Sync 1 DAGs
[2024-05-08T08:55:57.445+0000] {logging_mixin.py:188} INFO - [2024-05-08T08:55:57.445+0000] {dag.py:3954} INFO - Setting next_dagrun for preprocess_data_dag to None, run_after=None
[2024-05-08T08:55:57.701+0000] {processor.py:183} INFO - Processing /opt/airflow/dags/preprocess_data_dag.py took 0.540 seconds
[2024-05-08T08:56:28.715+0000] {processor.py:161} INFO - Started process (PID=898) to work on /opt/airflow/dags/preprocess_data_dag.py
[2024-05-08T08:56:28.720+0000] {processor.py:830} INFO - Processing file /opt/airflow/dags/preprocess_data_dag.py for tasks to queue
[2024-05-08T08:56:28.725+0000] {logging_mixin.py:188} INFO - [2024-05-08T08:56:28.723+0000] {dagbag.py:545} INFO - Filling up the DagBag from /opt/airflow/dags/preprocess_data_dag.py
[2024-05-08T08:56:28.875+0000] {processor.py:840} INFO - DAG(s) 'preprocess_data_dag' retrieved from /opt/airflow/dags/preprocess_data_dag.py
[2024-05-08T08:56:28.992+0000] {logging_mixin.py:188} INFO - [2024-05-08T08:56:28.991+0000] {dag.py:3096} INFO - Sync 1 DAGs
[2024-05-08T08:56:29.025+0000] {logging_mixin.py:188} INFO - [2024-05-08T08:56:29.024+0000] {dag.py:3954} INFO - Setting next_dagrun for preprocess_data_dag to None, run_after=None
[2024-05-08T08:56:29.163+0000] {processor.py:183} INFO - Processing /opt/airflow/dags/preprocess_data_dag.py took 0.483 seconds
[2024-05-08T08:57:00.141+0000] {processor.py:161} INFO - Started process (PID=901) to work on /opt/airflow/dags/preprocess_data_dag.py
[2024-05-08T08:57:00.144+0000] {processor.py:830} INFO - Processing file /opt/airflow/dags/preprocess_data_dag.py for tasks to queue
[2024-05-08T08:57:00.147+0000] {logging_mixin.py:188} INFO - [2024-05-08T08:57:00.146+0000] {dagbag.py:545} INFO - Filling up the DagBag from /opt/airflow/dags/preprocess_data_dag.py
[2024-05-08T08:57:00.214+0000] {processor.py:840} INFO - DAG(s) 'preprocess_data_dag' retrieved from /opt/airflow/dags/preprocess_data_dag.py
[2024-05-08T08:57:00.287+0000] {logging_mixin.py:188} INFO - [2024-05-08T08:57:00.286+0000] {dag.py:3096} INFO - Sync 1 DAGs
[2024-05-08T08:57:00.348+0000] {logging_mixin.py:188} INFO - [2024-05-08T08:57:00.347+0000] {dag.py:3954} INFO - Setting next_dagrun for preprocess_data_dag to None, run_after=None
[2024-05-08T08:57:00.561+0000] {processor.py:183} INFO - Processing /opt/airflow/dags/preprocess_data_dag.py took 0.445 seconds
[2024-05-08T08:57:30.933+0000] {processor.py:161} INFO - Started process (PID=904) to work on /opt/airflow/dags/preprocess_data_dag.py
[2024-05-08T08:57:30.937+0000] {processor.py:830} INFO - Processing file /opt/airflow/dags/preprocess_data_dag.py for tasks to queue
[2024-05-08T08:57:30.942+0000] {logging_mixin.py:188} INFO - [2024-05-08T08:57:30.941+0000] {dagbag.py:545} INFO - Filling up the DagBag from /opt/airflow/dags/preprocess_data_dag.py
[2024-05-08T08:57:30.977+0000] {processor.py:840} INFO - DAG(s) 'preprocess_data_dag' retrieved from /opt/airflow/dags/preprocess_data_dag.py
[2024-05-08T08:57:31.035+0000] {logging_mixin.py:188} INFO - [2024-05-08T08:57:31.035+0000] {dag.py:3096} INFO - Sync 1 DAGs
[2024-05-08T08:57:31.058+0000] {logging_mixin.py:188} INFO - [2024-05-08T08:57:31.056+0000] {dag.py:3954} INFO - Setting next_dagrun for preprocess_data_dag to None, run_after=None
[2024-05-08T08:57:31.163+0000] {processor.py:183} INFO - Processing /opt/airflow/dags/preprocess_data_dag.py took 0.238 seconds
