[2024-05-08T09:47:51.664+0000] {local_task_job_runner.py:120} INFO - ::group::Pre task execution logs
[2024-05-08T09:47:51.729+0000] {taskinstance.py:2076} INFO - Dependencies all met for dep_context=non-requeueable deps ti=<TaskInstance: check_food_served_dag.check_food_served manual__2024-05-08T09:42:40.316704+00:00 [queued]>
[2024-05-08T09:47:51.762+0000] {taskinstance.py:2076} INFO - Dependencies all met for dep_context=requeueable deps ti=<TaskInstance: check_food_served_dag.check_food_served manual__2024-05-08T09:42:40.316704+00:00 [queued]>
[2024-05-08T09:47:51.764+0000] {taskinstance.py:2306} INFO - Starting attempt 2 of 2
[2024-05-08T09:47:51.805+0000] {taskinstance.py:2330} INFO - Executing <Task(PythonOperator): check_food_served> on 2024-05-08 09:42:40.316704+00:00
[2024-05-08T09:47:51.808+0000] {standard_task_runner.py:63} INFO - Started process 1627 to run task
[2024-05-08T09:47:51.811+0000] {standard_task_runner.py:90} INFO - Running: ['airflow', 'tasks', 'run', 'check_food_served_dag', 'check_food_served', 'manual__2024-05-08T09:42:40.316704+00:00', '--job-id', '33', '--raw', '--subdir', 'DAGS_FOLDER/check_food_served_dag.py', '--cfg-path', '/tmp/tmpd1wd2cbl']
[2024-05-08T09:47:51.813+0000] {standard_task_runner.py:91} INFO - Job 33: Subtask check_food_served
[2024-05-08T09:47:51.927+0000] {task_command.py:426} INFO - Running <TaskInstance: check_food_served_dag.check_food_served manual__2024-05-08T09:42:40.316704+00:00 [running]> on host 7d2239535ea7
[2024-05-08T09:47:52.106+0000] {taskinstance.py:2648} INFO - Exporting env vars: AIRFLOW_CTX_DAG_OWNER='airflow' AIRFLOW_CTX_DAG_ID='check_food_served_dag' AIRFLOW_CTX_TASK_ID='check_food_served' AIRFLOW_CTX_EXECUTION_DATE='2024-05-08T09:42:40.316704+00:00' AIRFLOW_CTX_TRY_NUMBER='2' AIRFLOW_CTX_DAG_RUN_ID='manual__2024-05-08T09:42:40.316704+00:00'
[2024-05-08T09:47:52.107+0000] {taskinstance.py:430} INFO - ::endgroup::
[2024-05-08T09:47:52.122+0000] {taskinstance.py:441} INFO - ::group::Post task execution logs
[2024-05-08T09:47:52.123+0000] {taskinstance.py:2905} ERROR - Task failed with exception
Traceback (most recent call last):
  File "/home/airflow/.local/lib/python3.12/site-packages/airflow/models/taskinstance.py", line 465, in _execute_task
    result = _execute_callable(context=context, **execute_callable_kwargs)
             ^^^^^^^^^^^^^^^^^^^^^^^^^^^^^^^^^^^^^^^^^^^^^^^^^^^^^^^^^^^^^
  File "/home/airflow/.local/lib/python3.12/site-packages/airflow/models/taskinstance.py", line 432, in _execute_callable
    return execute_callable(context=context, **execute_callable_kwargs)
           ^^^^^^^^^^^^^^^^^^^^^^^^^^^^^^^^^^^^^^^^^^^^^^^^^^^^^^^^^^^^
  File "/home/airflow/.local/lib/python3.12/site-packages/airflow/models/baseoperator.py", line 400, in wrapper
    return func(self, *args, **kwargs)
           ^^^^^^^^^^^^^^^^^^^^^^^^^^^
  File "/home/airflow/.local/lib/python3.12/site-packages/airflow/operators/python.py", line 235, in execute
    return_value = self.execute_callable()
                   ^^^^^^^^^^^^^^^^^^^^^^^
  File "/home/airflow/.local/lib/python3.12/site-packages/airflow/operators/python.py", line 252, in execute_callable
    return self.python_callable(*self.op_args, **self.op_kwargs)
           ^^^^^^^^^^^^^^^^^^^^^^^^^^^^^^^^^^^^^^^^^^^^^^^^^^^^^
  File "/opt/airflow/dags/check_food_served_dag.py", line 40, in check_food_served
    raise Exception(f"{guest} didn't receive their meal!")
Exception: Guest3 didn't receive their meal!
[2024-05-08T09:47:52.149+0000] {taskinstance.py:1206} INFO - Marking task as FAILED. dag_id=check_food_served_dag, task_id=check_food_served, run_id=manual__2024-05-08T09:42:40.316704+00:00, execution_date=20240508T094240, start_date=20240508T094751, end_date=20240508T094752
[2024-05-08T09:47:52.192+0000] {standard_task_runner.py:110} ERROR - Failed to execute job 33 for task check_food_served (Guest3 didn't receive their meal!; 1627)
[2024-05-08T09:47:52.226+0000] {local_task_job_runner.py:240} INFO - Task exited with return code 1
[2024-05-08T09:47:52.256+0000] {taskinstance.py:3498} INFO - 0 downstream tasks scheduled from follow-on schedule check
[2024-05-08T09:47:52.260+0000] {local_task_job_runner.py:222} INFO - ::endgroup::
