[2024-05-08T09:42:46.948+0000] {local_task_job_runner.py:120} INFO - ::group::Pre task execution logs
[2024-05-08T09:42:46.997+0000] {taskinstance.py:2076} INFO - Dependencies all met for dep_context=non-requeueable deps ti=<TaskInstance: check_food_served_dag.check_food_served manual__2024-05-08T09:42:40.316704+00:00 [queued]>
[2024-05-08T09:42:47.018+0000] {taskinstance.py:2076} INFO - Dependencies all met for dep_context=requeueable deps ti=<TaskInstance: check_food_served_dag.check_food_served manual__2024-05-08T09:42:40.316704+00:00 [queued]>
[2024-05-08T09:42:47.019+0000] {taskinstance.py:2306} INFO - Starting attempt 1 of 2
[2024-05-08T09:42:47.073+0000] {taskinstance.py:2330} INFO - Executing <Task(PythonOperator): check_food_served> on 2024-05-08 09:42:40.316704+00:00
[2024-05-08T09:42:47.077+0000] {standard_task_runner.py:63} INFO - Started process 1539 to run task
[2024-05-08T09:42:47.079+0000] {standard_task_runner.py:90} INFO - Running: ['airflow', 'tasks', 'run', 'check_food_served_dag', 'check_food_served', 'manual__2024-05-08T09:42:40.316704+00:00', '--job-id', '31', '--raw', '--subdir', 'DAGS_FOLDER/check_food_served_dag.py', '--cfg-path', '/tmp/tmptw4qvuvq']
[2024-05-08T09:42:47.081+0000] {standard_task_runner.py:91} INFO - Job 31: Subtask check_food_served
[2024-05-08T09:42:47.207+0000] {task_command.py:426} INFO - Running <TaskInstance: check_food_served_dag.check_food_served manual__2024-05-08T09:42:40.316704+00:00 [running]> on host 7d2239535ea7
[2024-05-08T09:42:47.447+0000] {taskinstance.py:2648} INFO - Exporting env vars: AIRFLOW_CTX_DAG_OWNER='airflow' AIRFLOW_CTX_DAG_ID='check_food_served_dag' AIRFLOW_CTX_TASK_ID='check_food_served' AIRFLOW_CTX_EXECUTION_DATE='2024-05-08T09:42:40.316704+00:00' AIRFLOW_CTX_TRY_NUMBER='1' AIRFLOW_CTX_DAG_RUN_ID='manual__2024-05-08T09:42:40.316704+00:00'
[2024-05-08T09:42:47.448+0000] {taskinstance.py:430} INFO - ::endgroup::
[2024-05-08T09:42:47.469+0000] {taskinstance.py:441} INFO - ::group::Post task execution logs
[2024-05-08T09:42:47.470+0000] {taskinstance.py:2905} ERROR - Task failed with exception
Traceback (most recent call last):
  File "/home/airflow/.local/lib/python3.12/site-packages/airflow/models/taskinstance.py", line 465, in _execute_task
    result = _execute_callable(context=context, **execute_callable_kwargs)
             ^^^^^^^^^^^^^^^^^^^^^^^^^^^^^^^^^^^^^^^^^^^^^^^^^^^^^^^^^^^^^
  File "/home/airflow/.local/lib/python3.12/site-packages/airflow/models/taskinstance.py", line 432, in _execute_callable
    return execute_callable(context=context, **execute_callable_kwargs)
           ^^^^^^^^^^^^^^^^^^^^^^^^^^^^^^^^^^^^^^^^^^^^^^^^^^^^^^^^^^^^
  File "/home/airflow/.local/lib/python3.12/site-packages/airflow/models/baseoperator.py", line 400, in wrapper
    return func(self, *args, **kwargs)
           ^^^^^^^^^^^^^^^^^^^^^^^^^^^
  File "/home/airflow/.local/lib/python3.12/site-packages/airflow/operators/python.py", line 235, in execute
    return_value = self.execute_callable()
                   ^^^^^^^^^^^^^^^^^^^^^^^
  File "/home/airflow/.local/lib/python3.12/site-packages/airflow/operators/python.py", line 252, in execute_callable
    return self.python_callable(*self.op_args, **self.op_kwargs)
           ^^^^^^^^^^^^^^^^^^^^^^^^^^^^^^^^^^^^^^^^^^^^^^^^^^^^^
  File "/opt/airflow/dags/check_food_served_dag.py", line 40, in check_food_served
    raise Exception(f"{guest} didn't receive their meal!")
Exception: Guest3 didn't receive their meal!
[2024-05-08T09:42:47.495+0000] {taskinstance.py:1206} INFO - Marking task as UP_FOR_RETRY. dag_id=check_food_served_dag, task_id=check_food_served, run_id=manual__2024-05-08T09:42:40.316704+00:00, execution_date=20240508T094240, start_date=20240508T094246, end_date=20240508T094247
[2024-05-08T09:42:47.544+0000] {standard_task_runner.py:110} ERROR - Failed to execute job 31 for task check_food_served (Guest3 didn't receive their meal!; 1539)
[2024-05-08T09:42:47.574+0000] {local_task_job_runner.py:240} INFO - Task exited with return code 1
[2024-05-08T09:42:47.606+0000] {taskinstance.py:3498} INFO - 0 downstream tasks scheduled from follow-on schedule check
[2024-05-08T09:42:47.609+0000] {local_task_job_runner.py:222} INFO - ::endgroup::
