[2024-05-08T09:39:05.296+0000] {local_task_job_runner.py:120} INFO - ::group::Pre task execution logs
[2024-05-08T09:39:05.347+0000] {taskinstance.py:2076} INFO - Dependencies all met for dep_context=non-requeueable deps ti=<TaskInstance: example_failed_dag.check_condition manual__2024-05-08T09:38:58.757019+00:00 [queued]>
[2024-05-08T09:39:05.371+0000] {taskinstance.py:2076} INFO - Dependencies all met for dep_context=requeueable deps ti=<TaskInstance: example_failed_dag.check_condition manual__2024-05-08T09:38:58.757019+00:00 [queued]>
[2024-05-08T09:39:05.372+0000] {taskinstance.py:2306} INFO - Starting attempt 1 of 2
[2024-05-08T09:39:05.415+0000] {taskinstance.py:2330} INFO - Executing <Task(PythonOperator): check_condition> on 2024-05-08 09:38:58.757019+00:00
[2024-05-08T09:39:05.419+0000] {standard_task_runner.py:63} INFO - Started process 1481 to run task
[2024-05-08T09:39:05.421+0000] {standard_task_runner.py:90} INFO - Running: ['airflow', 'tasks', 'run', 'example_failed_dag', 'check_condition', 'manual__2024-05-08T09:38:58.757019+00:00', '--job-id', '30', '--raw', '--subdir', 'DAGS_FOLDER/file.py', '--cfg-path', '/tmp/tmp2lsx64g8']
[2024-05-08T09:39:05.423+0000] {standard_task_runner.py:91} INFO - Job 30: Subtask check_condition
[2024-05-08T09:39:05.526+0000] {task_command.py:426} INFO - Running <TaskInstance: example_failed_dag.check_condition manual__2024-05-08T09:38:58.757019+00:00 [running]> on host 7d2239535ea7
[2024-05-08T09:39:05.729+0000] {taskinstance.py:2648} INFO - Exporting env vars: AIRFLOW_CTX_DAG_OWNER='airflow' AIRFLOW_CTX_DAG_ID='example_failed_dag' AIRFLOW_CTX_TASK_ID='check_condition' AIRFLOW_CTX_EXECUTION_DATE='2024-05-08T09:38:58.757019+00:00' AIRFLOW_CTX_TRY_NUMBER='1' AIRFLOW_CTX_DAG_RUN_ID='manual__2024-05-08T09:38:58.757019+00:00'
[2024-05-08T09:39:05.730+0000] {taskinstance.py:430} INFO - ::endgroup::
[2024-05-08T09:39:05.765+0000] {taskinstance.py:441} INFO - ::group::Post task execution logs
[2024-05-08T09:39:05.767+0000] {taskinstance.py:2905} ERROR - Task failed with exception
Traceback (most recent call last):
  File "/home/airflow/.local/lib/python3.12/site-packages/airflow/models/taskinstance.py", line 465, in _execute_task
    result = _execute_callable(context=context, **execute_callable_kwargs)
             ^^^^^^^^^^^^^^^^^^^^^^^^^^^^^^^^^^^^^^^^^^^^^^^^^^^^^^^^^^^^^
  File "/home/airflow/.local/lib/python3.12/site-packages/airflow/models/taskinstance.py", line 432, in _execute_callable
    return execute_callable(context=context, **execute_callable_kwargs)
           ^^^^^^^^^^^^^^^^^^^^^^^^^^^^^^^^^^^^^^^^^^^^^^^^^^^^^^^^^^^^
  File "/home/airflow/.local/lib/python3.12/site-packages/airflow/models/baseoperator.py", line 400, in wrapper
    return func(self, *args, **kwargs)
           ^^^^^^^^^^^^^^^^^^^^^^^^^^^
  File "/home/airflow/.local/lib/python3.12/site-packages/airflow/operators/python.py", line 235, in execute
    return_value = self.execute_callable()
                   ^^^^^^^^^^^^^^^^^^^^^^^
  File "/home/airflow/.local/lib/python3.12/site-packages/airflow/operators/python.py", line 252, in execute_callable
    return self.python_callable(*self.op_args, **self.op_kwargs)
           ^^^^^^^^^^^^^^^^^^^^^^^^^^^^^^^^^^^^^^^^^^^^^^^^^^^^^
  File "/opt/airflow/dags/file.py", line 12, in check_condition
    raise Exception("Condition is False, DAG failed.")
Exception: Condition is False, DAG failed.
[2024-05-08T09:39:05.806+0000] {taskinstance.py:1206} INFO - Marking task as UP_FOR_RETRY. dag_id=example_failed_dag, task_id=check_condition, run_id=manual__2024-05-08T09:38:58.757019+00:00, execution_date=20240508T093858, start_date=20240508T093905, end_date=20240508T093905
[2024-05-08T09:39:05.859+0000] {standard_task_runner.py:110} ERROR - Failed to execute job 30 for task check_condition (Condition is False, DAG failed.; 1481)
[2024-05-08T09:39:05.877+0000] {local_task_job_runner.py:240} INFO - Task exited with return code 1
[2024-05-08T09:39:05.909+0000] {taskinstance.py:3498} INFO - 0 downstream tasks scheduled from follow-on schedule check
[2024-05-08T09:39:05.912+0000] {local_task_job_runner.py:222} INFO - ::endgroup::
