[2024-05-08T09:44:10.016+0000] {local_task_job_runner.py:120} INFO - ::group::Pre task execution logs
[2024-05-08T09:44:10.063+0000] {taskinstance.py:2076} INFO - Dependencies all met for dep_context=non-requeueable deps ti=<TaskInstance: example_failed_dag.check_condition manual__2024-05-08T09:38:58.757019+00:00 [queued]>
[2024-05-08T09:44:10.084+0000] {taskinstance.py:2076} INFO - Dependencies all met for dep_context=requeueable deps ti=<TaskInstance: example_failed_dag.check_condition manual__2024-05-08T09:38:58.757019+00:00 [queued]>
[2024-05-08T09:44:10.085+0000] {taskinstance.py:2306} INFO - Starting attempt 2 of 2
[2024-05-08T09:44:10.131+0000] {taskinstance.py:2330} INFO - Executing <Task(PythonOperator): check_condition> on 2024-05-08 09:38:58.757019+00:00
[2024-05-08T09:44:10.135+0000] {standard_task_runner.py:63} INFO - Started process 1569 to run task
[2024-05-08T09:44:10.138+0000] {standard_task_runner.py:90} INFO - Running: ['airflow', 'tasks', 'run', 'example_failed_dag', 'check_condition', 'manual__2024-05-08T09:38:58.757019+00:00', '--job-id', '32', '--raw', '--subdir', 'DAGS_FOLDER/file.py', '--cfg-path', '/tmp/tmpveiubtqp']
[2024-05-08T09:44:10.140+0000] {standard_task_runner.py:91} INFO - Job 32: Subtask check_condition
[2024-05-08T09:44:10.247+0000] {task_command.py:426} INFO - Running <TaskInstance: example_failed_dag.check_condition manual__2024-05-08T09:38:58.757019+00:00 [running]> on host 7d2239535ea7
[2024-05-08T09:44:10.419+0000] {taskinstance.py:2648} INFO - Exporting env vars: AIRFLOW_CTX_DAG_OWNER='airflow' AIRFLOW_CTX_DAG_ID='example_failed_dag' AIRFLOW_CTX_TASK_ID='check_condition' AIRFLOW_CTX_EXECUTION_DATE='2024-05-08T09:38:58.757019+00:00' AIRFLOW_CTX_TRY_NUMBER='2' AIRFLOW_CTX_DAG_RUN_ID='manual__2024-05-08T09:38:58.757019+00:00'
[2024-05-08T09:44:10.420+0000] {taskinstance.py:430} INFO - ::endgroup::
[2024-05-08T09:44:10.440+0000] {taskinstance.py:441} INFO - ::group::Post task execution logs
[2024-05-08T09:44:10.441+0000] {taskinstance.py:2905} ERROR - Task failed with exception
Traceback (most recent call last):
  File "/home/airflow/.local/lib/python3.12/site-packages/airflow/models/taskinstance.py", line 465, in _execute_task
    result = _execute_callable(context=context, **execute_callable_kwargs)
             ^^^^^^^^^^^^^^^^^^^^^^^^^^^^^^^^^^^^^^^^^^^^^^^^^^^^^^^^^^^^^
  File "/home/airflow/.local/lib/python3.12/site-packages/airflow/models/taskinstance.py", line 432, in _execute_callable
    return execute_callable(context=context, **execute_callable_kwargs)
           ^^^^^^^^^^^^^^^^^^^^^^^^^^^^^^^^^^^^^^^^^^^^^^^^^^^^^^^^^^^^
  File "/home/airflow/.local/lib/python3.12/site-packages/airflow/models/baseoperator.py", line 400, in wrapper
    return func(self, *args, **kwargs)
           ^^^^^^^^^^^^^^^^^^^^^^^^^^^
  File "/home/airflow/.local/lib/python3.12/site-packages/airflow/operators/python.py", line 235, in execute
    return_value = self.execute_callable()
                   ^^^^^^^^^^^^^^^^^^^^^^^
  File "/home/airflow/.local/lib/python3.12/site-packages/airflow/operators/python.py", line 252, in execute_callable
    return self.python_callable(*self.op_args, **self.op_kwargs)
           ^^^^^^^^^^^^^^^^^^^^^^^^^^^^^^^^^^^^^^^^^^^^^^^^^^^^^
  File "/opt/airflow/dags/file.py", line 12, in check_condition
    raise Exception("Condition is False, DAG failed.")
Exception: Condition is False, DAG failed.
[2024-05-08T09:44:10.465+0000] {taskinstance.py:1206} INFO - Marking task as FAILED. dag_id=example_failed_dag, task_id=check_condition, run_id=manual__2024-05-08T09:38:58.757019+00:00, execution_date=20240508T093858, start_date=20240508T094410, end_date=20240508T094410
[2024-05-08T09:44:10.501+0000] {standard_task_runner.py:110} ERROR - Failed to execute job 32 for task check_condition (Condition is False, DAG failed.; 1569)
[2024-05-08T09:44:10.512+0000] {local_task_job_runner.py:240} INFO - Task exited with return code 1
[2024-05-08T09:44:10.541+0000] {taskinstance.py:3498} INFO - 0 downstream tasks scheduled from follow-on schedule check
[2024-05-08T09:44:10.544+0000] {local_task_job_runner.py:222} INFO - ::endgroup::
